#
# A fatal error has been detected by the Java Runtime Environment:
#
#  SIGSEGV (0xb) at pc=0x00007f9f60214f83, pid=306879, tid=306915
#
# JRE version: OpenJDK Runtime Environment (17.0.7+7) (build 17.0.7+7-Ubuntu-0ubuntu122.04.2)
# Java VM: OpenJDK 64-Bit Server VM (17.0.7+7-Ubuntu-0ubuntu122.04.2, mixed mode, sharing, tiered, compressed oops, compressed class ptrs, g1 gc, linux-amd64)
# Problematic frame:
# V  [libjvm.so+0x614f83]  DebugInformationRecorder::create_scope_values(GrowableArray<ScopeValue*>*)+0x23
#
# Core dump will be written. Default location: Core dumps may be processed with "/usr/share/apport/apport -p%p -s%s -c%c -d%d -P%P -u%u -g%g -- %E" (or dumping to /home/lecasseur/git/pstl-aboubacar-shuhan/core.306879)
#
# If you would like to submit a bug report, please visit:
#   Unknown
#

---------------  S U M M A R Y ------------

Command Line: -Dclassworlds.conf=/usr/share/maven/bin/m2.conf -Dmaven.home=/usr/share/maven -Dlibrary.jansi.path=/usr/share/maven/lib/jansi-native -Dmaven.multiModuleProjectDirectory=/home/lecasseur/git/pstl-aboubacar-shuhan org.codehaus.plexus.classworlds.launcher.Launcher clean install

Host: Intel(R) Core(TM) i7-10510U CPU @ 1.80GHz, 8 cores, 15G, Ubuntu 22.04.2 LTS
Time: Wed May 24 00:31:16 2023 CEST elapsed time: 0.748965 seconds (0d 0h 0m 0s)

---------------  T H R E A D  ---------------

Current thread (0x00007f9f5818bf20):  JavaThread "C1 CompilerThread0" daemon [_thread_in_native, id=306915, stack(0x00007f9f39700000,0x00007f9f39800000)]


Current CompileTask:
C1:    749 1962       3       org.eclipse.sisu.bean.BeanPropertyField::getType (11 bytes)

Stack: [0x00007f9f39700000,0x00007f9f39800000],  sp=0x00007f9f397fe1e0,  free space=1016k
Native frames: (J=compiled Java code, j=interpreted, Vv=VM code, C=native code)
V  [libjvm.so+0x614f83]  DebugInformationRecorder::create_scope_values(GrowableArray<ScopeValue*>*)+0x23
V  [libjvm.so+0x4901cc]  CodeEmitInfo::record_debug_info(DebugInformationRecorder*, int)+0x51c
V  [libjvm.so+0x49ee95]  LIR_Assembler::add_call_info(int, CodeEmitInfo*)+0x45
V  [libjvm.so+0x4692cb]  CounterOverflowStub::emit_code(LIR_Assembler*)+0xab
V  [libjvm.so+0x49ebab]  LIR_Assembler::emit_slow_case_stubs()+0x4b
V  [libjvm.so+0x46d55c]  Compilation::emit_code_body()+0x17c
V  [libjvm.so+0x46d94c]  Compilation::compile_java_method()+0x32c
V  [libjvm.so+0x46db42]  Compilation::compile_method()+0x112
V  [libjvm.so+0x46df08]  Compilation::Compilation(AbstractCompiler*, ciEnv*, ciMethod*, int, BufferBlob*, bool, DirectiveSet*)+0x208
V  [libjvm.so+0x46ea61]  Compiler::compile_method(ciEnv*, ciMethod*, int, bool, DirectiveSet*)+0xb1
V  [libjvm.so+0x5e458d]  CompileBroker::invoke_compiler_on_method(CompileTask*)+0xd3d
V  [libjvm.so+0x5e51e0]  CompileBroker::compiler_thread_loop()+0x500
V  [libjvm.so+0xed100e]  JavaThread::thread_main_inner()+0xce
V  [libjvm.so+0xed4694]  Thread::call_run()+0xc4
V  [libjvm.so+0xc2f0d9]  thread_native_entry(Thread*)+0xe9


siginfo: si_signo: 11 (SIGSEGV), si_code: 1 (SEGV_MAPERR), si_addr: 0x0000080000000000

Register to memory mapping:

RAX=0x0 is NULL
RBX=0x00007f9f04072f40 points into unknown readable memory: 0x00007f9f0411ce60 | 60 ce 11 04 9f 7f 00 00
RCX=0x00007f9eec03c6a0 points into unknown readable memory: 0x01050100000001ff | ff 01 00 00 00 01 05 01
RDX=0x00007f9eec03c680 points into unknown readable memory: 0x00007f9eec03c6a0 | a0 c6 03 ec 9e 7f 00 00
RSP=0x00007f9f397fe1e0 is pointing into the stack for thread: 0x00007f9f5818bf20
RBP=0x00007f9f397fe220 is pointing into the stack for thread: 0x00007f9f5818bf20
RSI=0x0000080000000000 is an unknown value
RDI=0x00007f9f5818c600 points into unknown readable memory: 0x00007f9eec03f820 | 20 f8 03 ec 9e 7f 00 00
R8 =0x0 is NULL
R9 =0x0 is NULL
R10=0x0 is NULL
R11=0x0000000000003f13 is an unknown value
R12=0x00007f9f5818c600 points into unknown readable memory: 0x00007f9eec03f820 | 20 f8 03 ec 9e 7f 00 00
R13=0x000000000000120e is an unknown value
R14=0x00007f9f397fe280 is pointing into the stack for thread: 0x00007f9f5818bf20
R15=0x0000080000000000 is an unknown value


Registers:
RAX=0x0000000000000000, RBX=0x00007f9f04072f40, RCX=0x00007f9eec03c6a0, RDX=0x00007f9eec03c680
RSP=0x00007f9f397fe1e0, RBP=0x00007f9f397fe220, RSI=0x0000080000000000, RDI=0x00007f9f5818c600
R8 =0x0000000000000000, R9 =0x0000000000000000, R10=0x0000000000000000, R11=0x0000000000003f13
R12=0x00007f9f5818c600, R13=0x000000000000120e, R14=0x00007f9f397fe280, R15=0x0000080000000000
RIP=0x00007f9f60214f83, EFLAGS=0x0000000000010202, CSGSFS=0x002b000000000033, ERR=0x0000000000000004
  TRAPNO=0x000000000000000e

Top of Stack: (sp=0x00007f9f397fe1e0)
0x00007f9f397fe1e0:   0000000000000000 0000000000000000
0x00007f9f397fe1f0:   0000000000000000 00007f9f04072f40
0x00007f9f397fe200:   00007f9f5818c600 000000000000120e
0x00007f9f397fe210:   00007f9f397fe280 00007f9f04072ee0 

Instructions: (pc=0x00007f9f60214f83)
0x00007f9f60214e83:   5e 41 5f 5d c3 0f 1f 84 00 00 00 00 00 49 63 d5
0x00007f9f60214e93:   31 f6 eb 2a 66 0f 1f 84 00 00 00 00 00 49 8b 06
0x00007f9f60214ea3:   8d 7a 01 83 c6 01 41 89 7e 08 88 1c 10 81 f9 bf
0x00007f9f60214eb3:   00 00 00 76 58 83 fe 04 74 53 49 63 56 08 8d 81
0x00007f9f60214ec3:   40 ff ff ff 89 c1 83 e0 3f c1 e9 06 8d 98 c0 00
0x00007f9f60214ed3:   00 00 41 39 56 0c 7f c5 4c 89 f7 89 75 c8 89 4d
0x00007f9f60214ee3:   cc e8 e7 68 fe ff 8b 75 c8 49 63 46 08 49 8b 16
0x00007f9f60214ef3:   8b 4d cc 83 c6 01 8d 78 01 83 fe 04 41 89 7e 08
0x00007f9f60214f03:   88 1c 02 74 08 81 f9 bf 00 00 00 77 ad 49 63 46
0x00007f9f60214f13:   08 89 cb 41 3b 46 0c 7c 10 0f 1f 40 00 4c 89 f7
0x00007f9f60214f23:   e8 a8 68 fe ff 49 63 46 08 49 8b 16 8d 48 01 41
0x00007f9f60214f33:   89 4e 08 88 1c 02 e9 f7 fe ff ff 66 90 48 83 c4
0x00007f9f60214f43:   18 49 63 c5 5b 41 5c 41 5d 41 5e 41 5f 5d c3 66
0x00007f9f60214f53:   0f 1f 44 00 00 31 c0 c3 90 0f 1f 40 00 f3 0f 1e
0x00007f9f60214f63:   fa 48 85 f6 0f 84 8b 01 00 00 55 31 c0 48 89 e5
0x00007f9f60214f73:   41 57 49 89 f7 41 56 41 55 41 54 53 48 83 ec 18
0x00007f9f60214f83:   8b 16 85 d2 75 17 48 83 c4 18 5b 41 5c 41 5d 41
0x00007f9f60214f93:   5e 41 5f 5d c3 0f 1f 84 00 00 00 00 00 4c 8b 77
0x00007f9f60214fa3:   10 49 89 fc 89 d1 45 8b 6e 08 41 8b 46 0c 81 fa
0x00007f9f60214fb3:   bf 00 00 00 77 77 89 d3 41 39 c5 0f 8d fc 00 00
0x00007f9f60214fc3:   00 41 8d 45 01 49 8b 0e 41 89 46 08 49 63 c5 88
0x00007f9f60214fd3:   14 01 41 8b 07 31 db 85 c0 7e 1e 66 90 49 8b 47
0x00007f9f60214fe3:   08 49 8b 74 24 10 48 8b 3c d8 48 83 c3 01 48 8b
0x00007f9f60214ff3:   07 ff 50 48 41 39 1f 7f e4 44 89 ee 4c 89 e7 e8
0x00007f9f60215003:   f9 ee ff ff 85 c0 0f 84 d1 00 00 00 49 8b 54 24
0x00007f9f60215013:   10 48 98 44 89 6a 08 48 83 c4 18 5b 41 5c 41 5d
0x00007f9f60215023:   41 5e 41 5f 5d c3 0f 1f 80 00 00 00 00 49 63 d5
0x00007f9f60215033:   31 f6 eb 2a 66 0f 1f 84 00 00 00 00 00 49 8b 06
0x00007f9f60215043:   8d 7a 01 83 c6 01 41 89 7e 08 88 1c 10 81 f9 bf
0x00007f9f60215053:   00 00 00 76 58 83 fe 04 74 53 49 63 56 08 8d 81
0x00007f9f60215063:   40 ff ff ff 89 c1 83 e0 3f c1 e9 06 8d 98 c0 00
0x00007f9f60215073:   00 00 41 39 56 0c 7f c5 4c 89 f7 89 75 c8 89 4d 


Stack slot to memory mapping:
stack at sp + 0 slots: 0x0 is NULL
stack at sp + 1 slots: 0x0 is NULL
stack at sp + 2 slots: 0x0 is NULL
stack at sp + 3 slots: 0x00007f9f04072f40 points into unknown readable memory: 0x00007f9f0411ce60 | 60 ce 11 04 9f 7f 00 00
stack at sp + 4 slots: 0x00007f9f5818c600 points into unknown readable memory: 0x00007f9eec03f820 | 20 f8 03 ec 9e 7f 00 00
stack at sp + 5 slots: 0x000000000000120e is an unknown value
stack at sp + 6 slots: 0x00007f9f397fe280 is pointing into the stack for thread: 0x00007f9f5818bf20
stack at sp + 7 slots: 0x00007f9f04072ee0 points into unknown readable memory: 0x00007f9f0411c4a0 | a0 c4 11 04 9f 7f 00 00


---------------  P R O C E S S  ---------------

Threads class SMR info:
_java_thread_list=0x00007f9ef8133ed0, length=13, elements={
0x00007f9f58014430, 0x00007f9f58175ee0, 0x00007f9f581772c0, 0x00007f9f58186880,
0x00007f9f58187c30, 0x00007f9f58189040, 0x00007f9f5818a9f0, 0x00007f9f5818bf20,
0x00007f9f58195380, 0x00007f9f5819c980, 0x00007f9f581a04b0, 0x00007f9ef8141110,
0x00007f9ef8132ea0
}

Java Threads: ( => current thread )
  0x00007f9f58014430 JavaThread "main" [_thread_in_Java, id=306902, stack(0x00007f9f5f700000,0x00007f9f5f800000)]
  0x00007f9f58175ee0 JavaThread "Reference Handler" daemon [_thread_blocked, id=306909, stack(0x00007f9f5c63c000,0x00007f9f5c73c000)]
  0x00007f9f581772c0 JavaThread "Finalizer" daemon [_thread_blocked, id=306910, stack(0x00007f9f5c53c000,0x00007f9f5c63c000)]
  0x00007f9f58186880 JavaThread "Signal Dispatcher" daemon [_thread_blocked, id=306911, stack(0x00007f9f5c170000,0x00007f9f5c270000)]
  0x00007f9f58187c30 JavaThread "Service Thread" daemon [_thread_blocked, id=306912, stack(0x00007f9f5c070000,0x00007f9f5c170000)]
  0x00007f9f58189040 JavaThread "Monitor Deflation Thread" daemon [_thread_blocked, id=306913, stack(0x00007f9f57f00000,0x00007f9f58000000)]
  0x00007f9f5818a9f0 JavaThread "C2 CompilerThread0" daemon [_thread_blocked, id=306914, stack(0x00007f9f39800000,0x00007f9f39900000)]
=>0x00007f9f5818bf20 JavaThread "C1 CompilerThread0" daemon [_thread_in_native, id=306915, stack(0x00007f9f39700000,0x00007f9f39800000)]
  0x00007f9f58195380 JavaThread "Sweeper thread" daemon [_thread_blocked, id=306916, stack(0x00007f9f39600000,0x00007f9f39700000)]
  0x00007f9f5819c980 JavaThread "Notification Thread" daemon [_thread_blocked, id=306917, stack(0x00007f9f39500000,0x00007f9f39600000)]
  0x00007f9f581a04b0 JavaThread "Common-Cleaner" daemon [_thread_blocked, id=306919, stack(0x00007f9f392fe000,0x00007f9f393fe000)]
  0x00007f9ef8141110 JavaThread "C2 CompilerThread1" daemon [_thread_in_native, id=306920, stack(0x00007f9f391fe000,0x00007f9f392fe000)]
  0x00007f9ef8132ea0 JavaThread "C2 CompilerThread2" daemon [_thread_in_native, id=306921, stack(0x00007f9f390fe000,0x00007f9f391fe000)]

Other Threads:
  0x00007f9f58171f60 VMThread "VM Thread" [stack: 0x00007f9f5c73e000,0x00007f9f5c83e000] [id=306908]
  0x00007f9f5819e2c0 WatcherThread [stack: 0x00007f9f39400000,0x00007f9f39500000] [id=306918]
  0x00007f9f5807eb00 GCTaskThread "GC Thread#0" [stack: 0x00007f9f5d5fd000,0x00007f9f5d6fd000] [id=306903]
  0x00007f9f18005ec0 GCTaskThread "GC Thread#1" [stack: 0x00007f9f38ffe000,0x00007f9f390fe000] [id=306922]
  0x00007f9f180068f0 GCTaskThread "GC Thread#2" [stack: 0x00007f9f38efc000,0x00007f9f38ffc000] [id=306923]
  0x00007f9f18007320 GCTaskThread "GC Thread#3" [stack: 0x00007f9f38dfa000,0x00007f9f38efa000] [id=306924]
  0x00007f9f18007d50 GCTaskThread "GC Thread#4" [stack: 0x00007f9f38cf8000,0x00007f9f38df8000] [id=306925]
  0x00007f9f18008780 GCTaskThread "GC Thread#5" [stack: 0x00007f9f38bf6000,0x00007f9f38cf6000] [id=306926]
  0x00007f9f1800f330 GCTaskThread "GC Thread#6" [stack: 0x00007f9f38af4000,0x00007f9f38bf4000] [id=306927]
  0x00007f9f5808f700 ConcurrentGCThread "G1 Main Marker" [stack: 0x00007f9f5d4fb000,0x00007f9f5d5fb000] [id=306904]
  0x00007f9f58090660 ConcurrentGCThread "G1 Conc#0" [stack: 0x00007f9f5d3f9000,0x00007f9f5d4f9000] [id=306905]
  0x00007f9f58142d50 ConcurrentGCThread "G1 Refine#0" [stack: 0x00007f9f5caef000,0x00007f9f5cbef000] [id=306906]
  0x00007f9f58143c40 ConcurrentGCThread "G1 Service" [stack: 0x00007f9f5c9ed000,0x00007f9f5caed000] [id=306907]

Threads with active compile tasks:
C1 CompilerThread0      756 1962       3       org.eclipse.sisu.bean.BeanPropertyField::getType (11 bytes)
C2 CompilerThread1      756 1927       4       sun.util.locale.BaseLocale::getInstance (149 bytes)
C2 CompilerThread2      756 1899   !   4       java.net.URL::<init> (543 bytes)

VM state: not at safepoint (normal execution)

VM Mutex/Monitor currently owned by a thread: None

Heap address: 0x000000070a000000, size: 3936 MB, Compressed Oops mode: Zero based, Oop shift amount: 3

CDS archive(s) mapped at: [0x0000000800000000-0x0000000800be2000-0x0000000800be2000), size 12460032, SharedBaseAddress: 0x0000000800000000, ArchiveRelocationMode: 0.
Compressed class space mapped at: 0x0000000801000000-0x0000000841000000, reserved size: 1073741824
Narrow klass base: 0x0000000800000000, Narrow klass shift: 0, Narrow klass range: 0x100000000

GC Precious Log:
 CPUs: 8 total, 8 available
 Memory: 15741M
 Large Page Support: Disabled
 NUMA Support: Disabled
 Compressed Oops: Enabled (Zero based)
 Heap Region Size: 2M
 Heap Min Capacity: 8M
 Heap Initial Capacity: 246M
 Heap Max Capacity: 3936M
 Pre-touch: Disabled
 Parallel Workers: 8
 Concurrent Workers: 2
 Concurrent Refinement Workers: 8
 Periodic GC: Disabled

Heap:
 garbage-first heap   total 256000K, used 9141K [0x000000070a000000, 0x0000000800000000)
  region size 2048K, 4 young (8192K), 2 survivors (4096K)
 Metaspace       used 11669K, committed 11840K, reserved 1114112K
  class space    used 1411K, committed 1472K, reserved 1048576K

Heap Regions: E=young(eden), S=young(survivor), O=old, HS=humongous(starts), HC=humongous(continues), CS=collection set, F=free, OA=open archive, CA=closed archive, TAMS=top-at-mark-start (previous, next)
|   0|0x000000070a000000, 0x000000070a200000, 0x000000070a200000|100%| O|  |TAMS 0x000000070a000000, 0x000000070a000000| Untracked 
|   1|0x000000070a200000, 0x000000070a2ae000, 0x000000070a400000| 33%| O|  |TAMS 0x000000070a200000, 0x000000070a200000| Untracked 
|   2|0x000000070a400000, 0x000000070a400000, 0x000000070a600000|  0%| F|  |TAMS 0x000000070a400000, 0x000000070a400000| Untracked 
|   3|0x000000070a600000, 0x000000070a600000, 0x000000070a800000|  0%| F|  |TAMS 0x000000070a600000, 0x000000070a600000| Untracked 
|   4|0x000000070a800000, 0x000000070a800000, 0x000000070aa00000|  0%| F|  |TAMS 0x000000070a800000, 0x000000070a800000| Untracked 
|   5|0x000000070aa00000, 0x000000070aa00000, 0x000000070ac00000|  0%| F|  |TAMS 0x000000070aa00000, 0x000000070aa00000| Untracked 
|   6|0x000000070ac00000, 0x000000070ac00000, 0x000000070ae00000|  0%| F|  |TAMS 0x000000070ac00000, 0x000000070ac00000| Untracked 
|   7|0x000000070ae00000, 0x000000070ae00000, 0x000000070b000000|  0%| F|  |TAMS 0x000000070ae00000, 0x000000070ae00000| Untracked 
|   8|0x000000070b000000, 0x000000070b000000, 0x000000070b200000|  0%| F|  |TAMS 0x000000070b000000, 0x000000070b000000| Untracked 
|   9|0x000000070b200000, 0x000000070b200000, 0x000000070b400000|  0%| F|  |TAMS 0x000000070b200000, 0x000000070b200000| Untracked 
|  10|0x000000070b400000, 0x000000070b400000, 0x000000070b600000|  0%| F|  |TAMS 0x000000070b400000, 0x000000070b400000| Untracked 
|  11|0x000000070b600000, 0x000000070b600000, 0x000000070b800000|  0%| F|  |TAMS 0x000000070b600000, 0x000000070b600000| Untracked 
|  12|0x000000070b800000, 0x000000070b800000, 0x000000070ba00000|  0%| F|  |TAMS 0x000000070b800000, 0x000000070b800000| Untracked 
|  13|0x000000070ba00000, 0x000000070ba00000, 0x000000070bc00000|  0%| F|  |TAMS 0x000000070ba00000, 0x000000070ba00000| Untracked 
|  14|0x000000070bc00000, 0x000000070bc00000, 0x000000070be00000|  0%| F|  |TAMS 0x000000070bc00000, 0x000000070bc00000| Untracked 
|  15|0x000000070be00000, 0x000000070be00000, 0x000000070c000000|  0%| F|  |TAMS 0x000000070be00000, 0x000000070be00000| Untracked 
|  16|0x000000070c000000, 0x000000070c000000, 0x000000070c200000|  0%| F|  |TAMS 0x000000070c000000, 0x000000070c000000| Untracked 
|  17|0x000000070c200000, 0x000000070c200000, 0x000000070c400000|  0%| F|  |TAMS 0x000000070c200000, 0x000000070c200000| Untracked 
|  18|0x000000070c400000, 0x000000070c400000, 0x000000070c600000|  0%| F|  |TAMS 0x000000070c400000, 0x000000070c400000| Untracked 
|  19|0x000000070c600000, 0x000000070c600000, 0x000000070c800000|  0%| F|  |TAMS 0x000000070c600000, 0x000000070c600000| Untracked 
|  20|0x000000070c800000, 0x000000070c800000, 0x000000070ca00000|  0%| F|  |TAMS 0x000000070c800000, 0x000000070c800000| Untracked 
|  21|0x000000070ca00000, 0x000000070ca00000, 0x000000070cc00000|  0%| F|  |TAMS 0x000000070ca00000, 0x000000070ca00000| Untracked 
|  22|0x000000070cc00000, 0x000000070cc00000, 0x000000070ce00000|  0%| F|  |TAMS 0x000000070cc00000, 0x000000070cc00000| Untracked 
|  23|0x000000070ce00000, 0x000000070ce00000, 0x000000070d000000|  0%| F|  |TAMS 0x000000070ce00000, 0x000000070ce00000| Untracked 
|  24|0x000000070d000000, 0x000000070d000000, 0x000000070d200000|  0%| F|  |TAMS 0x000000070d000000, 0x000000070d000000| Untracked 
|  25|0x000000070d200000, 0x000000070d200000, 0x000000070d400000|  0%| F|  |TAMS 0x000000070d200000, 0x000000070d200000| Untracked 
|  26|0x000000070d400000, 0x000000070d400000, 0x000000070d600000|  0%| F|  |TAMS 0x000000070d400000, 0x000000070d400000| Untracked 
|  27|0x000000070d600000, 0x000000070d600000, 0x000000070d800000|  0%| F|  |TAMS 0x000000070d600000, 0x000000070d600000| Untracked 
|  28|0x000000070d800000, 0x000000070d800000, 0x000000070da00000|  0%| F|  |TAMS 0x000000070d800000, 0x000000070d800000| Untracked 
|  29|0x000000070da00000, 0x000000070da00000, 0x000000070dc00000|  0%| F|  |TAMS 0x000000070da00000, 0x000000070da00000| Untracked 
|  30|0x000000070dc00000, 0x000000070dc00000, 0x000000070de00000|  0%| F|  |TAMS 0x000000070dc00000, 0x000000070dc00000| Untracked 
|  31|0x000000070de00000, 0x000000070de00000, 0x000000070e000000|  0%| F|  |TAMS 0x000000070de00000, 0x000000070de00000| Untracked 
|  32|0x000000070e000000, 0x000000070e000000, 0x000000070e200000|  0%| F|  |TAMS 0x000000070e000000, 0x000000070e000000| Untracked 
|  33|0x000000070e200000, 0x000000070e200000, 0x000000070e400000|  0%| F|  |TAMS 0x000000070e200000, 0x000000070e200000| Untracked 
|  34|0x000000070e400000, 0x000000070e400000, 0x000000070e600000|  0%| F|  |TAMS 0x000000070e400000, 0x000000070e400000| Untracked 
|  35|0x000000070e600000, 0x000000070e600000, 0x000000070e800000|  0%| F|  |TAMS 0x000000070e600000, 0x000000070e600000| Untracked 
|  36|0x000000070e800000, 0x000000070e800000, 0x000000070ea00000|  0%| F|  |TAMS 0x000000070e800000, 0x000000070e800000| Untracked 
|  37|0x000000070ea00000, 0x000000070ea00000, 0x000000070ec00000|  0%| F|  |TAMS 0x000000070ea00000, 0x000000070ea00000| Untracked 
|  38|0x000000070ec00000, 0x000000070ec00000, 0x000000070ee00000|  0%| F|  |TAMS 0x000000070ec00000, 0x000000070ec00000| Untracked 
|  39|0x000000070ee00000, 0x000000070ee00000, 0x000000070f000000|  0%| F|  |TAMS 0x000000070ee00000, 0x000000070ee00000| Untracked 
|  40|0x000000070f000000, 0x000000070f000000, 0x000000070f200000|  0%| F|  |TAMS 0x000000070f000000, 0x000000070f000000| Untracked 
|  41|0x000000070f200000, 0x000000070f200000, 0x000000070f400000|  0%| F|  |TAMS 0x000000070f200000, 0x000000070f200000| Untracked 
|  42|0x000000070f400000, 0x000000070f400000, 0x000000070f600000|  0%| F|  |TAMS 0x000000070f400000, 0x000000070f400000| Untracked 
|  43|0x000000070f600000, 0x000000070f600000, 0x000000070f800000|  0%| F|  |TAMS 0x000000070f600000, 0x000000070f600000| Untracked 
|  44|0x000000070f800000, 0x000000070f800000, 0x000000070fa00000|  0%| F|  |TAMS 0x000000070f800000, 0x000000070f800000| Untracked 
|  45|0x000000070fa00000, 0x000000070fa00000, 0x000000070fc00000|  0%| F|  |TAMS 0x000000070fa00000, 0x000000070fa00000| Untracked 
|  46|0x000000070fc00000, 0x000000070fc00000, 0x000000070fe00000|  0%| F|  |TAMS 0x000000070fc00000, 0x000000070fc00000| Untracked 
|  47|0x000000070fe00000, 0x000000070fe00000, 0x0000000710000000|  0%| F|  |TAMS 0x000000070fe00000, 0x000000070fe00000| Untracked 
|  48|0x0000000710000000, 0x0000000710000000, 0x0000000710200000|  0%| F|  |TAMS 0x0000000710000000, 0x0000000710000000| Untracked 
|  49|0x0000000710200000, 0x0000000710200000, 0x0000000710400000|  0%| F|  |TAMS 0x0000000710200000, 0x0000000710200000| Untracked 
|  50|0x0000000710400000, 0x0000000710400000, 0x0000000710600000|  0%| F|  |TAMS 0x0000000710400000, 0x0000000710400000| Untracked 
|  51|0x0000000710600000, 0x0000000710600000, 0x0000000710800000|  0%| F|  |TAMS 0x0000000710600000, 0x0000000710600000| Untracked 
|  52|0x0000000710800000, 0x0000000710800000, 0x0000000710a00000|  0%| F|  |TAMS 0x0000000710800000, 0x0000000710800000| Untracked 
|  53|0x0000000710a00000, 0x0000000710a00000, 0x0000000710c00000|  0%| F|  |TAMS 0x0000000710a00000, 0x0000000710a00000| Untracked 
|  54|0x0000000710c00000, 0x0000000710c00000, 0x0000000710e00000|  0%| F|  |TAMS 0x0000000710c00000, 0x0000000710c00000| Untracked 
|  55|0x0000000710e00000, 0x0000000710e00000, 0x0000000711000000|  0%| F|  |TAMS 0x0000000710e00000, 0x0000000710e00000| Untracked 
|  56|0x0000000711000000, 0x0000000711000000, 0x0000000711200000|  0%| F|  |TAMS 0x0000000711000000, 0x0000000711000000| Untracked 
|  57|0x0000000711200000, 0x0000000711200000, 0x0000000711400000|  0%| F|  |TAMS 0x0000000711200000, 0x0000000711200000| Untracked 
|  58|0x0000000711400000, 0x0000000711400000, 0x0000000711600000|  0%| F|  |TAMS 0x0000000711400000, 0x0000000711400000| Untracked 
|  59|0x0000000711600000, 0x0000000711600000, 0x0000000711800000|  0%| F|  |TAMS 0x0000000711600000, 0x0000000711600000| Untracked 
|  60|0x0000000711800000, 0x0000000711800000, 0x0000000711a00000|  0%| F|  |TAMS 0x0000000711800000, 0x0000000711800000| Untracked 
|  61|0x0000000711a00000, 0x0000000711a00000, 0x0000000711c00000|  0%| F|  |TAMS 0x0000000711a00000, 0x0000000711a00000| Untracked 
|  62|0x0000000711c00000, 0x0000000711c00000, 0x0000000711e00000|  0%| F|  |TAMS 0x0000000711c00000, 0x0000000711c00000| Untracked 
|  63|0x0000000711e00000, 0x0000000711e00000, 0x0000000712000000|  0%| F|  |TAMS 0x0000000711e00000, 0x0000000711e00000| Untracked 
|  64|0x0000000712000000, 0x0000000712000000, 0x0000000712200000|  0%| F|  |TAMS 0x0000000712000000, 0x0000000712000000| Untracked 
|  65|0x0000000712200000, 0x0000000712200000, 0x0000000712400000|  0%| F|  |TAMS 0x0000000712200000, 0x0000000712200000| Untracked 
|  66|0x0000000712400000, 0x0000000712400000, 0x0000000712600000|  0%| F|  |TAMS 0x0000000712400000, 0x0000000712400000| Untracked 
|  67|0x0000000712600000, 0x0000000712600000, 0x0000000712800000|  0%| F|  |TAMS 0x0000000712600000, 0x0000000712600000| Untracked 
|  68|0x0000000712800000, 0x0000000712800000, 0x0000000712a00000|  0%| F|  |TAMS 0x0000000712800000, 0x0000000712800000| Untracked 
|  69|0x0000000712a00000, 0x0000000712a00000, 0x0000000712c00000|  0%| F|  |TAMS 0x0000000712a00000, 0x0000000712a00000| Untracked 
|  70|0x0000000712c00000, 0x0000000712c00000, 0x0000000712e00000|  0%| F|  |TAMS 0x0000000712c00000, 0x0000000712c00000| Untracked 
|  71|0x0000000712e00000, 0x0000000712e00000, 0x0000000713000000|  0%| F|  |TAMS 0x0000000712e00000, 0x0000000712e00000| Untracked 
|  72|0x0000000713000000, 0x0000000713000000, 0x0000000713200000|  0%| F|  |TAMS 0x0000000713000000, 0x0000000713000000| Untracked 
|  73|0x0000000713200000, 0x0000000713200000, 0x0000000713400000|  0%| F|  |TAMS 0x0000000713200000, 0x0000000713200000| Untracked 
|  74|0x0000000713400000, 0x0000000713400000, 0x0000000713600000|  0%| F|  |TAMS 0x0000000713400000, 0x0000000713400000| Untracked 
|  75|0x0000000713600000, 0x0000000713600000, 0x0000000713800000|  0%| F|  |TAMS 0x0000000713600000, 0x0000000713600000| Untracked 
|  76|0x0000000713800000, 0x0000000713800000, 0x0000000713a00000|  0%| F|  |TAMS 0x0000000713800000, 0x0000000713800000| Untracked 
|  77|0x0000000713a00000, 0x0000000713a00000, 0x0000000713c00000|  0%| F|  |TAMS 0x0000000713a00000, 0x0000000713a00000| Untracked 
|  78|0x0000000713c00000, 0x0000000713c00000, 0x0000000713e00000|  0%| F|  |TAMS 0x0000000713c00000, 0x0000000713c00000| Untracked 
|  79|0x0000000713e00000, 0x0000000713e00000, 0x0000000714000000|  0%| F|  |TAMS 0x0000000713e00000, 0x0000000713e00000| Untracked 
|  80|0x0000000714000000, 0x0000000714000000, 0x0000000714200000|  0%| F|  |TAMS 0x0000000714000000, 0x0000000714000000| Untracked 
|  81|0x0000000714200000, 0x0000000714200000, 0x0000000714400000|  0%| F|  |TAMS 0x0000000714200000, 0x0000000714200000| Untracked 
|  82|0x0000000714400000, 0x0000000714400000, 0x0000000714600000|  0%| F|  |TAMS 0x0000000714400000, 0x0000000714400000| Untracked 
|  83|0x0000000714600000, 0x0000000714600000, 0x0000000714800000|  0%| F|  |TAMS 0x0000000714600000, 0x0000000714600000| Untracked 
|  84|0x0000000714800000, 0x0000000714800000, 0x0000000714a00000|  0%| F|  |TAMS 0x0000000714800000, 0x0000000714800000| Untracked 
|  85|0x0000000714a00000, 0x0000000714a00000, 0x0000000714c00000|  0%| F|  |TAMS 0x0000000714a00000, 0x0000000714a00000| Untracked 
|  86|0x0000000714c00000, 0x0000000714c00000, 0x0000000714e00000|  0%| F|  |TAMS 0x0000000714c00000, 0x0000000714c00000| Untracked 
|  87|0x0000000714e00000, 0x0000000714e00000, 0x0000000715000000|  0%| F|  |TAMS 0x0000000714e00000, 0x0000000714e00000| Untracked 
|  88|0x0000000715000000, 0x0000000715000000, 0x0000000715200000|  0%| F|  |TAMS 0x0000000715000000, 0x0000000715000000| Untracked 
|  89|0x0000000715200000, 0x0000000715200000, 0x0000000715400000|  0%| F|  |TAMS 0x0000000715200000, 0x0000000715200000| Untracked 
|  90|0x0000000715400000, 0x0000000715400000, 0x0000000715600000|  0%| F|  |TAMS 0x0000000715400000, 0x0000000715400000| Untracked 
|  91|0x0000000715600000, 0x0000000715600000, 0x0000000715800000|  0%| F|  |TAMS 0x0000000715600000, 0x0000000715600000| Untracked 
|  92|0x0000000715800000, 0x0000000715800000, 0x0000000715a00000|  0%| F|  |TAMS 0x0000000715800000, 0x0000000715800000| Untracked 
|  93|0x0000000715a00000, 0x0000000715a00000, 0x0000000715c00000|  0%| F|  |TAMS 0x0000000715a00000, 0x0000000715a00000| Untracked 
|  94|0x0000000715c00000, 0x0000000715c00000, 0x0000000715e00000|  0%| F|  |TAMS 0x0000000715c00000, 0x0000000715c00000| Untracked 
|  95|0x0000000715e00000, 0x0000000715e00000, 0x0000000716000000|  0%| F|  |TAMS 0x0000000715e00000, 0x0000000715e00000| Untracked 
|  96|0x0000000716000000, 0x0000000716000000, 0x0000000716200000|  0%| F|  |TAMS 0x0000000716000000, 0x0000000716000000| Untracked 
|  97|0x0000000716200000, 0x0000000716200000, 0x0000000716400000|  0%| F|  |TAMS 0x0000000716200000, 0x0000000716200000| Untracked 
|  98|0x0000000716400000, 0x0000000716400000, 0x0000000716600000|  0%| F|  |TAMS 0x0000000716400000, 0x0000000716400000| Untracked 
|  99|0x0000000716600000, 0x0000000716600000, 0x0000000716800000|  0%| F|  |TAMS 0x0000000716600000, 0x0000000716600000| Untracked 
| 100|0x0000000716800000, 0x0000000716800000, 0x0000000716a00000|  0%| F|  |TAMS 0x0000000716800000, 0x0000000716800000| Untracked 
| 101|0x0000000716a00000, 0x0000000716a00000, 0x0000000716c00000|  0%| F|  |TAMS 0x0000000716a00000, 0x0000000716a00000| Untracked 
| 102|0x0000000716c00000, 0x0000000716c00000, 0x0000000716e00000|  0%| F|  |TAMS 0x0000000716c00000, 0x0000000716c00000| Untracked 
| 103|0x0000000716e00000, 0x0000000716e00000, 0x0000000717000000|  0%| F|  |TAMS 0x0000000716e00000, 0x0000000716e00000| Untracked 
| 104|0x0000000717000000, 0x0000000717000000, 0x0000000717200000|  0%| F|  |TAMS 0x0000000717000000, 0x0000000717000000| Untracked 
| 105|0x0000000717200000, 0x0000000717247580, 0x0000000717400000| 13%| S|CS|TAMS 0x0000000717200000, 0x0000000717200000| Complete 
| 106|0x0000000717400000, 0x0000000717600000, 0x0000000717600000|100%| S|CS|TAMS 0x0000000717400000, 0x0000000717400000| Complete 
| 107|0x0000000717600000, 0x0000000717600000, 0x0000000717800000|  0%| F|  |TAMS 0x0000000717600000, 0x0000000717600000| Untracked 
| 108|0x0000000717800000, 0x0000000717800000, 0x0000000717a00000|  0%| F|  |TAMS 0x0000000717800000, 0x0000000717800000| Untracked 
| 109|0x0000000717a00000, 0x0000000717a00000, 0x0000000717c00000|  0%| F|  |TAMS 0x0000000717a00000, 0x0000000717a00000| Untracked 
| 110|0x0000000717c00000, 0x0000000717c00000, 0x0000000717e00000|  0%| F|  |TAMS 0x0000000717c00000, 0x0000000717c00000| Untracked 
| 111|0x0000000717e00000, 0x0000000717e00000, 0x0000000718000000|  0%| F|  |TAMS 0x0000000717e00000, 0x0000000717e00000| Untracked 
| 112|0x0000000718000000, 0x0000000718000000, 0x0000000718200000|  0%| F|  |TAMS 0x0000000718000000, 0x0000000718000000| Untracked 
| 113|0x0000000718200000, 0x0000000718200000, 0x0000000718400000|  0%| F|  |TAMS 0x0000000718200000, 0x0000000718200000| Untracked 
| 114|0x0000000718400000, 0x0000000718400000, 0x0000000718600000|  0%| F|  |TAMS 0x0000000718400000, 0x0000000718400000| Untracked 
| 115|0x0000000718600000, 0x0000000718600000, 0x0000000718800000|  0%| F|  |TAMS 0x0000000718600000, 0x0000000718600000| Untracked 
| 116|0x0000000718800000, 0x0000000718800000, 0x0000000718a00000|  0%| F|  |TAMS 0x0000000718800000, 0x0000000718800000| Untracked 
| 117|0x0000000718a00000, 0x0000000718a00000, 0x0000000718c00000|  0%| F|  |TAMS 0x0000000718a00000, 0x0000000718a00000| Untracked 
| 118|0x0000000718c00000, 0x0000000718c00000, 0x0000000718e00000|  0%| F|  |TAMS 0x0000000718c00000, 0x0000000718c00000| Untracked 
| 119|0x0000000718e00000, 0x0000000718e00000, 0x0000000719000000|  0%| F|  |TAMS 0x0000000718e00000, 0x0000000718e00000| Untracked 
| 120|0x0000000719000000, 0x0000000719000000, 0x0000000719200000|  0%| F|  |TAMS 0x0000000719000000, 0x0000000719000000| Untracked 
| 121|0x0000000719200000, 0x0000000719400000, 0x0000000719400000|100%| E|  |TAMS 0x0000000719200000, 0x0000000719200000| Complete 
| 122|0x0000000719400000, 0x0000000719600000, 0x0000000719600000|100%| E|CS|TAMS 0x0000000719400000, 0x0000000719400000| Complete 
|1966|0x00000007ffc00000, 0x00000007ffd76000, 0x00000007ffe00000| 73%|OA|  |TAMS 0x00000007ffc00000, 0x00000007ffc00000| Untracked 
|1967|0x00000007ffe00000, 0x00000007ffe82000, 0x0000000800000000| 25%|CA|  |TAMS 0x00000007ffe00000, 0x00000007ffe00000| Untracked 

Card table byte_map: [0x00007f9f5dead000,0x00007f9f5e65d000] _byte_map_base: 0x00007f9f5a65d000

Marking Bits (Prev, Next): (CMBitMap*) 0x00007f9f5807f580, (CMBitMap*) 0x00007f9f5807f5c0
 Prev Bits: [0x00007f9f3d680000, 0x00007f9f41400000)
 Next Bits: [0x00007f9f39900000, 0x00007f9f3d680000)

Polling page: 0x00007f9f6132c000

Metaspace:

Usage:
  Non-class:     10,03 MB used.
      Class:      1,38 MB used.
       Both:     11,41 MB used.

Virtual space:
  Non-class space:       64,00 MB reserved,      10,12 MB ( 16%) committed,  1 nodes.
      Class space:        1,00 GB reserved,       1,44 MB ( <1%) committed,  1 nodes.
             Both:        1,06 GB reserved,      11,56 MB (  1%) committed. 

Chunk freelists:
   Non-Class:  4,36 MB
       Class:  14,57 MB
        Both:  18,92 MB

MaxMetaspaceSize: unlimited
CompressedClassSpaceSize: 1,00 GB
Initial GC threshold: 21,00 MB
Current GC threshold: 21,00 MB
CDS: on
MetaspaceReclaimPolicy: balanced
 - commit_granule_bytes: 65536.
 - commit_granule_words: 8192.
 - virtual_space_node_default_size: 8388608.
 - enlarge_chunks_in_place: 1.
 - new_chunks_are_fully_committed: 0.
 - uncommit_free_chunks: 1.
 - use_allocation_guard: 0.
 - handle_deallocations: 1.


Internal statistics:

num_allocs_failed_limit: 0.
num_arena_births: 52.
num_arena_deaths: 0.
num_vsnodes_births: 2.
num_vsnodes_deaths: 0.
num_space_committed: 185.
num_space_uncommitted: 0.
num_chunks_returned_to_freelist: 0.
num_chunks_taken_from_freelist: 455.
num_chunk_merges: 0.
num_chunk_splits: 327.
num_chunks_enlarged: 259.
num_inconsistent_stats: 0.

CodeHeap 'non-profiled nmethods': size=120028Kb used=718Kb max_used=718Kb free=119309Kb
 bounds [0x00007f9f48ec9000, 0x00007f9f49139000, 0x00007f9f50400000]
CodeHeap 'profiled nmethods': size=120028Kb used=3741Kb max_used=3741Kb free=116286Kb
 bounds [0x00007f9f41400000, 0x00007f9f417b0000, 0x00007f9f48937000]
CodeHeap 'non-nmethods': size=5704Kb used=1157Kb max_used=1191Kb free=4546Kb
 bounds [0x00007f9f48937000, 0x00007f9f48ba7000, 0x00007f9f48ec9000]
 total_blobs=2406 nmethods=1963 adapters=356
 compilation: enabled
              stopped_count=0, restarted_count=0
 full_count=0

Compilation events (20 events):
Event: 0,737 Thread 0x00007f9f5818bf20 nmethod 1950 0x00007f9f417a3f10 code [0x00007f9f417a40c0, 0x00007f9f417a43b0]
Event: 0,743 Thread 0x00007f9f5818bf20 1953       3       java.util.regex.Pattern$BmpCharProperty::match (55 bytes)
Event: 0,743 Thread 0x00007f9f5818bf20 nmethod 1953 0x00007f9f417a4490 code [0x00007f9f417a4680, 0x00007f9f417a4b20]
Event: 0,743 Thread 0x00007f9f5818bf20 1954       3       java.util.regex.Pattern$$Lambda$19/0x800000025::is (9 bytes)
Event: 0,743 Thread 0x00007f9f5818bf20 nmethod 1954 0x00007f9f417a4c90 code [0x00007f9f417a4e40, 0x00007f9f417a5010]
Event: 0,743 Thread 0x00007f9f5818bf20 1957       3       java.lang.reflect.Modifier::isSynthetic (14 bytes)
Event: 0,743 Thread 0x00007f9f5818bf20 nmethod 1957 0x00007f9f417a5110 code [0x00007f9f417a52a0, 0x00007f9f417a53f0]
Event: 0,743 Thread 0x00007f9f5818bf20 1955       3       org.eclipse.sisu.space.NamedClass::load (14 bytes)
Event: 0,743 Thread 0x00007f9f5818bf20 nmethod 1955 0x00007f9f417a5490 code [0x00007f9f417a5640, 0x00007f9f417a5840]
Event: 0,743 Thread 0x00007f9f5818bf20 1956       3       java.lang.reflect.Constructor::setConstructorAccessor (21 bytes)
Event: 0,744 Thread 0x00007f9f5818bf20 nmethod 1956 0x00007f9f417a5990 code [0x00007f9f417a5b40, 0x00007f9f417a5e40]
Event: 0,744 Thread 0x00007f9f5818bf20 1958       3       com.google.inject.internal.Scoping$4::acceptVisitor (10 bytes)
Event: 0,744 Thread 0x00007f9f5818bf20 nmethod 1958 0x00007f9f417a5f10 code [0x00007f9f417a60c0, 0x00007f9f417a62a0]
Event: 0,744 Thread 0x00007f9f5818bf20 1959       3       org.eclipse.sisu.inject.Guice4::getDeclaringSource (30 bytes)
Event: 0,744 Thread 0x00007f9f5818bf20 nmethod 1959 0x00007f9f417a6390 code [0x00007f9f417a6560, 0x00007f9f417a69b0]
Event: 0,744 Thread 0x00007f9f5818bf20 1960       1       java.lang.reflect.AccessibleObject::isAccessible (5 bytes)
Event: 0,744 Thread 0x00007f9f5818bf20 nmethod 1960 0x00007f9f48f7ba90 code [0x00007f9f48f7bc20, 0x00007f9f48f7bcf0]
Event: 0,744 Thread 0x00007f9f5818bf20 1961       3       com.google.common.base.Preconditions::checkArgument (29 bytes)
Event: 0,745 Thread 0x00007f9f5818bf20 nmethod 1961 0x00007f9f417a6b10 code [0x00007f9f417a6ce0, 0x00007f9f417a72b0]
Event: 0,745 Thread 0x00007f9f5818bf20 1962       3       org.eclipse.sisu.bean.BeanPropertyField::getType (11 bytes)

GC Heap History (4 events):
Event: 0,332 GC heap before
{Heap before GC invocations=0 (full 0):
 garbage-first heap   total 256000K, used 24544K [0x000000070a000000, 0x0000000800000000)
  region size 2048K, 11 young (22528K), 0 survivors (0K)
 Metaspace       used 4941K, committed 5184K, reserved 1114112K
  class space    used 593K, committed 704K, reserved 1048576K
}
Event: 0,333 GC heap after
{Heap after GC invocations=1 (full 0):
 garbage-first heap   total 256000K, used 4989K [0x000000070a000000, 0x0000000800000000)
  region size 2048K, 2 young (4096K), 2 survivors (4096K)
 Metaspace       used 4941K, committed 5184K, reserved 1114112K
  class space    used 593K, committed 704K, reserved 1048576K
}
Event: 0,682 GC heap before
{Heap before GC invocations=1 (full 0):
 garbage-first heap   total 256000K, used 33661K [0x000000070a000000, 0x0000000800000000)
  region size 2048K, 16 young (32768K), 2 survivors (4096K)
 Metaspace       used 10763K, committed 10880K, reserved 1114112K
  class space    used 1331K, committed 1408K, reserved 1048576K
}
Event: 0,685 GC heap after
{Heap after GC invocations=2 (full 0):
 garbage-first heap   total 256000K, used 7093K [0x000000070a000000, 0x0000000800000000)
  region size 2048K, 2 young (4096K), 2 survivors (4096K)
 Metaspace       used 10763K, committed 10880K, reserved 1114112K
  class space    used 1331K, committed 1408K, reserved 1048576K
}

Dll operation events (6 events):
Event: 0,002 Loaded shared library /usr/lib/jvm/java-17-openjdk-amd64/lib/libjava.so
Event: 0,009 Loaded shared library /usr/lib/jvm/java-17-openjdk-amd64/lib/libjsvml.so
Event: 0,022 Loaded shared library /usr/lib/jvm/java-17-openjdk-amd64/lib/libnio.so
Event: 0,025 Loaded shared library /usr/lib/jvm/java-17-openjdk-amd64/lib/libzip.so
Event: 0,098 Loaded shared library /usr/lib/jvm/java-17-openjdk-amd64/lib/libjimage.so
Event: 0,133 Loaded shared library /usr/lib/jvm/java-17-openjdk-amd64/lib/libverify.so

Deoptimization events (20 events):
Event: 0,713 Thread 0x00007f9f58014430 Uncommon trap: trap_request=0xffffffc6 fr.pc=0x00007f9f48f1d7a4 relative=0x0000000000000364
Event: 0,713 Thread 0x00007f9f58014430 Uncommon trap: reason=bimorphic_or_optimized_type_check action=maybe_recompile pc=0x00007f9f48f1d7a4 method=java.nio.Buffer.<init>(IIIILjdk/internal/access/foreign/MemorySegmentProxy;)V @ 39 c2
Event: 0,713 Thread 0x00007f9f58014430 DEOPT PACKING pc=0x00007f9f48f1d7a4 sp=0x00007f9f5f7fbe70
Event: 0,713 Thread 0x00007f9f58014430 DEOPT UNPACKING pc=0x00007f9f4898d699 sp=0x00007f9f5f7fbe18 mode 2
Event: 0,715 Thread 0x00007f9f58014430 Uncommon trap: trap_request=0xffffff45 fr.pc=0x00007f9f48eca99c relative=0x000000000000007c
Event: 0,715 Thread 0x00007f9f58014430 Uncommon trap: reason=unstable_if action=reinterpret pc=0x00007f9f48eca99c method=java.lang.String.isLatin1()Z @ 10 c2
Event: 0,715 Thread 0x00007f9f58014430 DEOPT PACKING pc=0x00007f9f48eca99c sp=0x00007f9f5f7fcd40
Event: 0,715 Thread 0x00007f9f58014430 DEOPT UNPACKING pc=0x00007f9f4898d699 sp=0x00007f9f5f7fcca0 mode 2
Event: 0,725 Thread 0x00007f9f58014430 Uncommon trap: trap_request=0xffffff45 fr.pc=0x00007f9f48f28a0c relative=0x00000000000005cc
Event: 0,725 Thread 0x00007f9f58014430 Uncommon trap: reason=unstable_if action=reinterpret pc=0x00007f9f48f28a0c method=java.lang.StringLatin1.replace([BCC)Ljava/lang/String; @ 19 c2
Event: 0,725 Thread 0x00007f9f58014430 DEOPT PACKING pc=0x00007f9f48f28a0c sp=0x00007f9f5f7fcf30
Event: 0,725 Thread 0x00007f9f58014430 DEOPT UNPACKING pc=0x00007f9f4898d699 sp=0x00007f9f5f7fce70 mode 2
Event: 0,725 Thread 0x00007f9f58014430 Uncommon trap: trap_request=0xffffff45 fr.pc=0x00007f9f48f73ccc relative=0x00000000000002ac
Event: 0,725 Thread 0x00007f9f58014430 Uncommon trap: reason=unstable_if action=reinterpret pc=0x00007f9f48f73ccc method=java.lang.String.indexOf([BBILjava/lang/String;I)I @ 21 c2
Event: 0,725 Thread 0x00007f9f58014430 DEOPT PACKING pc=0x00007f9f48f73ccc sp=0x00007f9f5f7fcfb0
Event: 0,725 Thread 0x00007f9f58014430 DEOPT UNPACKING pc=0x00007f9f4898d699 sp=0x00007f9f5f7fcf38 mode 2
Event: 0,725 Thread 0x00007f9f58014430 Uncommon trap: trap_request=0xffffff45 fr.pc=0x00007f9f48ef08f0 relative=0x00000000000004b0
Event: 0,725 Thread 0x00007f9f58014430 Uncommon trap: reason=unstable_if action=reinterpret pc=0x00007f9f48ef08f0 method=java.lang.StringLatin1.replace([BCC)Ljava/lang/String; @ 19 c2
Event: 0,725 Thread 0x00007f9f58014430 DEOPT PACKING pc=0x00007f9f48ef08f0 sp=0x00007f9f5f7fcf40
Event: 0,725 Thread 0x00007f9f58014430 DEOPT UNPACKING pc=0x00007f9f4898d699 sp=0x00007f9f5f7fcee8 mode 2

Classes unloaded (0 events):
No events

Classes redefined (0 events):
No events

Internal exceptions (8 events):
Event: 0,084 Thread 0x00007f9f58014430 Exception <a 'java/lang/NoClassDefFoundError'{0x0000000719292f00}: org/fusesource/jansi/internal/CLibrary> (0x0000000719292f00) 
thrown [./src/hotspot/share/classfile/systemDictionary.cpp, line 245]
Event: 0,084 Thread 0x00007f9f58014430 Exception <a 'java/lang/NoClassDefFoundError'{0x0000000719293708}: org/fusesource/jansi/internal/CLibrary> (0x0000000719293708) 
thrown [./src/hotspot/share/oops/constantPool.cpp, line 835]
Event: 0,084 Thread 0x00007f9f58014430 Exception <a 'java/lang/NoClassDefFoundError'{0x000000071929eff0}: org/fusesource/jansi/internal/CLibrary> (0x000000071929eff0) 
thrown [./src/hotspot/share/oops/constantPool.cpp, line 835]
Event: 0,084 Thread 0x00007f9f58014430 Exception <a 'java/lang/NoClassDefFoundError'{0x000000071929f630}: org/fusesource/jansi/internal/CLibrary> (0x000000071929f630) 
thrown [./src/hotspot/share/oops/constantPool.cpp, line 835]
Event: 0,209 Thread 0x00007f9f58014430 Exception <a 'java/lang/NoSuchMethodError'{0x0000000718d6b840}: 'void java.lang.invoke.DirectMethodHandle$Holder.invokeSpecial(java.lang.Object, java.lang.Object, java.lang.Object)'> (0x0000000718d6b840) 
thrown [./src/hotspot/share/interpreter/linkResolver.cpp, line 758]
Event: 0,248 Thread 0x00007f9f58014430 Exception <a 'java/lang/NoSuchMethodError'{0x0000000718834eb0}: 'java.lang.Object java.lang.invoke.DirectMethodHandle$Holder.newInvokeSpecial(java.lang.Object, java.lang.Object, java.lang.Object, java.lang.Object, java.lang.Object)'> (0x0000000718834eb0) 
thrown [./src/hotspot/share/interpreter/linkResolver.cpp, line 758]
Event: 0,608 Thread 0x00007f9f58014430 Exception <a 'java/lang/NoClassDefFoundError'{0x0000000717806f88}: com/google/inject/servlet/ServletModuleTargetVisitor> (0x0000000717806f88) 
thrown [./src/hotspot/share/classfile/systemDictionary.cpp, line 245]
Event: 0,735 Thread 0x00007f9f58014430 Exception <a 'java/lang/NoSuchMethodError'{0x00000007192dc5e0}: 'int java.lang.invoke.DirectMethodHandle$Holder.invokeStatic(java.lang.Object, java.lang.Object, int)'> (0x00000007192dc5e0) 
thrown [./src/hotspot/share/interpreter/linkResolver.cpp, line 758]

VM Operations (20 events):
Event: 0,439 Executing VM operation: HandshakeAllThreads
Event: 0,439 Executing VM operation: HandshakeAllThreads done
Event: 0,440 Executing VM operation: HandshakeAllThreads
Event: 0,440 Executing VM operation: HandshakeAllThreads done
Event: 0,551 Executing VM operation: HandshakeAllThreads
Event: 0,551 Executing VM operation: HandshakeAllThreads done
Event: 0,552 Executing VM operation: HandshakeAllThreads
Event: 0,552 Executing VM operation: HandshakeAllThreads done
Event: 0,586 Executing VM operation: ICBufferFull
Event: 0,586 Executing VM operation: ICBufferFull done
Event: 0,598 Executing VM operation: HandshakeAllThreads
Event: 0,598 Executing VM operation: HandshakeAllThreads done
Event: 0,632 Executing VM operation: HandshakeAllThreads
Event: 0,632 Executing VM operation: HandshakeAllThreads done
Event: 0,639 Executing VM operation: HandshakeAllThreads
Event: 0,639 Executing VM operation: HandshakeAllThreads done
Event: 0,647 Executing VM operation: HandshakeAllThreads
Event: 0,647 Executing VM operation: HandshakeAllThreads done
Event: 0,681 Executing VM operation: G1CollectForAllocation
Event: 0,685 Executing VM operation: G1CollectForAllocation done

Events (20 events):
Event: 0,665 loading class java/lang/ProcessEnvironment$StringKeySet
Event: 0,665 loading class java/lang/ProcessEnvironment$StringKeySet done
Event: 0,665 loading class java/lang/ProcessEnvironment$StringKeySet$1
Event: 0,665 loading class java/lang/ProcessEnvironment$StringKeySet$1 done
Event: 0,666 loading class java/util/Stack
Event: 0,666 loading class java/util/Stack done
Event: 0,685 loading class java/util/ArrayList$SubList$1
Event: 0,685 loading class java/util/ArrayList$SubList$1 done
Event: 0,686 loading class java/nio/channels/OverlappingFileLockException
Event: 0,686 loading class java/nio/channels/OverlappingFileLockException done
Event: 0,688 loading class java/util/regex/Pattern$Pos
Event: 0,688 loading class java/util/regex/Pattern$Pos done
Event: 0,713 loading class sun/util/resources/LocaleData$CommonResourceBundleProvider
Event: 0,713 loading class sun/util/resources/LocaleData$LocaleDataResourceBundleProvider
Event: 0,713 loading class java/util/spi/ResourceBundleProvider
Event: 0,713 loading class java/util/spi/ResourceBundleProvider done
Event: 0,713 loading class sun/util/resources/LocaleData$LocaleDataResourceBundleProvider done
Event: 0,713 loading class sun/util/resources/LocaleData$CommonResourceBundleProvider done
Event: 0,713 loading class sun/util/resources/Bundles$2
Event: 0,713 loading class sun/util/resources/Bundles$2 done


Dynamic libraries:
70a000000-719600000 rw-p 00000000 00:00 0 
719600000-7ffc00000 ---p 00000000 00:00 0 
7ffc00000-7ffd00000 rw-p 00000000 00:00 0 
7ffd00000-7ffd76000 rw-p 00c9d000 103:07 167769                          /usr/lib/jvm/java-17-openjdk-amd64/lib/server/classes.jsa
7ffd76000-7ffe00000 rw-p 00000000 00:00 0 
7ffe00000-7ffe82000 rw-p 00c1b000 103:07 167769                          /usr/lib/jvm/java-17-openjdk-amd64/lib/server/classes.jsa
7ffe82000-800000000 rw-p 00000000 00:00 0 
800000000-800458000 rw-p 00001000 103:07 167769                          /usr/lib/jvm/java-17-openjdk-amd64/lib/server/classes.jsa
800458000-800be2000 r--p 00459000 103:07 167769                          /usr/lib/jvm/java-17-openjdk-amd64/lib/server/classes.jsa
800be2000-801000000 ---p 00000000 00:00 0 
801000000-801040000 rw-p 00000000 00:00 0 
801040000-801080000 rw-p 00000000 00:00 0 
801080000-801170000 rw-p 00000000 00:00 0 
801170000-841000000 ---p 00000000 00:00 0 
560336d1c000-560336d1d000 r--p 00000000 103:07 167617                    /usr/lib/jvm/java-17-openjdk-amd64/bin/java
560336d1d000-560336d1e000 r-xp 00001000 103:07 167617                    /usr/lib/jvm/java-17-openjdk-amd64/bin/java
560336d1e000-560336d1f000 r--p 00002000 103:07 167617                    /usr/lib/jvm/java-17-openjdk-amd64/bin/java
560336d1f000-560336d20000 r--p 00002000 103:07 167617                    /usr/lib/jvm/java-17-openjdk-amd64/bin/java
560336d20000-560336d21000 rw-p 00003000 103:07 167617                    /usr/lib/jvm/java-17-openjdk-amd64/bin/java
560336e82000-560336ec9000 rw-p 00000000 00:00 0                          [heap]
7f9ec8000000-7f9ec8021000 rw-p 00000000 00:00 0 
7f9ec8021000-7f9ecc000000 ---p 00000000 00:00 0 
7f9ed0000000-7f9ed0021000 rw-p 00000000 00:00 0 
7f9ed0021000-7f9ed4000000 ---p 00000000 00:00 0 
7f9ed4000000-7f9ed4021000 rw-p 00000000 00:00 0 
7f9ed4021000-7f9ed8000000 ---p 00000000 00:00 0 
7f9ed8000000-7f9ed8021000 rw-p 00000000 00:00 0 
7f9ed8021000-7f9edc000000 ---p 00000000 00:00 0 
7f9edc000000-7f9edc021000 rw-p 00000000 00:00 0 
7f9edc021000-7f9ee0000000 ---p 00000000 00:00 0 
7f9ee0000000-7f9ee04ae000 rw-p 00000000 00:00 0 
7f9ee04ae000-7f9ee4000000 ---p 00000000 00:00 0 
7f9ee4000000-7f9ee4021000 rw-p 00000000 00:00 0 
7f9ee4021000-7f9ee8000000 ---p 00000000 00:00 0 
7f9ee8000000-7f9ee8021000 rw-p 00000000 00:00 0 
7f9ee8021000-7f9eec000000 ---p 00000000 00:00 0 
7f9eec000000-7f9eec286000 rw-p 00000000 00:00 0 
7f9eec286000-7f9ef0000000 ---p 00000000 00:00 0 
7f9ef0000000-7f9ef0021000 rw-p 00000000 00:00 0 
7f9ef0021000-7f9ef4000000 ---p 00000000 00:00 0 
7f9ef4000000-7f9ef4021000 rw-p 00000000 00:00 0 
7f9ef4021000-7f9ef8000000 ---p 00000000 00:00 0 
7f9ef8000000-7f9ef8373000 rw-p 00000000 00:00 0 
7f9ef8373000-7f9efc000000 ---p 00000000 00:00 0 
7f9efc000000-7f9efc021000 rw-p 00000000 00:00 0 
7f9efc021000-7f9f00000000 ---p 00000000 00:00 0 
7f9f00000000-7f9f00021000 rw-p 00000000 00:00 0 
7f9f00021000-7f9f04000000 ---p 00000000 00:00 0 
7f9f04000000-7f9f04592000 rw-p 00000000 00:00 0 
7f9f04592000-7f9f08000000 ---p 00000000 00:00 0 
7f9f08000000-7f9f08021000 rw-p 00000000 00:00 0 
7f9f08021000-7f9f0c000000 ---p 00000000 00:00 0 
7f9f0c000000-7f9f0c021000 rw-p 00000000 00:00 0 
7f9f0c021000-7f9f10000000 ---p 00000000 00:00 0 
7f9f10000000-7f9f10021000 rw-p 00000000 00:00 0 
7f9f10021000-7f9f14000000 ---p 00000000 00:00 0 
7f9f14000000-7f9f14021000 rw-p 00000000 00:00 0 
7f9f14021000-7f9f18000000 ---p 00000000 00:00 0 
7f9f18000000-7f9f18021000 rw-p 00000000 00:00 0 
7f9f18021000-7f9f1c000000 ---p 00000000 00:00 0 
7f9f1c000000-7f9f1c021000 rw-p 00000000 00:00 0 
7f9f1c021000-7f9f20000000 ---p 00000000 00:00 0 
7f9f20000000-7f9f20270000 rw-p 00000000 00:00 0 
7f9f20270000-7f9f20400000 ---p 00000000 00:00 0 
7f9f20400000-7f9f20bb0000 rw-p 00000000 00:00 0 
7f9f20bb0000-7f9f24000000 ---p 00000000 00:00 0 
7f9f24000000-7f9f24021000 rw-p 00000000 00:00 0 
7f9f24021000-7f9f28000000 ---p 00000000 00:00 0 
7f9f2a000000-7f9f2c000000 rw-p 00000000 00:00 0 
7f9f2c000000-7f9f2c021000 rw-p 00000000 00:00 0 
7f9f2c021000-7f9f30000000 ---p 00000000 00:00 0 
7f9f30000000-7f9f30021000 rw-p 00000000 00:00 0 
7f9f30021000-7f9f34000000 ---p 00000000 00:00 0 
7f9f34000000-7f9f34021000 rw-p 00000000 00:00 0 
7f9f34021000-7f9f38000000 ---p 00000000 00:00 0 
7f9f3870b000-7f9f38af2000 rw-p 00000000 00:00 0 
7f9f38af2000-7f9f38af3000 ---p 00000000 00:00 0 
7f9f38af3000-7f9f38bf4000 rw-p 00000000 00:00 0 
7f9f38bf4000-7f9f38bf5000 ---p 00000000 00:00 0 
7f9f38bf5000-7f9f38cf6000 rw-p 00000000 00:00 0 
7f9f38cf6000-7f9f38cf7000 ---p 00000000 00:00 0 
7f9f38cf7000-7f9f38df8000 rw-p 00000000 00:00 0 
7f9f38df8000-7f9f38df9000 ---p 00000000 00:00 0 
7f9f38df9000-7f9f38efa000 rw-p 00000000 00:00 0 
7f9f38efa000-7f9f38efb000 ---p 00000000 00:00 0 
7f9f38efb000-7f9f38ffc000 rw-p 00000000 00:00 0 
7f9f38ffc000-7f9f38ffd000 ---p 00000000 00:00 0 
7f9f38ffd000-7f9f390fe000 rw-p 00000000 00:00 0 
7f9f390fe000-7f9f39102000 ---p 00000000 00:00 0 
7f9f39102000-7f9f391fe000 rw-p 00000000 00:00 0 
7f9f391fe000-7f9f39202000 ---p 00000000 00:00 0 
7f9f39202000-7f9f392fe000 rw-p 00000000 00:00 0 
7f9f392fe000-7f9f39302000 ---p 00000000 00:00 0 
7f9f39302000-7f9f393fe000 rw-p 00000000 00:00 0 
7f9f393fe000-7f9f393ff000 ---p 00000000 00:00 0 
7f9f393ff000-7f9f39500000 rw-p 00000000 00:00 0 
7f9f39500000-7f9f39504000 ---p 00000000 00:00 0 
7f9f39504000-7f9f39600000 rw-p 00000000 00:00 0 
7f9f39600000-7f9f39604000 ---p 00000000 00:00 0 
7f9f39604000-7f9f39700000 rw-p 00000000 00:00 0 
7f9f39700000-7f9f39704000 ---p 00000000 00:00 0 
7f9f39704000-7f9f39800000 rw-p 00000000 00:00 0 
7f9f39800000-7f9f39804000 ---p 00000000 00:00 0 
7f9f39804000-7f9f39cd8000 rw-p 00000000 00:00 0 
7f9f39cd8000-7f9f3d670000 ---p 00000000 00:00 0 
7f9f3d670000-7f9f3da58000 rw-p 00000000 00:00 0 
7f9f3da58000-7f9f413f0000 ---p 00000000 00:00 0 
7f9f413f0000-7f9f41400000 rw-p 00000000 00:00 0 
7f9f41400000-7f9f417b0000 rwxp 00000000 00:00 0 
7f9f417b0000-7f9f48937000 ---p 00000000 00:00 0 
7f9f48937000-7f9f48ba7000 rwxp 00000000 00:00 0 
7f9f48ba7000-7f9f48ec9000 ---p 00000000 00:00 0 
7f9f48ec9000-7f9f49139000 rwxp 00000000 00:00 0 
7f9f49139000-7f9f50400000 ---p 00000000 00:00 0 
7f9f50400000-7f9f57e43000 r--s 00000000 103:07 167766                    /usr/lib/jvm/java-17-openjdk-amd64/lib/modules
7f9f57f00000-7f9f57f04000 ---p 00000000 00:00 0 
7f9f57f04000-7f9f58000000 rw-p 00000000 00:00 0 
7f9f58000000-7f9f588e4000 rw-p 00000000 00:00 0 
7f9f588e4000-7f9f5c000000 ---p 00000000 00:00 0 
7f9f5c00c000-7f9f5c010000 r--p 00000000 103:07 167764                    /usr/lib/jvm/java-17-openjdk-amd64/lib/libverify.so
7f9f5c010000-7f9f5c017000 r-xp 00004000 103:07 167764                    /usr/lib/jvm/java-17-openjdk-amd64/lib/libverify.so
7f9f5c017000-7f9f5c019000 r--p 0000b000 103:07 167764                    /usr/lib/jvm/java-17-openjdk-amd64/lib/libverify.so
7f9f5c019000-7f9f5c01b000 r--p 0000c000 103:07 167764                    /usr/lib/jvm/java-17-openjdk-amd64/lib/libverify.so
7f9f5c01b000-7f9f5c01c000 rw-p 0000e000 103:07 167764                    /usr/lib/jvm/java-17-openjdk-amd64/lib/libverify.so
7f9f5c01c000-7f9f5c01e000 r--p 00000000 103:07 167765                    /usr/lib/jvm/java-17-openjdk-amd64/lib/libzip.so
7f9f5c01e000-7f9f5c023000 r-xp 00002000 103:07 167765                    /usr/lib/jvm/java-17-openjdk-amd64/lib/libzip.so
7f9f5c023000-7f9f5c025000 r--p 00007000 103:07 167765                    /usr/lib/jvm/java-17-openjdk-amd64/lib/libzip.so
7f9f5c025000-7f9f5c026000 r--p 00008000 103:07 167765                    /usr/lib/jvm/java-17-openjdk-amd64/lib/libzip.so
7f9f5c026000-7f9f5c027000 rw-p 00009000 103:07 167765                    /usr/lib/jvm/java-17-openjdk-amd64/lib/libzip.so
7f9f5c027000-7f9f5c058000 rw-p 00000000 00:00 0 
7f9f5c058000-7f9f5c05c000 r--p 00000000 103:07 167757                    /usr/lib/jvm/java-17-openjdk-amd64/lib/libnet.so
7f9f5c05c000-7f9f5c06a000 r-xp 00004000 103:07 167757                    /usr/lib/jvm/java-17-openjdk-amd64/lib/libnet.so
7f9f5c06a000-7f9f5c06e000 r--p 00012000 103:07 167757                    /usr/lib/jvm/java-17-openjdk-amd64/lib/libnet.so
7f9f5c06e000-7f9f5c06f000 r--p 00015000 103:07 167757                    /usr/lib/jvm/java-17-openjdk-amd64/lib/libnet.so
7f9f5c06f000-7f9f5c070000 rw-p 00016000 103:07 167757                    /usr/lib/jvm/java-17-openjdk-amd64/lib/libnet.so
7f9f5c070000-7f9f5c074000 ---p 00000000 00:00 0 
7f9f5c074000-7f9f5c170000 rw-p 00000000 00:00 0 
7f9f5c170000-7f9f5c174000 ---p 00000000 00:00 0 
7f9f5c174000-7f9f5c270000 rw-p 00000000 00:00 0 
7f9f5c270000-7f9f5c2c4000 r--p 00000000 07:01 187                        /snap/code/129/usr/lib/locale/aa_DJ.utf8/LC_CTYPE
7f9f5c2c4000-7f9f5c53c000 r--p 00000000 07:01 186                        /snap/code/129/usr/lib/locale/aa_DJ.utf8/LC_COLLATE
7f9f5c53c000-7f9f5c540000 ---p 00000000 00:00 0 
7f9f5c540000-7f9f5c63c000 rw-p 00000000 00:00 0 
7f9f5c63c000-7f9f5c640000 ---p 00000000 00:00 0 
7f9f5c640000-7f9f5c73c000 rw-p 00000000 00:00 0 
7f9f5c73c000-7f9f5c73d000 ---p 00000000 00:00 0 
7f9f5c73d000-7f9f5c83e000 rw-p 00000000 00:00 0 
7f9f5c83e000-7f9f5c843000 r--p 00000000 103:07 167751                    /usr/lib/jvm/java-17-openjdk-amd64/lib/libjsvml.so
7f9f5c843000-7f9f5c884000 r-xp 00005000 103:07 167751                    /usr/lib/jvm/java-17-openjdk-amd64/lib/libjsvml.so
7f9f5c884000-7f9f5c90d000 r--p 00046000 103:07 167751                    /usr/lib/jvm/java-17-openjdk-amd64/lib/libjsvml.so
7f9f5c90d000-7f9f5c90e000 r--p 000ce000 103:07 167751                    /usr/lib/jvm/java-17-openjdk-amd64/lib/libjsvml.so
7f9f5c90e000-7f9f5c90f000 rw-p 000cf000 103:07 167751                    /usr/lib/jvm/java-17-openjdk-amd64/lib/libjsvml.so
7f9f5c90f000-7f9f5c9eb000 rw-p 00000000 00:00 0 
7f9f5c9eb000-7f9f5c9ec000 ---p 00000000 00:00 0 
7f9f5c9ec000-7f9f5caed000 rw-p 00000000 00:00 0 
7f9f5caed000-7f9f5caee000 ---p 00000000 00:00 0 
7f9f5caee000-7f9f5d3f7000 rw-p 00000000 00:00 0 
7f9f5d3f7000-7f9f5d3f8000 ---p 00000000 00:00 0 
7f9f5d3f8000-7f9f5d4f9000 rw-p 00000000 00:00 0 
7f9f5d4f9000-7f9f5d4fa000 ---p 00000000 00:00 0 
7f9f5d4fa000-7f9f5d5fb000 rw-p 00000000 00:00 0 
7f9f5d5fb000-7f9f5d5fc000 ---p 00000000 00:00 0 
7f9f5d5fc000-7f9f5d778000 rw-p 00000000 00:00 0 
7f9f5d778000-7f9f5deab000 ---p 00000000 00:00 0 
7f9f5deab000-7f9f5df28000 rw-p 00000000 00:00 0 
7f9f5df28000-7f9f5e65b000 ---p 00000000 00:00 0 
7f9f5e65b000-7f9f5e6d8000 rw-p 00000000 00:00 0 
7f9f5e6d8000-7f9f5ee0b000 ---p 00000000 00:00 0 
7f9f5ee0b000-7f9f5f61a000 rw-p 00000000 00:00 0 
7f9f5f61a000-7f9f5f700000 ---p 00000000 00:00 0 
7f9f5f700000-7f9f5f704000 ---p 00000000 00:00 0 
7f9f5f704000-7f9f5f800000 rw-p 00000000 00:00 0 
7f9f5f800000-7f9f5f89a000 r--p 00000000 103:07 2774980                   /usr/lib/x86_64-linux-gnu/libstdc++.so.6.0.30
7f9f5f89a000-7f9f5f9aa000 r-xp 0009a000 103:07 2774980                   /usr/lib/x86_64-linux-gnu/libstdc++.so.6.0.30
7f9f5f9aa000-7f9f5fa19000 r--p 001aa000 103:07 2774980                   /usr/lib/x86_64-linux-gnu/libstdc++.so.6.0.30
7f9f5fa19000-7f9f5fa24000 r--p 00218000 103:07 2774980                   /usr/lib/x86_64-linux-gnu/libstdc++.so.6.0.30
7f9f5fa24000-7f9f5fa27000 rw-p 00223000 103:07 2774980                   /usr/lib/x86_64-linux-gnu/libstdc++.so.6.0.30
7f9f5fa27000-7f9f5fa2a000 rw-p 00000000 00:00 0 
7f9f5fa2e000-7f9f5fa36000 rw-p 00000000 00:00 0 
7f9f5fa36000-7f9f5fb19000 ---p 00000000 00:00 0 
7f9f5fb19000-7f9f5fb27000 r--p 00000000 103:07 2774556                   /usr/lib/x86_64-linux-gnu/libm.so.6
7f9f5fb27000-7f9f5fba3000 r-xp 0000e000 103:07 2774556                   /usr/lib/x86_64-linux-gnu/libm.so.6
7f9f5fba3000-7f9f5fbfe000 r--p 0008a000 103:07 2774556                   /usr/lib/x86_64-linux-gnu/libm.so.6
7f9f5fbfe000-7f9f5fbff000 r--p 000e4000 103:07 2774556                   /usr/lib/x86_64-linux-gnu/libm.so.6
7f9f5fbff000-7f9f5fc00000 rw-p 000e5000 103:07 2774556                   /usr/lib/x86_64-linux-gnu/libm.so.6
7f9f5fc00000-7f9f5fe50000 r--p 00000000 103:07 167772                    /usr/lib/jvm/java-17-openjdk-amd64/lib/server/libjvm.so
7f9f5fe50000-7f9f60bd4000 r-xp 00250000 103:07 167772                    /usr/lib/jvm/java-17-openjdk-amd64/lib/server/libjvm.so
7f9f60bd4000-7f9f60e57000 r--p 00fd4000 103:07 167772                    /usr/lib/jvm/java-17-openjdk-amd64/lib/server/libjvm.so
7f9f60e57000-7f9f60f0f000 r--p 01256000 103:07 167772                    /usr/lib/jvm/java-17-openjdk-amd64/lib/server/libjvm.so
7f9f60f0f000-7f9f60f44000 rw-p 0130e000 103:07 167772                    /usr/lib/jvm/java-17-openjdk-amd64/lib/server/libjvm.so
7f9f60f44000-7f9f60f9e000 rw-p 00000000 00:00 0 
7f9f60fa2000-7f9f60fa8000 r--p 00000000 103:07 167758                    /usr/lib/jvm/java-17-openjdk-amd64/lib/libnio.so
7f9f60fa8000-7f9f60fb1000 r-xp 00006000 103:07 167758                    /usr/lib/jvm/java-17-openjdk-amd64/lib/libnio.so
7f9f60fb1000-7f9f60fb5000 r--p 0000f000 103:07 167758                    /usr/lib/jvm/java-17-openjdk-amd64/lib/libnio.so
7f9f60fb5000-7f9f60fb6000 ---p 00013000 103:07 167758                    /usr/lib/jvm/java-17-openjdk-amd64/lib/libnio.so
7f9f60fb6000-7f9f60fb7000 r--p 00013000 103:07 167758                    /usr/lib/jvm/java-17-openjdk-amd64/lib/libnio.so
7f9f60fb7000-7f9f60fb8000 rw-p 00014000 103:07 167758                    /usr/lib/jvm/java-17-openjdk-amd64/lib/libnio.so
7f9f60fb8000-7f9f60fbf000 r--s 00000000 103:07 2776223                   /usr/lib/x86_64-linux-gnu/gconv/gconv-modules.cache
7f9f60fbf000-7f9f61000000 rw-p 00000000 00:00 0 
7f9f61000000-7f9f61028000 r--p 00000000 103:07 2773907                   /usr/lib/x86_64-linux-gnu/libc.so.6
7f9f61028000-7f9f611bd000 r-xp 00028000 103:07 2773907                   /usr/lib/x86_64-linux-gnu/libc.so.6
7f9f611bd000-7f9f61215000 r--p 001bd000 103:07 2773907                   /usr/lib/x86_64-linux-gnu/libc.so.6
7f9f61215000-7f9f61219000 r--p 00214000 103:07 2773907                   /usr/lib/x86_64-linux-gnu/libc.so.6
7f9f61219000-7f9f6121b000 rw-p 00218000 103:07 2773907                   /usr/lib/x86_64-linux-gnu/libc.so.6
7f9f6121b000-7f9f61228000 rw-p 00000000 00:00 0 
7f9f61228000-7f9f61229000 r--p 00000000 07:01 1188                       /snap/code/129/usr/lib/locale/br_FR.utf8/LC_NUMERIC
7f9f61229000-7f9f6122a000 r--p 00000000 07:01 3431                       /snap/code/129/usr/lib/locale/fr_FR.utf8/LC_TIME
7f9f6122a000-7f9f6122b000 r--p 00000000 07:01 1186                       /snap/code/129/usr/lib/locale/br_FR.utf8/LC_MONETARY
7f9f6122b000-7f9f6122c000 r--p 00000000 07:01 3369                       /snap/code/129/usr/lib/locale/fr_CA.utf8/LC_MESSAGES/SYS_LC_MESSAGES
7f9f6122c000-7f9f6122d000 r--p 00000000 07:01 195                        /snap/code/129/usr/lib/locale/aa_DJ.utf8/LC_PAPER
7f9f6122d000-7f9f612b1000 rw-p 00000000 00:00 0 
7f9f612b1000-7f9f612b8000 ---p 00000000 00:00 0 
7f9f612b8000-7f9f612c4000 r--p 00000000 103:07 167744                    /usr/lib/jvm/java-17-openjdk-amd64/lib/libjava.so
7f9f612c4000-7f9f612d7000 r-xp 0000c000 103:07 167744                    /usr/lib/jvm/java-17-openjdk-amd64/lib/libjava.so
7f9f612d7000-7f9f612dd000 r--p 0001f000 103:07 167744                    /usr/lib/jvm/java-17-openjdk-amd64/lib/libjava.so
7f9f612dd000-7f9f612de000 r--p 00024000 103:07 167744                    /usr/lib/jvm/java-17-openjdk-amd64/lib/libjava.so
7f9f612de000-7f9f612df000 rw-p 00025000 103:07 167744                    /usr/lib/jvm/java-17-openjdk-amd64/lib/libjava.so
7f9f612df000-7f9f612e0000 rw-p 00000000 00:00 0 
7f9f612e0000-7f9f612e8000 rw-s 00000000 103:07 2660967                   /tmp/hsperfdata_lecasseur/306879
7f9f612e8000-7f9f612eb000 r--p 00000000 103:07 2774206                   /usr/lib/x86_64-linux-gnu/libgcc_s.so.1
7f9f612eb000-7f9f61302000 r-xp 00003000 103:07 2774206                   /usr/lib/x86_64-linux-gnu/libgcc_s.so.1
7f9f61302000-7f9f61306000 r--p 0001a000 103:07 2774206                   /usr/lib/x86_64-linux-gnu/libgcc_s.so.1
7f9f61306000-7f9f61307000 r--p 0001d000 103:07 2774206                   /usr/lib/x86_64-linux-gnu/libgcc_s.so.1
7f9f61307000-7f9f61308000 rw-p 0001e000 103:07 2774206                   /usr/lib/x86_64-linux-gnu/libgcc_s.so.1
7f9f61308000-7f9f6130b000 rw-p 00000000 00:00 0 
7f9f6130b000-7f9f6130d000 r--p 00000000 103:07 2775245                   /usr/lib/x86_64-linux-gnu/libz.so.1.2.11
7f9f6130d000-7f9f6131e000 r-xp 00002000 103:07 2775245                   /usr/lib/x86_64-linux-gnu/libz.so.1.2.11
7f9f6131e000-7f9f61324000 r--p 00013000 103:07 2775245                   /usr/lib/x86_64-linux-gnu/libz.so.1.2.11
7f9f61324000-7f9f61325000 ---p 00019000 103:07 2775245                   /usr/lib/x86_64-linux-gnu/libz.so.1.2.11
7f9f61325000-7f9f61326000 r--p 00019000 103:07 2775245                   /usr/lib/x86_64-linux-gnu/libz.so.1.2.11
7f9f61326000-7f9f61327000 rw-p 0001a000 103:07 2775245                   /usr/lib/x86_64-linux-gnu/libz.so.1.2.11
7f9f61327000-7f9f61328000 r--p 00000000 07:01 1187                       /snap/code/129/usr/lib/locale/br_FR.utf8/LC_NAME
7f9f61328000-7f9f61329000 r--p 00000000 07:01 3167                       /snap/code/129/usr/lib/locale/eu_FR.utf8/LC_ADDRESS
7f9f61329000-7f9f6132a000 r--p 00000000 07:01 1190                       /snap/code/129/usr/lib/locale/br_FR.utf8/LC_TELEPHONE
7f9f6132a000-7f9f6132b000 r--p 00000000 07:01 189                        /snap/code/129/usr/lib/locale/aa_DJ.utf8/LC_MEASUREMENT
7f9f6132b000-7f9f6132c000 r--p 00000000 07:01 3422                       /snap/code/129/usr/lib/locale/fr_FR.utf8/LC_IDENTIFICATION
7f9f6132c000-7f9f6132d000 ---p 00000000 00:00 0 
7f9f6132d000-7f9f6132e000 r--p 00000000 00:00 0 
7f9f6132e000-7f9f61330000 r--p 00000000 103:07 167747                    /usr/lib/jvm/java-17-openjdk-amd64/lib/libjimage.so
7f9f61330000-7f9f61333000 r-xp 00002000 103:07 167747                    /usr/lib/jvm/java-17-openjdk-amd64/lib/libjimage.so
7f9f61333000-7f9f61334000 r--p 00005000 103:07 167747                    /usr/lib/jvm/java-17-openjdk-amd64/lib/libjimage.so
7f9f61334000-7f9f61335000 ---p 00006000 103:07 167747                    /usr/lib/jvm/java-17-openjdk-amd64/lib/libjimage.so
7f9f61335000-7f9f61336000 r--p 00006000 103:07 167747                    /usr/lib/jvm/java-17-openjdk-amd64/lib/libjimage.so
7f9f61336000-7f9f61337000 rw-p 00007000 103:07 167747                    /usr/lib/jvm/java-17-openjdk-amd64/lib/libjimage.so
7f9f61337000-7f9f61339000 r--p 00000000 103:07 167748                    /usr/lib/jvm/java-17-openjdk-amd64/lib/libjli.so
7f9f61339000-7f9f61343000 r-xp 00002000 103:07 167748                    /usr/lib/jvm/java-17-openjdk-amd64/lib/libjli.so
7f9f61343000-7f9f61346000 r--p 0000c000 103:07 167748                    /usr/lib/jvm/java-17-openjdk-amd64/lib/libjli.so
7f9f61346000-7f9f61347000 r--p 0000e000 103:07 167748                    /usr/lib/jvm/java-17-openjdk-amd64/lib/libjli.so
7f9f61347000-7f9f61348000 rw-p 0000f000 103:07 167748                    /usr/lib/jvm/java-17-openjdk-amd64/lib/libjli.so
7f9f61348000-7f9f6134a000 rw-p 00000000 00:00 0 
7f9f6134a000-7f9f6134c000 r--p 00000000 103:07 2773567                   /usr/lib/x86_64-linux-gnu/ld-linux-x86-64.so.2
7f9f6134c000-7f9f61376000 r-xp 00002000 103:07 2773567                   /usr/lib/x86_64-linux-gnu/ld-linux-x86-64.so.2
7f9f61376000-7f9f61381000 r--p 0002c000 103:07 2773567                   /usr/lib/x86_64-linux-gnu/ld-linux-x86-64.so.2
7f9f61381000-7f9f61382000 ---p 00000000 00:00 0 
7f9f61382000-7f9f61384000 r--p 00037000 103:07 2773567                   /usr/lib/x86_64-linux-gnu/ld-linux-x86-64.so.2
7f9f61384000-7f9f61386000 rw-p 00039000 103:07 2773567                   /usr/lib/x86_64-linux-gnu/ld-linux-x86-64.so.2
7ffd31766000-7ffd31788000 rw-p 00000000 00:00 0                          [stack]
7ffd317c1000-7ffd317c5000 r--p 00000000 00:00 0                          [vvar]
7ffd317c5000-7ffd317c7000 r-xp 00000000 00:00 0                          [vdso]
ffffffffff600000-ffffffffff601000 --xp 00000000 00:00 0                  [vsyscall]


VM Arguments:
jvm_args: -Dclassworlds.conf=/usr/share/maven/bin/m2.conf -Dmaven.home=/usr/share/maven -Dlibrary.jansi.path=/usr/share/maven/lib/jansi-native -Dmaven.multiModuleProjectDirectory=/home/lecasseur/git/pstl-aboubacar-shuhan 
java_command: org.codehaus.plexus.classworlds.launcher.Launcher clean install
java_class_path (initial): /usr/share/maven/boot/plexus-classworlds-2.x.jar
Launcher Type: SUN_STANDARD

[Global flags]
     intx CICompilerCount                          = 4                                         {product} {ergonomic}
     uint ConcGCThreads                            = 2                                         {product} {ergonomic}
     uint G1ConcRefinementThreads                  = 8                                         {product} {ergonomic}
   size_t G1HeapRegionSize                         = 2097152                                   {product} {ergonomic}
    uintx GCDrainStackTargetSize                   = 64                                        {product} {ergonomic}
   size_t InitialHeapSize                          = 257949696                                 {product} {ergonomic}
   size_t MarkStackSize                            = 4194304                                   {product} {ergonomic}
   size_t MaxHeapSize                              = 4127195136                                {product} {ergonomic}
   size_t MaxNewSize                               = 2474639360                                {product} {ergonomic}
   size_t MinHeapDeltaBytes                        = 2097152                                   {product} {ergonomic}
   size_t MinHeapSize                              = 8388608                                   {product} {ergonomic}
    uintx NonNMethodCodeHeapSize                   = 5839372                                {pd product} {ergonomic}
    uintx NonProfiledCodeHeapSize                  = 122909434                              {pd product} {ergonomic}
    uintx ProfiledCodeHeapSize                     = 122909434                              {pd product} {ergonomic}
    uintx ReservedCodeCacheSize                    = 251658240                              {pd product} {ergonomic}
     bool SegmentedCodeCache                       = true                                      {product} {ergonomic}
   size_t SoftMaxHeapSize                          = 4127195136                             {manageable} {ergonomic}
     bool UseCompressedClassPointers               = true                           {product lp64_product} {ergonomic}
     bool UseCompressedOops                        = true                           {product lp64_product} {ergonomic}
     bool UseG1GC                                  = true                                      {product} {ergonomic}

Logging:
Log output configuration:
 #0: stdout all=warning uptime,level,tags
 #1: stderr all=off uptime,level,tags

Environment Variables:
PATH=/home/lecasseur/.nvm/versions/node/v16.13.0/bin:/home/lecasseur/.cabal/bin:/home/lecasseur/.ghcup/bin:/usr/local/sbin:/usr/local/bin:/usr/sbin:/usr/bin:/sbin:/bin:/usr/games:/usr/local/games:/snap/bin:/snap/bin:/home/lecasseur/invite/node-v17.0.0-linux-x64/bin:/home/lecasseur/invite/node-v17.0.0-linux-x64/bin
USERNAME=lecasseur
SHELL=/bin/bash
DISPLAY=:1
LANG=fr_FR.UTF-8
TERM=xterm-256color

Active Locale:
LC_ALL=fr_FR.UTF-8
LC_COLLATE=fr_FR.UTF-8
LC_CTYPE=fr_FR.UTF-8
LC_MESSAGES=fr_FR.UTF-8
LC_MONETARY=fr_FR.UTF-8
LC_NUMERIC=fr_FR.UTF-8
LC_TIME=fr_FR.UTF-8

Signal Handlers:
   SIGSEGV: crash_handler in libjvm.so, mask=11100100010111111101111111111110, flags=SA_RESTART|SA_SIGINFO, unblocked
    SIGBUS: crash_handler in libjvm.so, mask=11100100010111111101111111111110, flags=SA_RESTART|SA_SIGINFO, unblocked
    SIGFPE: crash_handler in libjvm.so, mask=11100100010111111101111111111110, flags=SA_RESTART|SA_SIGINFO, unblocked
   SIGPIPE: javaSignalHandler in libjvm.so, mask=11100100010111111101111111111110, flags=SA_RESTART|SA_SIGINFO, blocked
   SIGXFSZ: javaSignalHandler in libjvm.so, mask=11100100010111111101111111111110, flags=SA_RESTART|SA_SIGINFO, blocked
    SIGILL: crash_handler in libjvm.so, mask=11100100010111111101111111111110, flags=SA_RESTART|SA_SIGINFO, unblocked
   SIGUSR2: SR_handler in libjvm.so, mask=00000000000000000000000000000000, flags=SA_RESTART|SA_SIGINFO, blocked
    SIGHUP: UserHandler in libjvm.so, mask=11100100010111111101111111111110, flags=SA_RESTART|SA_SIGINFO, blocked
    SIGINT: UserHandler in libjvm.so, mask=11100100010111111101111111111110, flags=SA_RESTART|SA_SIGINFO, blocked
   SIGTERM: UserHandler in libjvm.so, mask=11100100010111111101111111111110, flags=SA_RESTART|SA_SIGINFO, blocked
   SIGQUIT: UserHandler in libjvm.so, mask=11100100010111111101111111111110, flags=SA_RESTART|SA_SIGINFO, blocked
   SIGTRAP: crash_handler in libjvm.so, mask=11100100010111111101111111111110, flags=SA_RESTART|SA_SIGINFO, unblocked


---------------  S Y S T E M  ---------------

OS:
DISTRIB_ID=Ubuntu
DISTRIB_RELEASE=22.04
DISTRIB_CODENAME=jammy
DISTRIB_DESCRIPTION="Ubuntu 22.04.2 LTS"
uname: Linux 5.19.0-41-generic #42~22.04.1-Ubuntu SMP PREEMPT_DYNAMIC Tue Apr 18 17:40:00 UTC 2 x86_64
OS uptime: 1 days 4:59 hours
libc: glibc 2.35 NPTL 2.35 
rlimit (soft/hard): STACK 8192k/infinity , CORE 0k/infinity , NPROC 62656/62656 , NOFILE 1048576/1048576 , AS infinity/infinity , CPU infinity/infinity , DATA infinity/infinity , FSIZE infinity/infinity , MEMLOCK 2014956k/2014956k
load average: 0,59 0,91 0,89

/proc/meminfo:
MemTotal:       16119664 kB
MemFree:         1751040 kB
MemAvailable:    8293232 kB
Buffers:          392720 kB
Cached:          6955436 kB
SwapCached:           80 kB
Active:          4327824 kB
Inactive:        8685864 kB
Active(anon):       7040 kB
Inactive(anon):  6464068 kB
Active(file):    4320784 kB
Inactive(file):  2221796 kB
Unevictable:      416276 kB
Mlocked:              64 kB
SwapTotal:       2097148 kB
SwapFree:        2096892 kB
Zswap:                 0 kB
Zswapped:              0 kB
Dirty:               164 kB
Writeback:             0 kB
AnonPages:       6081724 kB
Mapped:          1453488 kB
Shmem:            813492 kB
KReclaimable:     339340 kB
Slab:             588972 kB
SReclaimable:     339340 kB
SUnreclaim:       249632 kB
KernelStack:       34816 kB
PageTables:        76404 kB
NFS_Unstable:          0 kB
Bounce:                0 kB
WritebackTmp:          0 kB
CommitLimit:    10156980 kB
Committed_AS:   17827928 kB
VmallocTotal:   34359738367 kB
VmallocUsed:      157168 kB
VmallocChunk:          0 kB
Percpu:            11584 kB
HardwareCorrupted:     0 kB
AnonHugePages:         0 kB
ShmemHugePages:        0 kB
ShmemPmdMapped:        0 kB
FileHugePages:         0 kB
FilePmdMapped:         0 kB
HugePages_Total:       0
HugePages_Free:        0
HugePages_Rsvd:        0
HugePages_Surp:        0
Hugepagesize:       2048 kB
Hugetlb:               0 kB
DirectMap4k:      755896 kB
DirectMap2M:    14706688 kB
DirectMap1G:     1048576 kB

/sys/kernel/mm/transparent_hugepage/enabled: always [madvise] never
/sys/kernel/mm/transparent_hugepage/defrag (defrag/compaction efforts parameter): always defer defer+madvise [madvise] never

Process Memory:
Virtual Size: 7499896K (peak: 7561436K)
Resident Set Size: 118332K (peak: 118960K) (anon: 90004K, file: 28328K, shmem: 0K)
Swapped out: 0K
C-Heap outstanding allocations: 45470K, retained: 5237K
glibc malloc tunables: (default)

/proc/sys/kernel/threads-max (system-wide limit on the number of threads): 125313
/proc/sys/vm/max_map_count (maximum number of memory map areas a process may have): 65530
/proc/sys/kernel/pid_max (system-wide limit on number of process identifiers): 4194304

container (cgroup) information:
container_type: cgroupv2
cpu_cpuset_cpus: not supported
cpu_memory_nodes: not supported
active_processor_count: 8
cpu_quota: not supported
cpu_period: not supported
cpu_shares: not supported
memory_limit_in_bytes: unlimited
memory_and_swap_limit_in_bytes: unlimited
memory_soft_limit_in_bytes: unlimited
memory_usage_in_bytes: 1620444 k
memory_max_usage_in_bytes: not supported
memory_swap_current_in_bytes: unlimited
memory_swap_max_limit_in_bytes: unlimited
maximum number of tasks: 18796
current number of tasks: 239

Steal ticks since vm start: 0
Steal ticks percentage since vm start:  0,000

CPU: total 8 (initial active 8) (4 cores per cpu, 2 threads per core) family 6 model 142 stepping 12 microcode 0xf4, cx8, cmov, fxsr, ht, mmx, 3dnowpref, sse, sse2, sse3, ssse3, sse4.1, sse4.2, popcnt, lzcnt, tsc, tscinvbit, avx, avx2, aes, erms, clmul, bmi1, bmi2, adx, fma, vzeroupper, clflush, clflushopt
CPU Model and flags from /proc/cpuinfo:
model name	: Intel(R) Core(TM) i7-10510U CPU @ 1.80GHz
flags		: fpu vme de pse tsc msr pae mce cx8 apic sep mtrr pge mca cmov pat pse36 clflush dts acpi mmx fxsr sse sse2 ss ht tm pbe syscall nx pdpe1gb rdtscp lm constant_tsc art arch_perfmon pebs bts rep_good nopl xtopology nonstop_tsc cpuid aperfmperf pni pclmulqdq dtes64 monitor ds_cpl vmx est tm2 ssse3 sdbg fma cx16 xtpr pdcm pcid sse4_1 sse4_2 x2apic movbe popcnt tsc_deadline_timer aes xsave avx f16c rdrand lahf_lm abm 3dnowprefetch cpuid_fault epb invpcid_single ssbd ibrs ibpb stibp ibrs_enhanced tpr_shadow vnmi flexpriority ept vpid ept_ad fsgsbase tsc_adjust sgx bmi1 avx2 smep bmi2 erms invpcid mpx rdseed adx smap clflushopt intel_pt xsaveopt xsavec xgetbv1 xsaves dtherm ida arat pln pts hwp hwp_notify hwp_act_window hwp_epp md_clear flush_l1d arch_capabilities

Online cpus: 0-7
Offline cpus: 
BIOS frequency limitation: <Not Available>
Frequency switch latency (ns): 0
Available cpu frequencies: <Not Available>
Current governor: powersave
Core performance/turbo boost: <Not Available>

Memory: 4k page, physical 16119664k(1751040k free), swap 2097148k(2096892k free)
Page Sizes: 4k

vm_info: OpenJDK 64-Bit Server VM (17.0.7+7-Ubuntu-0ubuntu122.04.2) for linux-amd64 JRE (17.0.7+7-Ubuntu-0ubuntu122.04.2), built on May 10 2023 04:02:16 by "buildd" with gcc 11.3.0

END.
