#
# A fatal error has been detected by the Java Runtime Environment:
#
#  SIGSEGV (0xb) at pc=0x00007fb9bb2fd7a4, pid=466631, tid=466662
#
# JRE version: OpenJDK Runtime Environment Temurin-17.0.7+7 (17.0.7+7) (build 17.0.7+7)
# Java VM: OpenJDK 64-Bit Server VM Temurin-17.0.7+7 (17.0.7+7, mixed mode, tiered, compressed oops, compressed class ptrs, parallel gc, linux-amd64)
# Problematic frame:
# V  [libjvm.so+0x4fd7a4]  ValueStack::values_do(ValueVisitor*)+0x44
#
# Core dump will be written. Default location: Core dumps may be processed with "/usr/share/apport/apport -p%p -s%s -c%c -d%d -P%P -u%u -g%g -- %E" (or dumping to /home/lecasseur/git/pstl-aboubacar-shuhan/core.466631)
#
# If you would like to submit a bug report, please visit:
#   https://github.com/adoptium/adoptium-support/issues
#

---------------  S U M M A R Y ------------

Command Line: --add-modules=ALL-SYSTEM --add-opens=java.base/java.util=ALL-UNNAMED --add-opens=java.base/java.lang=ALL-UNNAMED --add-opens=java.base/sun.nio.fs=ALL-UNNAMED -Declipse.application=org.eclipse.jdt.ls.core.id1 -Dosgi.bundles.defaultStartLevel=4 -Declipse.product=org.eclipse.jdt.ls.core.product -Djava.import.generatesMetadataFilesAtProjectRoot=false -Dfile.encoding=utf8 -XX:+UseParallelGC -XX:GCTimeRatio=4 -XX:AdaptiveSizePolicyWeight=90 -Dsun.zip.disableMemoryMapping=true -Xmx1G -Xms100m -Xlog:disable -javaagent:/home/lecasseur/.vscode/extensions/redhat.java-1.19.2023052404-linux-x64/lombok/lombok-1.18.27.jar /home/lecasseur/.vscode/extensions/redhat.java-1.19.2023052404-linux-x64/server/plugins/org.eclipse.equinox.launcher_1.6.400.v20210924-0641.jar -configuration /home/lecasseur/.config/Code/User/globalStorage/redhat.java/1.19.2023052404/config_ss_linux -data /home/lecasseur/.config/Code/User/workspaceStorage/dee980160be4733bcd0456d2b147d4bb/redhat.java/ss_ws

Host: Intel(R) Core(TM) i7-10510U CPU @ 1.80GHz, 8 cores, 15G, Ubuntu 22.04.2 LTS
Time: Wed May 24 18:02:34 2023 CEST elapsed time: 7.749967 seconds (0d 0h 0m 7s)

---------------  T H R E A D  ---------------

Current thread (0x00007fb9b4220cd0):  JavaThread "C1 CompilerThread0" daemon [_thread_in_native, id=466662, stack(0x00007fb9a0170000,0x00007fb9a0270000)]


Current CompileTask:
C1:   7750 4813       3       jdk.internal.org.objectweb.asm.Frame::execute (2318 bytes)

Stack: [0x00007fb9a0170000,0x00007fb9a0270000],  sp=0x00007fb9a026dc40,  free space=1015k
Native frames: (J=compiled Java code, j=interpreted, Vv=VM code, C=native code)
V  [libjvm.so+0x4fd7a4]  ValueStack::values_do(ValueVisitor*)+0x44
V  [libjvm.so+0x48e95d]  Invoke::state_values_do(ValueVisitor*)+0x3d
V  [libjvm.so+0x48ab36]  SubstitutionResolver::block_do(BlockBegin*)+0x56
V  [libjvm.so+0x48fa2a]  BlockBegin::iterate_preorder(GrowableArray<bool>&, BlockClosure*)+0x3a
V  [libjvm.so+0x48fab5]  BlockBegin::iterate_preorder(GrowableArray<bool>&, BlockClosure*)+0xc5
V  [libjvm.so+0x48fab5]  BlockBegin::iterate_preorder(GrowableArray<bool>&, BlockClosure*)+0xc5
V  [libjvm.so+0x48fab5]  BlockBegin::iterate_preorder(GrowableArray<bool>&, BlockClosure*)+0xc5
V  [libjvm.so+0x48fab5]  BlockBegin::iterate_preorder(GrowableArray<bool>&, BlockClosure*)+0xc5
V  [libjvm.so+0x48fab5]  BlockBegin::iterate_preorder(GrowableArray<bool>&, BlockClosure*)+0xc5
V  [libjvm.so+0x48fab5]  BlockBegin::iterate_preorder(GrowableArray<bool>&, BlockClosure*)+0xc5
V  [libjvm.so+0x48fab5]  BlockBegin::iterate_preorder(GrowableArray<bool>&, BlockClosure*)+0xc5
V  [libjvm.so+0x48fab5]  BlockBegin::iterate_preorder(GrowableArray<bool>&, BlockClosure*)+0xc5
V  [libjvm.so+0x48fab5]  BlockBegin::iterate_preorder(GrowableArray<bool>&, BlockClosure*)+0xc5
V  [libjvm.so+0x48fab5]  BlockBegin::iterate_preorder(GrowableArray<bool>&, BlockClosure*)+0xc5
V  [libjvm.so+0x48fab5]  BlockBegin::iterate_preorder(GrowableArray<bool>&, BlockClosure*)+0xc5
V  [libjvm.so+0x48fab5]  BlockBegin::iterate_preorder(GrowableArray<bool>&, BlockClosure*)+0xc5
V  [libjvm.so+0x48fab5]  BlockBegin::iterate_preorder(GrowableArray<bool>&, BlockClosure*)+0xc5
V  [libjvm.so+0x48fc58]  BlockBegin::iterate_preorder(BlockClosure*)+0x88
V  [libjvm.so+0x4fd154]  GlobalValueNumbering::GlobalValueNumbering(IR*)+0x674
V  [libjvm.so+0x467ada]  Compilation::build_hir() [clone .part.0]+0x32a
V  [libjvm.so+0x4695ec]  Compilation::compile_java_method()+0x3bc
V  [libjvm.so+0x46975a]  Compilation::compile_method()+0x10a
V  [libjvm.so+0x469b33]  Compilation::Compilation(AbstractCompiler*, ciEnv*, ciMethod*, int, BufferBlob*, bool, DirectiveSet*)+0x203
V  [libjvm.so+0x46a590]  Compiler::compile_method(ciEnv*, ciMethod*, int, bool, DirectiveSet*)+0xb0
V  [libjvm.so+0x5de072]  CompileBroker::invoke_compiler_on_method(CompileTask*)+0xef2
V  [libjvm.so+0x5ded18]  CompileBroker::compiler_thread_loop()+0x508
V  [libjvm.so+0xe62564]  JavaThread::thread_main_inner()+0x184
V  [libjvm.so+0xe65c10]  Thread::call_run()+0xc0
V  [libjvm.so+0xc1aa21]  thread_native_entry(Thread*)+0xe1


siginfo: si_signo: 11 (SIGSEGV), si_code: 1 (SEGV_MAPERR), si_addr: 0x0000080000000018

Register to memory mapping:

RAX=0x000000000000000a is an unknown value
RBX=0x000000000000000a is an unknown value
RCX=0x000000000000000b is an unknown value
RDX=0x00007fb978cc5ec0 points into unknown readable memory: 0x00007fb904259920 | 20 99 25 04 b9 7f 00 00
RSP=0x00007fb9a026dc40 is pointing into the stack for thread: 0x00007fb9b4220cd0
RBP=0x00007fb9a026dc70 is pointing into the stack for thread: 0x00007fb9b4220cd0
RSI=0x00007fb978cc5f10 points into unknown readable memory: 0x0000080000000000 | 00 00 00 00 00 08 00 00
RDI=0x00007fb9a026e1c8 is pointing into the stack for thread: 0x00007fb9b4220cd0
R8 =0x00007fb978cc5c40 points into unknown readable memory: 0x00007fb9bc08d870 | 70 d8 08 bc b9 7f 00 00
R9 =0x0 is NULL
R10=0x0 is NULL
R11=0x0000000400000000 is an unknown value
R12=0x00007fb978cc5e70 points into unknown readable memory: 0x00007fb9785a23c0 | c0 23 5a 78 b9 7f 00 00
R13=0x0000080000000000 is an unknown value
R14=0x00007fb9a026e1c8 is pointing into the stack for thread: 0x00007fb9b4220cd0
R15=0x00007fb978cc5d10 points into unknown readable memory: 0x00007fb9bc08fcd0 | d0 fc 08 bc b9 7f 00 00


Registers:
RAX=0x000000000000000a, RBX=0x000000000000000a, RCX=0x000000000000000b, RDX=0x00007fb978cc5ec0
RSP=0x00007fb9a026dc40, RBP=0x00007fb9a026dc70, RSI=0x00007fb978cc5f10, RDI=0x00007fb9a026e1c8
R8 =0x00007fb978cc5c40, R9 =0x0000000000000000, R10=0x0000000000000000, R11=0x0000000400000000
R12=0x00007fb978cc5e70, R13=0x0000080000000000, R14=0x00007fb9a026e1c8, R15=0x00007fb978cc5d10
RIP=0x00007fb9bb2fd7a4, EFLAGS=0x0000000000010206, CSGSFS=0x002b000000000033, ERR=0x0000000000000004
  TRAPNO=0x000000000000000e

Top of Stack: (sp=0x00007fb9a026dc40)
0x00007fb9a026dc40:   00007fb9042591b0 00007fb978cc5db0
0x00007fb9a026dc50:   00007fb9a026e1c8 00007fb9bb264100
0x00007fb9a026dc60:   00007fb9bbd8bfe0 00007fb978cc5d10
0x00007fb9a026dc70:   00007fb9a026dc90 00007fb9bb28e95d 

Instructions: (pc=0x00007fb9bb2fd7a4)
0x00007fb9bb2fd6a4:   4d 85 f6 0f 85 43 ff ff ff 5b 41 5c 41 5d 41 5e
0x00007fb9bb2fd6b4:   5d c3 66 2e 0f 1f 84 00 00 00 00 00 48 8b 03 48
0x00007fb9bb2fd6c4:   89 df ff 50 18 48 85 c0 0f 85 40 ff ff ff 81 4b
0x00007fb9bb2fd6d4:   10 00 10 00 00 e9 34 ff ff ff c3 90 8b 0f 85 c9
0x00007fb9bb2fd6e4:   7e 6a 55 48 89 e5 41 56 49 89 f6 41 55 49 89 fd
0x00007fb9bb2fd6f4:   41 54 53 31 db 0f 1f 80 00 00 00 00 49 8b 55 08
0x00007fb9bb2fd704:   48 63 c3 48 8d 34 c2 4c 8b 26 4d 85 e4 74 25 49
0x00007fb9bb2fd714:   8b 44 24 18 83 78 0c 08 74 1a 49 8b 06 4c 89 f7
0x00007fb9bb2fd724:   ff 10 49 8b 44 24 18 83 78 08 02 75 03 83 c3 01
0x00007fb9bb2fd734:   41 8b 4d 00 83 c3 01 39 cb 7c c1 5b 41 5c 41 5d
0x00007fb9bb2fd744:   41 5e 5d c3 0f 1f 84 00 00 00 00 00 c3 90 66 66
0x00007fb9bb2fd754:   2e 0f 1f 84 00 00 00 00 00 0f 1f 00 48 85 ff 0f
0x00007fb9bb2fd764:   84 28 01 00 00 55 48 89 e5 41 57 41 56 49 89 f6
0x00007fb9bb2fd774:   41 55 41 54 49 89 fc 53 48 83 ec 08 41 8b 4c 24
0x00007fb9bb2fd784:   18 31 db 85 c9 7e 44 0f 1f 44 00 00 49 8b 54 24
0x00007fb9bb2fd794:   20 48 63 c3 48 8d 34 c2 4c 8b 2e 4d 85 ed 74 24
0x00007fb9bb2fd7a4:   49 8b 45 18 83 78 0c 08 74 1a 49 8b 06 4c 89 f7
0x00007fb9bb2fd7b4:   ff 10 49 8b 45 18 83 78 08 02 75 03 83 c3 01 41
0x00007fb9bb2fd7c4:   8b 4c 24 18 83 c3 01 39 cb 7c c1 41 8b 4c 24 30
0x00007fb9bb2fd7d4:   31 db 85 c9 7e 45 66 0f 1f 44 00 00 49 8b 54 24
0x00007fb9bb2fd7e4:   38 48 63 c3 48 8d 34 c2 4c 8b 2e 4d 85 ed 74 24
0x00007fb9bb2fd7f4:   49 8b 45 18 83 78 0c 08 74 1a 49 8b 06 4c 89 f7
0x00007fb9bb2fd804:   ff 10 49 8b 45 18 83 78 08 02 75 03 83 c3 01 41
0x00007fb9bb2fd814:   8b 4c 24 30 83 c3 01 39 cb 7c c1 4d 8b 7c 24 48
0x00007fb9bb2fd824:   4d 85 ff 74 4b 41 8b 0f 85 c9 7e 44 31 db 66 0f
0x00007fb9bb2fd834:   1f 44 00 00 49 8b 57 08 48 63 c3 48 8d 34 c2 4c
0x00007fb9bb2fd844:   8b 2e 4d 85 ed 74 22 49 8b 45 18 83 78 0c 08 74
0x00007fb9bb2fd854:   18 49 8b 06 4c 89 f7 ff 10 49 8b 45 18 83 78 08
0x00007fb9bb2fd864:   02 75 03 83 c3 01 41 8b 0f 83 c3 01 39 cb 7c c4
0x00007fb9bb2fd874:   4d 8b 64 24 08 4d 85 e4 0f 85 fe fe ff ff 48 83
0x00007fb9bb2fd884:   c4 08 5b 41 5c 41 5d 41 5e 41 5f 5d c3 c3 66 66
0x00007fb9bb2fd894:   2e 0f 1f 84 00 00 00 00 00 0f 1f 00 45 31 c0 48 


Stack slot to memory mapping:
stack at sp + 0 slots: 0x00007fb9042591b0 points into unknown readable memory: 0x00007fb9bc003d88 | 88 3d 00 bc b9 7f 00 00
stack at sp + 1 slots: 0x00007fb978cc5db0 points into unknown readable memory: 0x00007fb9bc003f88 | 88 3f 00 bc b9 7f 00 00
stack at sp + 2 slots: 0x00007fb9a026e1c8 is pointing into the stack for thread: 0x00007fb9b4220cd0
stack at sp + 3 slots: 0x00007fb9bb264100: <offset 0x0000000000464100> in /home/lecasseur/.vscode/extensions/redhat.java-1.19.2023052404-linux-x64/jre/17.0.7-linux-x86_64/lib/server/libjvm.so at 0x00007fb9bae00000
stack at sp + 4 slots: 0x00007fb9bbd8bfe0: <offset 0x0000000000f8bfe0> in /home/lecasseur/.vscode/extensions/redhat.java-1.19.2023052404-linux-x64/jre/17.0.7-linux-x86_64/lib/server/libjvm.so at 0x00007fb9bae00000
stack at sp + 5 slots: 0x00007fb978cc5d10 points into unknown readable memory: 0x00007fb9bc08fcd0 | d0 fc 08 bc b9 7f 00 00
stack at sp + 6 slots: 0x00007fb9a026dc90 is pointing into the stack for thread: 0x00007fb9b4220cd0
stack at sp + 7 slots: 0x00007fb9bb28e95d: <offset 0x000000000048e95d> in /home/lecasseur/.vscode/extensions/redhat.java-1.19.2023052404-linux-x64/jre/17.0.7-linux-x86_64/lib/server/libjvm.so at 0x00007fb9bae00000


---------------  P R O C E S S  ---------------

Threads class SMR info:
_java_thread_list=0x00007fb8fc4d6bc0, length=28, elements={
0x00007fb9b4028050, 0x00007fb9b41e7120, 0x00007fb9b41e8690, 0x00007fb9b4219970,
0x00007fb9b421d260, 0x00007fb9b421e1d0, 0x00007fb9b421f820, 0x00007fb9b4220cd0,
0x00007fb9b422a100, 0x00007fb9b42b7be0, 0x00007fb9b43af5f0, 0x00007fb9b44efda0,
0x00007fb9b46017a0, 0x00007fb9b464a4b0, 0x00007fb9b464d0f0, 0x00007fb934033920,
0x00007fb93424dbf0, 0x00007fb9342fffa0, 0x00007fb93430b430, 0x00007fb9781f7cd0,
0x00007fb9b465f310, 0x00007fb9b46e47f0, 0x00007fb9b46e5670, 0x00007fb918076800,
0x00007fb9080017f0, 0x00007fb920001080, 0x00007fb91817bc10, 0x00007fb930001300
}

Java Threads: ( => current thread )
  0x00007fb9b4028050 JavaThread "main" [_thread_blocked, id=466633, stack(0x00007fb9bad00000,0x00007fb9bae00000)]
  0x00007fb9b41e7120 JavaThread "Reference Handler" daemon [_thread_blocked, id=466656, stack(0x00007fb9a09e8000,0x00007fb9a0ae8000)]
  0x00007fb9b41e8690 JavaThread "Finalizer" daemon [_thread_blocked, id=466657, stack(0x00007fb9a08e8000,0x00007fb9a09e8000)]
  0x00007fb9b4219970 JavaThread "Signal Dispatcher" daemon [_thread_blocked, id=466658, stack(0x00007fb9a0570000,0x00007fb9a0670000)]
  0x00007fb9b421d260 JavaThread "Service Thread" daemon [_thread_blocked, id=466659, stack(0x00007fb9a0470000,0x00007fb9a0570000)]
  0x00007fb9b421e1d0 JavaThread "Monitor Deflation Thread" daemon [_thread_blocked, id=466660, stack(0x00007fb9a0370000,0x00007fb9a0470000)]
  0x00007fb9b421f820 JavaThread "C2 CompilerThread0" daemon [_thread_in_native, id=466661, stack(0x00007fb9a0270000,0x00007fb9a0370000)]
=>0x00007fb9b4220cd0 JavaThread "C1 CompilerThread0" daemon [_thread_in_native, id=466662, stack(0x00007fb9a0170000,0x00007fb9a0270000)]
  0x00007fb9b422a100 JavaThread "Sweeper thread" daemon [_thread_blocked, id=466663, stack(0x00007fb9a0070000,0x00007fb9a0170000)]
  0x00007fb9b42b7be0 JavaThread "Common-Cleaner" daemon [_thread_blocked, id=466664, stack(0x00007fb977f00000,0x00007fb978000000)]
  0x00007fb9b43af5f0 JavaThread "Notification Thread" daemon [_thread_blocked, id=466694, stack(0x00007fb977e00000,0x00007fb977f00000)]
  0x00007fb9b44efda0 JavaThread "process reaper" daemon [_thread_blocked, id=466713, stack(0x00007fb9b3e89000,0x00007fb9b3eab000)]
  0x00007fb9b46017a0 JavaThread "Active Thread: Equinox Container: 2c80b078-5e5f-44f3-a460-70b90748d549" [_thread_blocked, id=466875, stack(0x00007fb977afe000,0x00007fb977bfe000)]
  0x00007fb9b464a4b0 JavaThread "Framework Event Dispatcher: Equinox Container: 2c80b078-5e5f-44f3-a460-70b90748d549" daemon [_thread_blocked, id=466877, stack(0x00007fb9773f2000,0x00007fb9774f2000)]
  0x00007fb9b464d0f0 JavaThread "Start Level: Equinox Container: 2c80b078-5e5f-44f3-a460-70b90748d549" daemon [_thread_blocked, id=466878, stack(0x00007fb9772f2000,0x00007fb9773f2000)]
  0x00007fb934033920 JavaThread "SCR Component Actor" daemon [_thread_blocked, id=466879, stack(0x00007fb976f00000,0x00007fb977000000)]
  0x00007fb93424dbf0 JavaThread "Worker-JM" [_thread_blocked, id=466893, stack(0x00007fb976bfe000,0x00007fb976cfe000)]
  0x00007fb9342fffa0 JavaThread "Worker-0" [_thread_blocked, id=466906, stack(0x00007fb9769fe000,0x00007fb976afe000)]
  0x00007fb93430b430 JavaThread "Worker-1" [_thread_blocked, id=466911, stack(0x00007fb9768fe000,0x00007fb9769fe000)]
  0x00007fb9781f7cd0 JavaThread "C2 CompilerThread1" daemon [_thread_in_native, id=466917, stack(0x00007fb977bfe000,0x00007fb977cfe000)]
  0x00007fb9b465f310 JavaThread "pool-2-thread-1" [_thread_blocked, id=466922, stack(0x00007fb976afe000,0x00007fb976bfe000)]
  0x00007fb9b46e47f0 JavaThread "WorkspaceEventsHandler" [_thread_blocked, id=466924, stack(0x00007fb9767fe000,0x00007fb9768fe000)]
  0x00007fb9b46e5670 JavaThread "pool-1-thread-1" [_thread_in_native, id=466925, stack(0x00007fb9766fe000,0x00007fb9767fe000)]
  0x00007fb918076800 JavaThread "ForkJoinPool.commonPool-worker-1" daemon [_thread_blocked, id=466957, stack(0x00007fb9765fe000,0x00007fb9766fe000)]
  0x00007fb9080017f0 JavaThread "ForkJoinPool.commonPool-worker-2" daemon [_thread_blocked, id=466958, stack(0x00007fb9764fe000,0x00007fb9765fe000)]
  0x00007fb920001080 JavaThread "Worker-2" [_thread_blocked, id=466970, stack(0x00007fb9762fe000,0x00007fb9763fe000)]
  0x00007fb91817bc10 JavaThread "ForkJoinPool.commonPool-worker-3" daemon [_thread_blocked, id=467006, stack(0x00007fb976cfe000,0x00007fb976dfe000)]
  0x00007fb930001300 JavaThread "ForkJoinPool.commonPool-worker-4" daemon [_thread_blocked, id=467009, stack(0x00007fb9763fe000,0x00007fb9764fe000)]

Other Threads:
  0x00007fb9b41d6fa0 VMThread "VM Thread" [stack: 0x00007fb9a0aea000,0x00007fb9a0bea000] [id=466655]
  0x00007fb9b4071ff0 WatcherThread [stack: 0x00007fb977d00000,0x00007fb977e00000] [id=466695]
  0x00007fb9b403fa80 GCTaskThread "GC Thread#0" [stack: 0x00007fb9ba829000,0x00007fb9ba929000] [id=466636]
  0x00007fb990001250 GCTaskThread "GC Thread#1" [stack: 0x00007fb9779fe000,0x00007fb977afe000] [id=466864]
  0x00007fb990003140 GCTaskThread "GC Thread#2" [stack: 0x00007fb9778fc000,0x00007fb9779fc000] [id=466865]
  0x00007fb990003af0 GCTaskThread "GC Thread#3" [stack: 0x00007fb9777fa000,0x00007fb9778fa000] [id=466866]
  0x00007fb9900044a0 GCTaskThread "GC Thread#4" [stack: 0x00007fb9776f8000,0x00007fb9777f8000] [id=466867]
  0x00007fb990004e50 GCTaskThread "GC Thread#5" [stack: 0x00007fb9775f6000,0x00007fb9776f6000] [id=466868]
  0x00007fb990005800 GCTaskThread "GC Thread#6" [stack: 0x00007fb9774f4000,0x00007fb9775f4000] [id=466869]
  0x00007fb990006c90 GCTaskThread "GC Thread#7" [stack: 0x00007fb976e00000,0x00007fb976f00000] [id=466886]

Threads with active compile tasks:
C2 CompilerThread0     7759 4792   !   4       org.eclipse.core.internal.localstore.SafeFileOutputStream::write (20 bytes)
C1 CompilerThread0     7759 4813       3       jdk.internal.org.objectweb.asm.Frame::execute (2318 bytes)
C2 CompilerThread1     7759 4672       4       org.eclipse.jdt.internal.compiler.lookup.BinaryTypeBinding::createMethod (1719 bytes)

VM state: not at safepoint (normal execution)

VM Mutex/Monitor currently owned by a thread: None

Heap address: 0x00000000c0000000, size: 1024 MB, Compressed Oops mode: 32-bit

CDS archive(s) not mapped
Compressed class space mapped at: 0x0000000100000000-0x0000000140000000, reserved size: 1073741824
Narrow klass base: 0x0000000000000000, Narrow klass shift: 3, Narrow klass range: 0x140000000

GC Precious Log:
 CPUs: 8 total, 8 available
 Memory: 15741M
 Large Page Support: Disabled
 NUMA Support: Disabled
 Compressed Oops: Enabled (32-bit)
 Alignments: Space 512K, Generation 512K, Heap 2M
 Heap Min Capacity: 100M
 Heap Initial Capacity: 100M
 Heap Max Capacity: 1G
 Pre-touch: Disabled
 Parallel Workers: 8

Heap:
 PSYoungGen      total 22528K, used 10863K [0x00000000eab00000, 0x00000000ec480000, 0x0000000100000000)
  eden space 20992K, 46% used [0x00000000eab00000,0x00000000eb46fc10,0x00000000ebf80000)
  from space 1536K, 78% used [0x00000000ec100000,0x00000000ec22c010,0x00000000ec280000)
  to   space 2048K, 0% used [0x00000000ec280000,0x00000000ec280000,0x00000000ec480000)
 ParOldGen       total 68608K, used 28469K [0x00000000c0000000, 0x00000000c4300000, 0x00000000eab00000)
  object space 68608K, 41% used [0x00000000c0000000,0x00000000c1bcd688,0x00000000c4300000)
 Metaspace       used 46356K, committed 47104K, reserved 1114112K
  class space    used 4668K, committed 4992K, reserved 1048576K

Card table byte_map: [0x00007fb9ba929000,0x00007fb9bab2a000] _byte_map_base: 0x00007fb9ba329000

Marking Bits: (ParMarkBitMap*) 0x00007fb9bc11eb00
 Begin Bits: [0x00007fb9b86d1000, 0x00007fb9b96d1000)
 End Bits:   [0x00007fb9b96d1000, 0x00007fb9ba6d1000)

Polling page: 0x00007fb9bc60c000

Metaspace:

Usage:
  Non-class:     40,71 MB used.
      Class:      4,56 MB used.
       Both:     45,27 MB used.

Virtual space:
  Non-class space:       64,00 MB reserved,      41,12 MB ( 64%) committed,  1 nodes.
      Class space:        1,00 GB reserved,       4,88 MB ( <1%) committed,  1 nodes.
             Both:        1,06 GB reserved,      46,00 MB (  4%) committed. 

Chunk freelists:
   Non-Class:  6,02 MB
       Class:  11,07 MB
        Both:  17,09 MB

MaxMetaspaceSize: unlimited
CompressedClassSpaceSize: 1,00 GB
Initial GC threshold: 21,00 MB
Current GC threshold: 58,38 MB
CDS: off
MetaspaceReclaimPolicy: balanced
 - commit_granule_bytes: 65536.
 - commit_granule_words: 8192.
 - virtual_space_node_default_size: 8388608.
 - enlarge_chunks_in_place: 1.
 - new_chunks_are_fully_committed: 0.
 - uncommit_free_chunks: 1.
 - use_allocation_guard: 0.
 - handle_deallocations: 1.


Internal statistics:

num_allocs_failed_limit: 6.
num_arena_births: 342.
num_arena_deaths: 14.
num_vsnodes_births: 2.
num_vsnodes_deaths: 0.
num_space_committed: 736.
num_space_uncommitted: 0.
num_chunks_returned_to_freelist: 20.
num_chunks_taken_from_freelist: 1895.
num_chunk_merges: 10.
num_chunk_splits: 1259.
num_chunks_enlarged: 857.
num_inconsistent_stats: 0.

CodeHeap 'non-profiled nmethods': size=120028Kb used=2749Kb max_used=2749Kb free=117278Kb
 bounds [0x00007fb9a9cc9000, 0x00007fb9a9f79000, 0x00007fb9b1200000]
CodeHeap 'profiled nmethods': size=120028Kb used=10284Kb max_used=10284Kb free=109743Kb
 bounds [0x00007fb9a2200000, 0x00007fb9a2c10000, 0x00007fb9a9737000]
CodeHeap 'non-nmethods': size=5704Kb used=1302Kb max_used=1380Kb free=4401Kb
 bounds [0x00007fb9a9737000, 0x00007fb9a99a7000, 0x00007fb9a9cc9000]
 total_blobs=5441 nmethods=4805 adapters=551
 compilation: enabled
              stopped_count=0, restarted_count=0
 full_count=0

Compilation events (20 events):
Event: 7,727 Thread 0x00007fb9b4220cd0 nmethod 4799 0x00007fb9a2c07810 code [0x00007fb9a2c07a20, 0x00007fb9a2c08000]
Event: 7,727 Thread 0x00007fb9b4220cd0 4800       3       org.eclipse.core.internal.resources.ResourceInfo::writeTo (41 bytes)
Event: 7,728 Thread 0x00007fb9b4220cd0 nmethod 4800 0x00007fb9a2c08210 code [0x00007fb9a2c08400, 0x00007fb9a2c08910]
Event: 7,729 Thread 0x00007fb9b421f820 nmethod 4795 0x00007fb9a9f74790 code [0x00007fb9a9f74940, 0x00007fb9a9f74f48]
Event: 7,729 Thread 0x00007fb9b421f820 4802       4       java.io.DataOutputStream::writeUTF (411 bytes)
Event: 7,733 Thread 0x00007fb9b4220cd0 4803       3       java.util.StringTokenizer::countTokens (46 bytes)
Event: 7,733 Thread 0x00007fb9b4220cd0 nmethod 4803 0x00007fb9a2c08a90 code [0x00007fb9a2c08c60, 0x00007fb9a2c08ef0]
Event: 7,734 Thread 0x00007fb9b4220cd0 4804       3       jdk.internal.org.objectweb.asm.MethodVisitor::visitFieldInsn (20 bytes)
Event: 7,734 Thread 0x00007fb9b4220cd0 nmethod 4804 0x00007fb9a2c09010 code [0x00007fb9a2c091c0, 0x00007fb9a2c093c0]
Event: 7,735 Thread 0x00007fb9b4220cd0 4805       3       java.security.SecureClassLoader::getProtectionDomain (38 bytes)
Event: 7,735 Thread 0x00007fb9b4220cd0 nmethod 4805 0x00007fb9a2c09490 code [0x00007fb9a2c09680, 0x00007fb9a2c09c00]
Event: 7,735 Thread 0x00007fb9b4220cd0 4806       3       java.security.SecureClassLoader$CodeSourceKey::<init> (10 bytes)
Event: 7,735 Thread 0x00007fb9b4220cd0 nmethod 4806 0x00007fb9a2c09e10 code [0x00007fb9a2c09fc0, 0x00007fb9a2c0a130]
Event: 7,735 Thread 0x00007fb9b4220cd0 4807       3       java.security.SecureClassLoader$1::<init> (15 bytes)
Event: 7,735 Thread 0x00007fb9b4220cd0 nmethod 4807 0x00007fb9a2c0a210 code [0x00007fb9a2c0a3c0, 0x00007fb9a2c0a550]
Event: 7,735 Thread 0x00007fb9b4220cd0 4808       3       java.security.SecureClassLoader$CodeSourceKey::hashCode (21 bytes)
Event: 7,736 Thread 0x00007fb9b4220cd0 nmethod 4808 0x00007fb9a2c0a610 code [0x00007fb9a2c0a7c0, 0x00007fb9a2c0a9a0]
Event: 7,737 Thread 0x00007fb9b4220cd0 4809       3       java.lang.StringLatin1::lastIndexOf (125 bytes)
Event: 7,738 Thread 0x00007fb9b4220cd0 nmethod 4809 0x00007fb9a2c0aa90 code [0x00007fb9a2c0ac60, 0x00007fb9a2c0b0f0]
Event: 7,745 Thread 0x00007fb9b4220cd0 4813       3       jdk.internal.org.objectweb.asm.Frame::execute (2318 bytes)

GC Heap History (20 events):
Event: 3,527 GC heap before
{Heap before GC invocations=12 (full 1):
 PSYoungGen      total 25600K, used 25568K [0x00000000eab00000, 0x00000000ece00000, 0x0000000100000000)
  eden space 20992K, 100% used [0x00000000eab00000,0x00000000ebf80000,0x00000000ebf80000)
  from space 4608K, 99% used [0x00000000ec600000,0x00000000eca78020,0x00000000eca80000)
  to   space 6656K, 0% used [0x00000000ebf80000,0x00000000ebf80000,0x00000000ec600000)
 ParOldGen       total 68608K, used 11735K [0x00000000c0000000, 0x00000000c4300000, 0x00000000eab00000)
  object space 68608K, 17% used [0x00000000c0000000,0x00000000c0b75e38,0x00000000c4300000)
 Metaspace       used 35020K, committed 35712K, reserved 1114112K
  class space    used 3556K, committed 3840K, reserved 1048576K
}
Event: 3,536 GC heap after
{Heap after GC invocations=12 (full 1):
 PSYoungGen      total 23552K, used 2368K [0x00000000eab00000, 0x00000000ec780000, 0x0000000100000000)
  eden space 20992K, 0% used [0x00000000eab00000,0x00000000eab00000,0x00000000ebf80000)
  from space 2560K, 92% used [0x00000000ebf80000,0x00000000ec1d0000,0x00000000ec200000)
  to   space 4096K, 0% used [0x00000000ec380000,0x00000000ec380000,0x00000000ec780000)
 ParOldGen       total 68608K, used 16322K [0x00000000c0000000, 0x00000000c4300000, 0x00000000eab00000)
  object space 68608K, 23% used [0x00000000c0000000,0x00000000c0ff0b40,0x00000000c4300000)
 Metaspace       used 35020K, committed 35712K, reserved 1114112K
  class space    used 3556K, committed 3840K, reserved 1048576K
}
Event: 3,585 GC heap before
{Heap before GC invocations=13 (full 1):
 PSYoungGen      total 23552K, used 23360K [0x00000000eab00000, 0x00000000ec780000, 0x0000000100000000)
  eden space 20992K, 100% used [0x00000000eab00000,0x00000000ebf80000,0x00000000ebf80000)
  from space 2560K, 92% used [0x00000000ebf80000,0x00000000ec1d0000,0x00000000ec200000)
  to   space 4096K, 0% used [0x00000000ec380000,0x00000000ec380000,0x00000000ec780000)
 ParOldGen       total 68608K, used 16322K [0x00000000c0000000, 0x00000000c4300000, 0x00000000eab00000)
  object space 68608K, 23% used [0x00000000c0000000,0x00000000c0ff0b40,0x00000000c4300000)
 Metaspace       used 35020K, committed 35712K, reserved 1114112K
  class space    used 3556K, committed 3840K, reserved 1048576K
}
Event: 3,591 GC heap after
{Heap after GC invocations=13 (full 1):
 PSYoungGen      total 24064K, used 2624K [0x00000000eab00000, 0x00000000ec680000, 0x0000000100000000)
  eden space 20992K, 0% used [0x00000000eab00000,0x00000000eab00000,0x00000000ebf80000)
  from space 3072K, 85% used [0x00000000ec380000,0x00000000ec610010,0x00000000ec680000)
  to   space 3072K, 0% used [0x00000000ec080000,0x00000000ec080000,0x00000000ec380000)
 ParOldGen       total 68608K, used 18594K [0x00000000c0000000, 0x00000000c4300000, 0x00000000eab00000)
  object space 68608K, 27% used [0x00000000c0000000,0x00000000c1228b40,0x00000000c4300000)
 Metaspace       used 35020K, committed 35712K, reserved 1114112K
  class space    used 3556K, committed 3840K, reserved 1048576K
}
Event: 5,744 GC heap before
{Heap before GC invocations=14 (full 1):
 PSYoungGen      total 24064K, used 18354K [0x00000000eab00000, 0x00000000ec680000, 0x0000000100000000)
  eden space 20992K, 74% used [0x00000000eab00000,0x00000000eba5c990,0x00000000ebf80000)
  from space 3072K, 85% used [0x00000000ec380000,0x00000000ec610010,0x00000000ec680000)
  to   space 3072K, 0% used [0x00000000ec080000,0x00000000ec080000,0x00000000ec380000)
 ParOldGen       total 68608K, used 18594K [0x00000000c0000000, 0x00000000c4300000, 0x00000000eab00000)
  object space 68608K, 27% used [0x00000000c0000000,0x00000000c1228b40,0x00000000c4300000)
 Metaspace       used 35173K, committed 35840K, reserved 1114112K
  class space    used 3567K, committed 3840K, reserved 1048576K
}
Event: 5,747 GC heap after
{Heap after GC invocations=14 (full 1):
 PSYoungGen      total 23552K, used 2508K [0x00000000eab00000, 0x00000000ec580000, 0x0000000100000000)
  eden space 20992K, 0% used [0x00000000eab00000,0x00000000eab00000,0x00000000ebf80000)
  from space 2560K, 97% used [0x00000000ec080000,0x00000000ec2f32b8,0x00000000ec300000)
  to   space 2560K, 0% used [0x00000000ec300000,0x00000000ec300000,0x00000000ec580000)
 ParOldGen       total 68608K, used 21090K [0x00000000c0000000, 0x00000000c4300000, 0x00000000eab00000)
  object space 68608K, 30% used [0x00000000c0000000,0x00000000c1498b50,0x00000000c4300000)
 Metaspace       used 35173K, committed 35840K, reserved 1114112K
  class space    used 3567K, committed 3840K, reserved 1048576K
}
Event: 5,747 GC heap before
{Heap before GC invocations=15 (full 2):
 PSYoungGen      total 23552K, used 2508K [0x00000000eab00000, 0x00000000ec580000, 0x0000000100000000)
  eden space 20992K, 0% used [0x00000000eab00000,0x00000000eab00000,0x00000000ebf80000)
  from space 2560K, 97% used [0x00000000ec080000,0x00000000ec2f32b8,0x00000000ec300000)
  to   space 2560K, 0% used [0x00000000ec300000,0x00000000ec300000,0x00000000ec580000)
 ParOldGen       total 68608K, used 21090K [0x00000000c0000000, 0x00000000c4300000, 0x00000000eab00000)
  object space 68608K, 30% used [0x00000000c0000000,0x00000000c1498b50,0x00000000c4300000)
 Metaspace       used 35173K, committed 35840K, reserved 1114112K
  class space    used 3567K, committed 3840K, reserved 1048576K
}
Event: 5,784 GC heap after
{Heap after GC invocations=15 (full 2):
 PSYoungGen      total 23552K, used 0K [0x00000000eab00000, 0x00000000ec580000, 0x0000000100000000)
  eden space 20992K, 0% used [0x00000000eab00000,0x00000000eab00000,0x00000000ebf80000)
  from space 2560K, 0% used [0x00000000ec080000,0x00000000ec080000,0x00000000ec300000)
  to   space 2560K, 0% used [0x00000000ec300000,0x00000000ec300000,0x00000000ec580000)
 ParOldGen       total 68608K, used 22938K [0x00000000c0000000, 0x00000000c4300000, 0x00000000eab00000)
  object space 68608K, 33% used [0x00000000c0000000,0x00000000c16668f0,0x00000000c4300000)
 Metaspace       used 35173K, committed 35840K, reserved 1114112K
  class space    used 3567K, committed 3840K, reserved 1048576K
}
Event: 6,081 GC heap before
{Heap before GC invocations=16 (full 2):
 PSYoungGen      total 23552K, used 20941K [0x00000000eab00000, 0x00000000ec580000, 0x0000000100000000)
  eden space 20992K, 99% used [0x00000000eab00000,0x00000000ebf73618,0x00000000ebf80000)
  from space 2560K, 0% used [0x00000000ec080000,0x00000000ec080000,0x00000000ec300000)
  to   space 2560K, 0% used [0x00000000ec300000,0x00000000ec300000,0x00000000ec580000)
 ParOldGen       total 68608K, used 22938K [0x00000000c0000000, 0x00000000c4300000, 0x00000000eab00000)
  object space 68608K, 33% used [0x00000000c0000000,0x00000000c16668f0,0x00000000c4300000)
 Metaspace       used 37898K, committed 38592K, reserved 1114112K
  class space    used 3868K, committed 4160K, reserved 1048576K
}
Event: 6,082 GC heap after
{Heap after GC invocations=16 (full 2):
 PSYoungGen      total 22016K, used 984K [0x00000000eab00000, 0x00000000ec400000, 0x0000000100000000)
  eden space 20992K, 0% used [0x00000000eab00000,0x00000000eab00000,0x00000000ebf80000)
  from space 1024K, 96% used [0x00000000ec300000,0x00000000ec3f6098,0x00000000ec400000)
  to   space 2048K, 0% used [0x00000000ec000000,0x00000000ec000000,0x00000000ec200000)
 ParOldGen       total 68608K, used 22946K [0x00000000c0000000, 0x00000000c4300000, 0x00000000eab00000)
  object space 68608K, 33% used [0x00000000c0000000,0x00000000c16688f0,0x00000000c4300000)
 Metaspace       used 37898K, committed 38592K, reserved 1114112K
  class space    used 3868K, committed 4160K, reserved 1048576K
}
Event: 6,185 GC heap before
{Heap before GC invocations=17 (full 2):
 PSYoungGen      total 22016K, used 21976K [0x00000000eab00000, 0x00000000ec400000, 0x0000000100000000)
  eden space 20992K, 100% used [0x00000000eab00000,0x00000000ebf80000,0x00000000ebf80000)
  from space 1024K, 96% used [0x00000000ec300000,0x00000000ec3f6098,0x00000000ec400000)
  to   space 2048K, 0% used [0x00000000ec000000,0x00000000ec000000,0x00000000ec200000)
 ParOldGen       total 68608K, used 22946K [0x00000000c0000000, 0x00000000c4300000, 0x00000000eab00000)
  object space 68608K, 33% used [0x00000000c0000000,0x00000000c16688f0,0x00000000c4300000)
 Metaspace       used 39044K, committed 39744K, reserved 1114112K
  class space    used 4004K, committed 4288K, reserved 1048576K
}
Event: 6,186 GC heap after
{Heap after GC invocations=17 (full 2):
 PSYoungGen      total 23040K, used 512K [0x00000000eab00000, 0x00000000ec380000, 0x0000000100000000)
  eden space 20992K, 0% used [0x00000000eab00000,0x00000000eab00000,0x00000000ebf80000)
  from space 2048K, 25% used [0x00000000ec000000,0x00000000ec080010,0x00000000ec200000)
  to   space 1024K, 0% used [0x00000000ec280000,0x00000000ec280000,0x00000000ec380000)
 ParOldGen       total 68608K, used 23790K [0x00000000c0000000, 0x00000000c4300000, 0x00000000eab00000)
  object space 68608K, 34% used [0x00000000c0000000,0x00000000c173ba50,0x00000000c4300000)
 Metaspace       used 39044K, committed 39744K, reserved 1114112K
  class space    used 4004K, committed 4288K, reserved 1048576K
}
Event: 6,813 GC heap before
{Heap before GC invocations=18 (full 2):
 PSYoungGen      total 23040K, used 21504K [0x00000000eab00000, 0x00000000ec380000, 0x0000000100000000)
  eden space 20992K, 100% used [0x00000000eab00000,0x00000000ebf80000,0x00000000ebf80000)
  from space 2048K, 25% used [0x00000000ec000000,0x00000000ec080010,0x00000000ec200000)
  to   space 1024K, 0% used [0x00000000ec280000,0x00000000ec280000,0x00000000ec380000)
 ParOldGen       total 68608K, used 23790K [0x00000000c0000000, 0x00000000c4300000, 0x00000000eab00000)
  object space 68608K, 34% used [0x00000000c0000000,0x00000000c173ba50,0x00000000c4300000)
 Metaspace       used 41697K, committed 42368K, reserved 1114112K
  class space    used 4236K, committed 4480K, reserved 1048576K
}
Event: 6,814 GC heap after
{Heap after GC invocations=18 (full 2):
 PSYoungGen      total 22016K, used 1024K [0x00000000eab00000, 0x00000000ec380000, 0x0000000100000000)
  eden space 20992K, 0% used [0x00000000eab00000,0x00000000eab00000,0x00000000ebf80000)
  from space 1024K, 100% used [0x00000000ec280000,0x00000000ec380000,0x00000000ec380000)
  to   space 1536K, 0% used [0x00000000ec080000,0x00000000ec080000,0x00000000ec200000)
 ParOldGen       total 68608K, used 24110K [0x00000000c0000000, 0x00000000c4300000, 0x00000000eab00000)
  object space 68608K, 35% used [0x00000000c0000000,0x00000000c178ba70,0x00000000c4300000)
 Metaspace       used 41697K, committed 42368K, reserved 1114112K
  class space    used 4236K, committed 4480K, reserved 1048576K
}
Event: 7,020 GC heap before
{Heap before GC invocations=19 (full 2):
 PSYoungGen      total 22016K, used 21962K [0x00000000eab00000, 0x00000000ec380000, 0x0000000100000000)
  eden space 20992K, 99% used [0x00000000eab00000,0x00000000ebf728d0,0x00000000ebf80000)
  from space 1024K, 100% used [0x00000000ec280000,0x00000000ec380000,0x00000000ec380000)
  to   space 1536K, 0% used [0x00000000ec080000,0x00000000ec080000,0x00000000ec200000)
 ParOldGen       total 68608K, used 24110K [0x00000000c0000000, 0x00000000c4300000, 0x00000000eab00000)
  object space 68608K, 35% used [0x00000000c0000000,0x00000000c178ba70,0x00000000c4300000)
 Metaspace       used 43654K, committed 44352K, reserved 1114112K
  class space    used 4430K, committed 4736K, reserved 1048576K
}
Event: 7,027 GC heap after
{Heap after GC invocations=19 (full 2):
 PSYoungGen      total 22528K, used 1534K [0x00000000eab00000, 0x00000000ec880000, 0x0000000100000000)
  eden space 20992K, 0% used [0x00000000eab00000,0x00000000eab00000,0x00000000ebf80000)
  from space 1536K, 99% used [0x00000000ec080000,0x00000000ec1ffb88,0x00000000ec200000)
  to   space 4608K, 0% used [0x00000000ec400000,0x00000000ec400000,0x00000000ec880000)
 ParOldGen       total 68608K, used 26284K [0x00000000c0000000, 0x00000000c4300000, 0x00000000eab00000)
  object space 68608K, 38% used [0x00000000c0000000,0x00000000c19ab018,0x00000000c4300000)
 Metaspace       used 43654K, committed 44352K, reserved 1114112K
  class space    used 4430K, committed 4736K, reserved 1048576K
}
Event: 7,090 GC heap before
{Heap before GC invocations=20 (full 2):
 PSYoungGen      total 22528K, used 22444K [0x00000000eab00000, 0x00000000ec880000, 0x0000000100000000)
  eden space 20992K, 99% used [0x00000000eab00000,0x00000000ebf6b7a8,0x00000000ebf80000)
  from space 1536K, 99% used [0x00000000ec080000,0x00000000ec1ffb88,0x00000000ec200000)
  to   space 4608K, 0% used [0x00000000ec400000,0x00000000ec400000,0x00000000ec880000)
 ParOldGen       total 68608K, used 26284K [0x00000000c0000000, 0x00000000c4300000, 0x00000000eab00000)
  object space 68608K, 38% used [0x00000000c0000000,0x00000000c19ab018,0x00000000c4300000)
 Metaspace       used 43767K, committed 44544K, reserved 1114112K
  class space    used 4438K, committed 4736K, reserved 1048576K
}
Event: 7,093 GC heap after
{Heap after GC invocations=20 (full 2):
 PSYoungGen      total 23040K, used 1903K [0x00000000eab00000, 0x00000000ec600000, 0x0000000100000000)
  eden space 20992K, 0% used [0x00000000eab00000,0x00000000eab00000,0x00000000ebf80000)
  from space 2048K, 92% used [0x00000000ec400000,0x00000000ec5dbd58,0x00000000ec600000)
  to   space 2560K, 0% used [0x00000000ec100000,0x00000000ec100000,0x00000000ec380000)
 ParOldGen       total 68608K, used 27632K [0x00000000c0000000, 0x00000000c4300000, 0x00000000eab00000)
  object space 68608K, 40% used [0x00000000c0000000,0x00000000c1afc318,0x00000000c4300000)
 Metaspace       used 43767K, committed 44544K, reserved 1114112K
  class space    used 4438K, committed 4736K, reserved 1048576K
}
Event: 7,455 GC heap before
{Heap before GC invocations=21 (full 2):
 PSYoungGen      total 23040K, used 22895K [0x00000000eab00000, 0x00000000ec600000, 0x0000000100000000)
  eden space 20992K, 100% used [0x00000000eab00000,0x00000000ebf80000,0x00000000ebf80000)
  from space 2048K, 92% used [0x00000000ec400000,0x00000000ec5dbd58,0x00000000ec600000)
  to   space 2560K, 0% used [0x00000000ec100000,0x00000000ec100000,0x00000000ec380000)
 ParOldGen       total 68608K, used 27632K [0x00000000c0000000, 0x00000000c4300000, 0x00000000eab00000)
  object space 68608K, 40% used [0x00000000c0000000,0x00000000c1afc318,0x00000000c4300000)
 Metaspace       used 45747K, committed 46464K, reserved 1114112K
  class space    used 4615K, committed 4928K, reserved 1048576K
}
Event: 7,457 GC heap after
{Heap after GC invocations=21 (full 2):
 PSYoungGen      total 22528K, used 1200K [0x00000000eab00000, 0x00000000ec480000, 0x0000000100000000)
  eden space 20992K, 0% used [0x00000000eab00000,0x00000000eab00000,0x00000000ebf80000)
  from space 1536K, 78% used [0x00000000ec100000,0x00000000ec22c010,0x00000000ec280000)
  to   space 2048K, 0% used [0x00000000ec280000,0x00000000ec280000,0x00000000ec480000)
 ParOldGen       total 68608K, used 28469K [0x00000000c0000000, 0x00000000c4300000, 0x00000000eab00000)
  object space 68608K, 41% used [0x00000000c0000000,0x00000000c1bcd688,0x00000000c4300000)
 Metaspace       used 45747K, committed 46464K, reserved 1114112K
  class space    used 4615K, committed 4928K, reserved 1048576K
}

Dll operation events (9 events):
Event: 0,001 Loaded shared library /home/lecasseur/.vscode/extensions/redhat.java-1.19.2023052404-linux-x64/jre/17.0.7-linux-x86_64/lib/libjava.so
Event: 0,119 Loaded shared library /home/lecasseur/.vscode/extensions/redhat.java-1.19.2023052404-linux-x64/jre/17.0.7-linux-x86_64/lib/libzip.so
Event: 0,121 Loaded shared library /home/lecasseur/.vscode/extensions/redhat.java-1.19.2023052404-linux-x64/jre/17.0.7-linux-x86_64/lib/libinstrument.so
Event: 0,126 Loaded shared library /home/lecasseur/.vscode/extensions/redhat.java-1.19.2023052404-linux-x64/jre/17.0.7-linux-x86_64/lib/libnio.so
Event: 0,133 Loaded shared library /home/lecasseur/.vscode/extensions/redhat.java-1.19.2023052404-linux-x64/jre/17.0.7-linux-x86_64/lib/libzip.so
Event: 0,144 Loaded shared library /home/lecasseur/.vscode/extensions/redhat.java-1.19.2023052404-linux-x64/jre/17.0.7-linux-x86_64/lib/libjimage.so
Event: 0,170 Loaded shared library /home/lecasseur/.vscode/extensions/redhat.java-1.19.2023052404-linux-x64/jre/17.0.7-linux-x86_64/lib/libverify.so
Event: 0,790 Loaded shared library /home/lecasseur/.vscode/extensions/redhat.java-1.19.2023052404-linux-x64/jre/17.0.7-linux-x86_64/lib/libnet.so
Event: 1,149 Loaded shared library /home/lecasseur/.config/Code/User/globalStorage/redhat.java/1.19.2023052404/config_ss_linux/org.eclipse.equinox.launcher/org.eclipse.equinox.launcher.gtk.linux.x86_64_1.2.700.v20221108-1024/eclipse_11801.so

Deoptimization events (20 events):
Event: 7,699 Thread 0x00007fb920001080 Uncommon trap: trap_request=0xffffffde fr.pc=0x00007fb9a9e2d700 relative=0x0000000000000a80
Event: 7,699 Thread 0x00007fb920001080 Uncommon trap: reason=class_check action=maybe_recompile pc=0x00007fb9a9e2d700 method=java.util.Spliterators$1Adapter.hasNext()Z @ 12 c2
Event: 7,699 Thread 0x00007fb920001080 DEOPT PACKING pc=0x00007fb9a9e2d700 sp=0x00007fb9763fbe40
Event: 7,699 Thread 0x00007fb920001080 DEOPT UNPACKING pc=0x00007fb9a978d399 sp=0x00007fb9763fbe28 mode 2
Event: 7,699 Thread 0x00007fb920001080 Uncommon trap: trap_request=0xffffffde fr.pc=0x00007fb9a9e2d700 relative=0x0000000000000a80
Event: 7,699 Thread 0x00007fb920001080 Uncommon trap: reason=class_check action=maybe_recompile pc=0x00007fb9a9e2d700 method=java.util.Spliterators$1Adapter.hasNext()Z @ 12 c2
Event: 7,699 Thread 0x00007fb920001080 DEOPT PACKING pc=0x00007fb9a9e2d700 sp=0x00007fb9763fbe50
Event: 7,699 Thread 0x00007fb920001080 DEOPT UNPACKING pc=0x00007fb9a978d399 sp=0x00007fb9763fbe38 mode 2
Event: 7,699 Thread 0x00007fb920001080 Uncommon trap: trap_request=0xffffffde fr.pc=0x00007fb9a9e2d700 relative=0x0000000000000a80
Event: 7,699 Thread 0x00007fb920001080 Uncommon trap: reason=class_check action=maybe_recompile pc=0x00007fb9a9e2d700 method=java.util.Spliterators$1Adapter.hasNext()Z @ 12 c2
Event: 7,699 Thread 0x00007fb920001080 DEOPT PACKING pc=0x00007fb9a9e2d700 sp=0x00007fb9763fbe50
Event: 7,699 Thread 0x00007fb920001080 DEOPT UNPACKING pc=0x00007fb9a978d399 sp=0x00007fb9763fbe38 mode 2
Event: 7,700 Thread 0x00007fb920001080 Uncommon trap: trap_request=0xffffffde fr.pc=0x00007fb9a9e2d700 relative=0x0000000000000a80
Event: 7,700 Thread 0x00007fb920001080 Uncommon trap: reason=class_check action=maybe_recompile pc=0x00007fb9a9e2d700 method=java.util.Spliterators$1Adapter.hasNext()Z @ 12 c2
Event: 7,700 Thread 0x00007fb920001080 DEOPT PACKING pc=0x00007fb9a9e2d700 sp=0x00007fb9763fbdb0
Event: 7,700 Thread 0x00007fb920001080 DEOPT UNPACKING pc=0x00007fb9a978d399 sp=0x00007fb9763fbd98 mode 2
Event: 7,743 Thread 0x00007fb920001080 Uncommon trap: trap_request=0xffffff45 fr.pc=0x00007fb9a9e10478 relative=0x0000000000004038
Event: 7,743 Thread 0x00007fb920001080 Uncommon trap: reason=unstable_if action=reinterpret pc=0x00007fb9a9e10478 method=jdk.internal.org.objectweb.asm.Frame.push(I)V @ 26 c2
Event: 7,743 Thread 0x00007fb920001080 DEOPT PACKING pc=0x00007fb9a9e10478 sp=0x00007fb9763faf50
Event: 7,743 Thread 0x00007fb920001080 DEOPT UNPACKING pc=0x00007fb9a978d399 sp=0x00007fb9763fae78 mode 2

Classes unloaded (7 events):
Event: 1,704 Thread 0x00007fb9b41d6fa0 Unloading class 0x0000000100236400 'java/lang/invoke/LambdaForm$MH+0x0000000100236400'
Event: 1,704 Thread 0x00007fb9b41d6fa0 Unloading class 0x0000000100236000 'java/lang/invoke/LambdaForm$MH+0x0000000100236000'
Event: 1,704 Thread 0x00007fb9b41d6fa0 Unloading class 0x0000000100235c00 'java/lang/invoke/LambdaForm$MH+0x0000000100235c00'
Event: 1,704 Thread 0x00007fb9b41d6fa0 Unloading class 0x0000000100235800 'java/lang/invoke/LambdaForm$MH+0x0000000100235800'
Event: 1,704 Thread 0x00007fb9b41d6fa0 Unloading class 0x0000000100235000 'java/lang/invoke/LambdaForm$BMH+0x0000000100235000'
Event: 1,704 Thread 0x00007fb9b41d6fa0 Unloading class 0x0000000100234c00 'java/lang/invoke/LambdaForm$DMH+0x0000000100234c00'
Event: 1,704 Thread 0x00007fb9b41d6fa0 Unloading class 0x0000000100232000 'java/lang/invoke/LambdaForm$DMH+0x0000000100232000'

Classes redefined (0 events):
No events

Internal exceptions (20 events):
Event: 7,536 Thread 0x00007fb9342fffa0 Exception <a 'java/lang/NullPointerException'{0x00000000eaf526f8}> (0x00000000eaf526f8) 
thrown [src/hotspot/share/interpreter/linkResolver.cpp, line 1350]
Event: 7,536 Thread 0x00007fb9342fffa0 Exception <a 'java/lang/NullPointerException'{0x00000000eaf52f20}> (0x00000000eaf52f20) 
thrown [src/hotspot/share/interpreter/linkResolver.cpp, line 1350]
Event: 7,536 Thread 0x00007fb9342fffa0 Exception <a 'java/lang/NullPointerException'{0x00000000eaf544f0}> (0x00000000eaf544f0) 
thrown [src/hotspot/share/interpreter/linkResolver.cpp, line 1350]
Event: 7,536 Thread 0x00007fb9342fffa0 Exception <a 'java/lang/NullPointerException'{0x00000000eaf59248}> (0x00000000eaf59248) 
thrown [src/hotspot/share/interpreter/linkResolver.cpp, line 1350]
Event: 7,536 Thread 0x00007fb9342fffa0 Exception <a 'java/lang/NullPointerException'{0x00000000eaf599c8}> (0x00000000eaf599c8) 
thrown [src/hotspot/share/interpreter/linkResolver.cpp, line 1350]
Event: 7,536 Thread 0x00007fb9342fffa0 Exception <a 'java/lang/NullPointerException'{0x00000000eaf59ff0}> (0x00000000eaf59ff0) 
thrown [src/hotspot/share/interpreter/linkResolver.cpp, line 1350]
Event: 7,536 Thread 0x00007fb9342fffa0 Exception <a 'java/lang/NullPointerException'{0x00000000eaf5a610}> (0x00000000eaf5a610) 
thrown [src/hotspot/share/interpreter/linkResolver.cpp, line 1350]
Event: 7,567 Thread 0x00007fb9342fffa0 Exception <a 'java/lang/NullPointerException'{0x00000000eb0cea70}> (0x00000000eb0cea70) 
thrown [src/hotspot/share/interpreter/linkResolver.cpp, line 1350]
Event: 7,567 Thread 0x00007fb9342fffa0 Exception <a 'java/lang/NullPointerException'{0x00000000eb0d0248}> (0x00000000eb0d0248) 
thrown [src/hotspot/share/interpreter/linkResolver.cpp, line 1350]
Event: 7,571 Thread 0x00007fb9342fffa0 Exception <a 'java/lang/NullPointerException'{0x00000000eb0d0ca8}> (0x00000000eb0d0ca8) 
thrown [src/hotspot/share/interpreter/linkResolver.cpp, line 1350]
Event: 7,571 Thread 0x00007fb9342fffa0 Exception <a 'java/lang/NullPointerException'{0x00000000eb0d1e80}> (0x00000000eb0d1e80) 
thrown [src/hotspot/share/interpreter/linkResolver.cpp, line 1350]
Event: 7,571 Thread 0x00007fb9342fffa0 Exception <a 'java/lang/NullPointerException'{0x00000000eb0d26a8}> (0x00000000eb0d26a8) 
thrown [src/hotspot/share/interpreter/linkResolver.cpp, line 1350]
Event: 7,571 Thread 0x00007fb9342fffa0 Exception <a 'java/lang/NullPointerException'{0x00000000eb0d3c60}> (0x00000000eb0d3c60) 
thrown [src/hotspot/share/interpreter/linkResolver.cpp, line 1350]
Event: 7,572 Thread 0x00007fb9342fffa0 Exception <a 'java/lang/NullPointerException'{0x00000000eb0d89b8}> (0x00000000eb0d89b8) 
thrown [src/hotspot/share/interpreter/linkResolver.cpp, line 1350]
Event: 7,572 Thread 0x00007fb9342fffa0 Exception <a 'java/lang/NullPointerException'{0x00000000eb0d9120}> (0x00000000eb0d9120) 
thrown [src/hotspot/share/interpreter/linkResolver.cpp, line 1350]
Event: 7,572 Thread 0x00007fb9342fffa0 Exception <a 'java/lang/NullPointerException'{0x00000000eb0d9748}> (0x00000000eb0d9748) 
thrown [src/hotspot/share/interpreter/linkResolver.cpp, line 1350]
Event: 7,572 Thread 0x00007fb9342fffa0 Exception <a 'java/lang/NullPointerException'{0x00000000eb0d9d48}> (0x00000000eb0d9d48) 
thrown [src/hotspot/share/interpreter/linkResolver.cpp, line 1350]
Event: 7,744 Thread 0x00007fb920001080 Exception <a 'java/lang/NoSuchMethodError'{0x00000000eb3a8e00}: 'java.lang.Object java.lang.invoke.DirectMethodHandle$Holder.newInvokeSpecial(java.lang.Object, java.lang.Object, java.lang.Object, java.lang.Object, java.lang.Object, java.lang.Object, java.lang.Object, java.lang.Object, java.lang.Object, java.lang.Object)'> (0x00000000eb3a8e00) 
thrown [src/hotspot/share/interpreter/linkResolver.cpp, line 758]
Event: 7,744 Thread 0x00007fb920001080 Exception <a 'java/lang/NoSuchMethodError'{0x00000000eb3add48}: 'java.lang.Object java.lang.invoke.DirectMethodHandle$Holder.invokeSpecial(java.lang.Object, java.lang.Object, java.lang.Object, java.lang.Object, java.lang.Object, java.lang.Object, java.lang.Object, java.lang.Object, java.lang.Object, java.lang.Object, java.lang.Object)'> (0x00000000eb3add48) 
thrown [src/hotspot/share/interpreter/linkResolver.cpp, line 758]
Event: 7,744 Thread 0x00007fb920001080 Exception <a 'java/lang/NoSuchMethodError'{0x00000000eb3b24b8}: 'java.lang.Object java.lang.invoke.Invokers$Holder.linkToTargetMethod(java.lang.Object, java.lang.Object, java.lang.Object, java.lang.Object, java.lang.Object, java.lang.Object, java.lang.Object, java.lang.Object, java.lang.Object, java.lang.Object)'> (0x00000000eb3b24b8) 
thrown [src/hotspot/share/interpreter/linkResolver.cpp, line 758]

VM Operations (20 events):
Event: 6,081 Executing VM operation: ParallelGCFailedAllocation
Event: 6,082 Executing VM operation: ParallelGCFailedAllocation done
Event: 6,185 Executing VM operation: ParallelGCFailedAllocation
Event: 6,186 Executing VM operation: ParallelGCFailedAllocation done
Event: 6,234 Executing VM operation: HandshakeAllThreads
Event: 6,235 Executing VM operation: HandshakeAllThreads done
Event: 6,763 Executing VM operation: HandshakeAllThreads
Event: 6,763 Executing VM operation: HandshakeAllThreads done
Event: 6,813 Executing VM operation: ParallelGCFailedAllocation
Event: 6,814 Executing VM operation: ParallelGCFailedAllocation done
Event: 6,869 Executing VM operation: HandshakeAllThreads
Event: 6,869 Executing VM operation: HandshakeAllThreads done
Event: 7,020 Executing VM operation: ParallelGCFailedAllocation
Event: 7,027 Executing VM operation: ParallelGCFailedAllocation done
Event: 7,090 Executing VM operation: ParallelGCFailedAllocation
Event: 7,093 Executing VM operation: ParallelGCFailedAllocation done
Event: 7,454 Executing VM operation: ParallelGCFailedAllocation
Event: 7,457 Executing VM operation: ParallelGCFailedAllocation done
Event: 7,716 Executing VM operation: HandshakeAllThreads
Event: 7,716 Executing VM operation: HandshakeAllThreads done

Events (20 events):
Event: 7,733 loading class sun/util/locale/provider/TimeZoneNameProviderImpl done
Event: 7,733 loading class sun/util/cldr/CLDRTimeZoneNameProviderImpl done
Event: 7,734 loading class sun/util/locale/provider/BaseLocaleDataMetaInfo
Event: 7,734 loading class sun/util/locale/provider/BaseLocaleDataMetaInfo done
Event: 7,735 loading class sun/util/resources/cldr/TimeZoneNames
Event: 7,736 loading class sun/util/resources/TimeZoneNamesBundle
Event: 7,736 loading class sun/util/resources/OpenListResourceBundle
Event: 7,736 loading class sun/util/resources/OpenListResourceBundle done
Event: 7,736 loading class sun/util/resources/TimeZoneNamesBundle done
Event: 7,736 loading class sun/util/resources/cldr/TimeZoneNames done
Event: 7,736 loading class sun/util/resources/cldr/TimeZoneNames_en
Event: 7,737 loading class sun/util/resources/cldr/TimeZoneNames_en done
Event: 7,737 loading class sun/util/resources/cldr/TimeZoneNames_en_US
Event: 7,737 loading class sun/util/resources/cldr/TimeZoneNames_en_US done
Event: 7,739 loading class sun/util/resources/TimeZoneNames
Event: 7,740 loading class sun/util/resources/TimeZoneNames done
Event: 7,740 loading class sun/util/resources/TimeZoneNames_en
Event: 7,740 loading class sun/util/resources/TimeZoneNames_en done
Event: 7,746 Thread 0x00007fb8f80084e0 Thread added: 0x00007fb8f80084e0
Event: 7,746 Protecting memory [0x00007fb975ffe000,0x00007fb976002000] with protection modes 0


Dynamic libraries:
c0000000-c4300000 rw-p 00000000 00:00 0 
c4300000-eab00000 ---p 00000000 00:00 0 
eab00000-ec480000 rw-p 00000000 00:00 0 
ec480000-100000000 ---p 00000000 00:00 0 
100000000-100020000 rw-p 00000000 00:00 0 
100020000-100040000 rw-p 00000000 00:00 0 
100040000-1000c0000 rw-p 00000000 00:00 0 
1000c0000-1000e0000 rw-p 00000000 00:00 0 
1000e0000-100140000 rw-p 00000000 00:00 0 
100140000-1001c0000 rw-p 00000000 00:00 0 
1001c0000-100200000 rw-p 00000000 00:00 0 
100200000-100340000 rw-p 00000000 00:00 0 
100340000-100370000 rw-p 00000000 00:00 0 
100370000-100380000 ---p 00000000 00:00 0 
100380000-1004f0000 rw-p 00000000 00:00 0 
1004f0000-140000000 ---p 00000000 00:00 0 
55fed7f45000-55fed7f46000 r--p 00000000 103:07 1708442                   /home/lecasseur/.vscode/extensions/redhat.java-1.19.2023052404-linux-x64/jre/17.0.7-linux-x86_64/bin/java
55fed7f46000-55fed7f47000 r-xp 00001000 103:07 1708442                   /home/lecasseur/.vscode/extensions/redhat.java-1.19.2023052404-linux-x64/jre/17.0.7-linux-x86_64/bin/java
55fed7f47000-55fed7f48000 r--p 00002000 103:07 1708442                   /home/lecasseur/.vscode/extensions/redhat.java-1.19.2023052404-linux-x64/jre/17.0.7-linux-x86_64/bin/java
55fed7f48000-55fed7f49000 r--p 00002000 103:07 1708442                   /home/lecasseur/.vscode/extensions/redhat.java-1.19.2023052404-linux-x64/jre/17.0.7-linux-x86_64/bin/java
55fed7f49000-55fed7f4a000 rw-p 00003000 103:07 1708442                   /home/lecasseur/.vscode/extensions/redhat.java-1.19.2023052404-linux-x64/jre/17.0.7-linux-x86_64/bin/java
55fed8f32000-55fed8f7a000 rw-p 00000000 00:00 0                          [heap]
7fb8f0000000-7fb8f0021000 rw-p 00000000 00:00 0 
7fb8f0021000-7fb8f4000000 ---p 00000000 00:00 0 
7fb8f4000000-7fb8f4021000 rw-p 00000000 00:00 0 
7fb8f4021000-7fb8f8000000 ---p 00000000 00:00 0 
7fb8f8000000-7fb8f8033000 rw-p 00000000 00:00 0 
7fb8f8033000-7fb8fc000000 ---p 00000000 00:00 0 
7fb8fc000000-7fb8fd4ec000 rw-p 00000000 00:00 0 
7fb8fd4ec000-7fb900000000 ---p 00000000 00:00 0 
7fb900000000-7fb90015b000 rw-p 00000000 00:00 0 
7fb90015b000-7fb904000000 ---p 00000000 00:00 0 
7fb904000000-7fb904552000 rw-p 00000000 00:00 0 
7fb904552000-7fb908000000 ---p 00000000 00:00 0 
7fb908000000-7fb908392000 rw-p 00000000 00:00 0 
7fb908392000-7fb90c000000 ---p 00000000 00:00 0 
7fb90c400000-7fb913e43000 r--s 00000000 103:07 167766                    /usr/lib/jvm/java-17-openjdk-amd64/lib/modules
7fb914000000-7fb914021000 rw-p 00000000 00:00 0 
7fb914021000-7fb918000000 ---p 00000000 00:00 0 
7fb918000000-7fb9181a6000 rw-p 00000000 00:00 0 
7fb9181a6000-7fb91c000000 ---p 00000000 00:00 0 
7fb91c000000-7fb91c0f2000 rw-p 00000000 00:00 0 
7fb91c0f2000-7fb920000000 ---p 00000000 00:00 0 
7fb920000000-7fb920021000 rw-p 00000000 00:00 0 
7fb920021000-7fb924000000 ---p 00000000 00:00 0 
7fb924000000-7fb924021000 rw-p 00000000 00:00 0 
7fb924021000-7fb928000000 ---p 00000000 00:00 0 
7fb928000000-7fb9280c9000 rw-p 00000000 00:00 0 
7fb9280c9000-7fb92c000000 ---p 00000000 00:00 0 
7fb92c000000-7fb92c021000 rw-p 00000000 00:00 0 
7fb92c021000-7fb930000000 ---p 00000000 00:00 0 
7fb930000000-7fb930025000 rw-p 00000000 00:00 0 
7fb930025000-7fb934000000 ---p 00000000 00:00 0 
7fb934000000-7fb93476b000 rw-p 00000000 00:00 0 
7fb93476b000-7fb938000000 ---p 00000000 00:00 0 
7fb938000000-7fb938021000 rw-p 00000000 00:00 0 
7fb938021000-7fb93c000000 ---p 00000000 00:00 0 
7fb93c000000-7fb93c021000 rw-p 00000000 00:00 0 
7fb93c021000-7fb940000000 ---p 00000000 00:00 0 
7fb940000000-7fb940021000 rw-p 00000000 00:00 0 
7fb940021000-7fb944000000 ---p 00000000 00:00 0 
7fb944000000-7fb944021000 rw-p 00000000 00:00 0 
7fb944021000-7fb948000000 ---p 00000000 00:00 0 
7fb948000000-7fb948021000 rw-p 00000000 00:00 0 
7fb948021000-7fb94c000000 ---p 00000000 00:00 0 
7fb94c000000-7fb94c021000 rw-p 00000000 00:00 0 
7fb94c021000-7fb950000000 ---p 00000000 00:00 0 
7fb950000000-7fb950021000 rw-p 00000000 00:00 0 
7fb950021000-7fb954000000 ---p 00000000 00:00 0 
7fb954000000-7fb954021000 rw-p 00000000 00:00 0 
7fb954021000-7fb958000000 ---p 00000000 00:00 0 
7fb958000000-7fb958021000 rw-p 00000000 00:00 0 
7fb958021000-7fb95c000000 ---p 00000000 00:00 0 
7fb95c000000-7fb95d287000 rw-p 00000000 00:00 0 
7fb95d287000-7fb960000000 ---p 00000000 00:00 0 
7fb960000000-7fb960188000 rw-p 00000000 00:00 0 
7fb960188000-7fb964000000 ---p 00000000 00:00 0 
7fb964000000-7fb964021000 rw-p 00000000 00:00 0 
7fb964021000-7fb968000000 ---p 00000000 00:00 0 
7fb968000000-7fb968021000 rw-p 00000000 00:00 0 
7fb968021000-7fb96c000000 ---p 00000000 00:00 0 
7fb96c000000-7fb96c021000 rw-p 00000000 00:00 0 
7fb96c021000-7fb970000000 ---p 00000000 00:00 0 
7fb970000000-7fb970021000 rw-p 00000000 00:00 0 
7fb970021000-7fb974000000 ---p 00000000 00:00 0 
7fb975ffe000-7fb976002000 ---p 00000000 00:00 0 
7fb976002000-7fb9760fe000 rw-p 00000000 00:00 0 
7fb9760fe000-7fb976102000 ---p 00000000 00:00 0 
7fb976102000-7fb9761fe000 rw-p 00000000 00:00 0 
7fb9761fe000-7fb976202000 ---p 00000000 00:00 0 
7fb976202000-7fb9762fe000 rw-p 00000000 00:00 0 
7fb9762fe000-7fb976302000 ---p 00000000 00:00 0 
7fb976302000-7fb9763fe000 rw-p 00000000 00:00 0 
7fb9763fe000-7fb976402000 ---p 00000000 00:00 0 
7fb976402000-7fb9764fe000 rw-p 00000000 00:00 0 
7fb9764fe000-7fb976502000 ---p 00000000 00:00 0 
7fb976502000-7fb9765fe000 rw-p 00000000 00:00 0 
7fb9765fe000-7fb976602000 ---p 00000000 00:00 0 
7fb976602000-7fb9766fe000 rw-p 00000000 00:00 0 
7fb9766fe000-7fb976702000 ---p 00000000 00:00 0 
7fb976702000-7fb9767fe000 rw-p 00000000 00:00 0 
7fb9767fe000-7fb976802000 ---p 00000000 00:00 0 
7fb976802000-7fb9768fe000 rw-p 00000000 00:00 0 
7fb9768fe000-7fb976902000 ---p 00000000 00:00 0 
7fb976902000-7fb9769fe000 rw-p 00000000 00:00 0 
7fb9769fe000-7fb976a02000 ---p 00000000 00:00 0 
7fb976a02000-7fb976afe000 rw-p 00000000 00:00 0 
7fb976afe000-7fb976b02000 ---p 00000000 00:00 0 
7fb976b02000-7fb976bfe000 rw-p 00000000 00:00 0 
7fb976bfe000-7fb976c02000 ---p 00000000 00:00 0 
7fb976c02000-7fb976cfe000 rw-p 00000000 00:00 0 
7fb976cfe000-7fb976d02000 ---p 00000000 00:00 0 
7fb976d02000-7fb976dfe000 rw-p 00000000 00:00 0 
7fb976dfe000-7fb976dff000 ---p 00000000 00:00 0 
7fb976dff000-7fb976f00000 rw-p 00000000 00:00 0 
7fb976f00000-7fb976f04000 ---p 00000000 00:00 0 
7fb976f04000-7fb977000000 rw-p 00000000 00:00 0 
7fb977000000-7fb977010000 r-xp 00000000 103:07 2925836                   /home/lecasseur/.config/Code/User/globalStorage/redhat.java/1.19.2023052404/config_ss_linux/org.eclipse.equinox.launcher/org.eclipse.equinox.launcher.gtk.linux.x86_64_1.2.700.v20221108-1024/eclipse_11801.so
7fb977010000-7fb97720f000 ---p 00010000 103:07 2925836                   /home/lecasseur/.config/Code/User/globalStorage/redhat.java/1.19.2023052404/config_ss_linux/org.eclipse.equinox.launcher/org.eclipse.equinox.launcher.gtk.linux.x86_64_1.2.700.v20221108-1024/eclipse_11801.so
7fb97720f000-7fb977210000 r--p 0000f000 103:07 2925836                   /home/lecasseur/.config/Code/User/globalStorage/redhat.java/1.19.2023052404/config_ss_linux/org.eclipse.equinox.launcher/org.eclipse.equinox.launcher.gtk.linux.x86_64_1.2.700.v20221108-1024/eclipse_11801.so
7fb977210000-7fb977211000 rw-p 00010000 103:07 2925836                   /home/lecasseur/.config/Code/User/globalStorage/redhat.java/1.19.2023052404/config_ss_linux/org.eclipse.equinox.launcher/org.eclipse.equinox.launcher.gtk.linux.x86_64_1.2.700.v20221108-1024/eclipse_11801.so
7fb977211000-7fb977212000 rw-p 00000000 00:00 0 
7fb9772f2000-7fb9772f6000 ---p 00000000 00:00 0 
7fb9772f6000-7fb9773f2000 rw-p 00000000 00:00 0 
7fb9773f2000-7fb9773f6000 ---p 00000000 00:00 0 
7fb9773f6000-7fb9774f2000 rw-p 00000000 00:00 0 
7fb9774f2000-7fb9774f3000 ---p 00000000 00:00 0 
7fb9774f3000-7fb9775f4000 rw-p 00000000 00:00 0 
7fb9775f4000-7fb9775f5000 ---p 00000000 00:00 0 
7fb9775f5000-7fb9776f6000 rw-p 00000000 00:00 0 
7fb9776f6000-7fb9776f7000 ---p 00000000 00:00 0 
7fb9776f7000-7fb9777f8000 rw-p 00000000 00:00 0 
7fb9777f8000-7fb9777f9000 ---p 00000000 00:00 0 
7fb9777f9000-7fb9778fa000 rw-p 00000000 00:00 0 
7fb9778fa000-7fb9778fb000 ---p 00000000 00:00 0 
7fb9778fb000-7fb9779fc000 rw-p 00000000 00:00 0 
7fb9779fc000-7fb9779fd000 ---p 00000000 00:00 0 
7fb9779fd000-7fb977afe000 rw-p 00000000 00:00 0 
7fb977afe000-7fb977b02000 ---p 00000000 00:00 0 
7fb977b02000-7fb977bfe000 rw-p 00000000 00:00 0 
7fb977bfe000-7fb977c02000 ---p 00000000 00:00 0 
7fb977c02000-7fb977cfe000 rw-p 00000000 00:00 0 
7fb977cfe000-7fb977cff000 ---p 00000000 00:00 0 
7fb977cff000-7fb977e00000 rw-p 00000000 00:00 0 
7fb977e00000-7fb977e04000 ---p 00000000 00:00 0 
7fb977e04000-7fb977f00000 rw-p 00000000 00:00 0 
7fb977f00000-7fb977f04000 ---p 00000000 00:00 0 
7fb977f04000-7fb978000000 rw-p 00000000 00:00 0 
7fb978000000-7fb9797e8000 rw-p 00000000 00:00 0 
7fb9797e8000-7fb97c000000 ---p 00000000 00:00 0 
7fb97c000000-7fb97cd32000 rw-p 00000000 00:00 0 
7fb97cd32000-7fb980000000 ---p 00000000 00:00 0 
7fb980000000-7fb980021000 rw-p 00000000 00:00 0 
7fb980021000-7fb984000000 ---p 00000000 00:00 0 
7fb984000000-7fb984021000 rw-p 00000000 00:00 0 
7fb984021000-7fb988000000 ---p 00000000 00:00 0 
7fb988000000-7fb988021000 rw-p 00000000 00:00 0 
7fb988021000-7fb98c000000 ---p 00000000 00:00 0 
7fb98c000000-7fb98c021000 rw-p 00000000 00:00 0 
7fb98c021000-7fb990000000 ---p 00000000 00:00 0 
7fb990000000-7fb990021000 rw-p 00000000 00:00 0 
7fb990021000-7fb994000000 ---p 00000000 00:00 0 
7fb994000000-7fb994021000 rw-p 00000000 00:00 0 
7fb994021000-7fb998000000 ---p 00000000 00:00 0 
7fb998000000-7fb998400000 rw-p 00000000 00:00 0 
7fb998400000-7fb998480000 rw-p 00000000 00:00 0 
7fb998480000-7fb998500000 rw-p 00000000 00:00 0 
7fb998500000-7fb998800000 rw-p 00000000 00:00 0 
7fb998800000-7fb9988c0000 rw-p 00000000 00:00 0 
7fb9988c0000-7fb998900000 rw-p 00000000 00:00 0 
7fb998900000-7fb998b00000 rw-p 00000000 00:00 0 
7fb998b00000-7fb998c00000 rw-p 00000000 00:00 0 
7fb998c00000-7fb998e00000 rw-p 00000000 00:00 0 
7fb998e00000-7fb998fe0000 rw-p 00000000 00:00 0 
7fb998fe0000-7fb999100000 rw-p 00000000 00:00 0 
7fb999100000-7fb999900000 rw-p 00000000 00:00 0 
7fb999900000-7fb999a00000 rw-p 00000000 00:00 0 
7fb999a00000-7fb999b00000 rw-p 00000000 00:00 0 
7fb999b00000-7fb999c00000 rw-p 00000000 00:00 0 
7fb999c00000-7fb99a3c0000 rw-p 00000000 00:00 0 
7fb99a3c0000-7fb99a400000 rw-p 00000000 00:00 0 
7fb99a400000-7fb99a900000 rw-p 00000000 00:00 0 
7fb99a900000-7fb99a920000 rw-p 00000000 00:00 0 
7fb99a920000-7fb99c000000 ---p 00000000 00:00 0 
7fb99c000000-7fb99c021000 rw-p 00000000 00:00 0 
7fb99c021000-7fb9a0000000 ---p 00000000 00:00 0 
7fb9a0070000-7fb9a0074000 ---p 00000000 00:00 0 
7fb9a0074000-7fb9a0170000 rw-p 00000000 00:00 0 
7fb9a0170000-7fb9a0174000 ---p 00000000 00:00 0 
7fb9a0174000-7fb9a0270000 rw-p 00000000 00:00 0 
7fb9a0270000-7fb9a0274000 ---p 00000000 00:00 0 
7fb9a0274000-7fb9a0370000 rw-p 00000000 00:00 0 
7fb9a0370000-7fb9a0374000 ---p 00000000 00:00 0 
7fb9a0374000-7fb9a0470000 rw-p 00000000 00:00 0 
7fb9a0470000-7fb9a0474000 ---p 00000000 00:00 0 
7fb9a0474000-7fb9a0570000 rw-p 00000000 00:00 0 
7fb9a0570000-7fb9a0574000 ---p 00000000 00:00 0 
7fb9a0574000-7fb9a0670000 rw-p 00000000 00:00 0 
7fb9a0670000-7fb9a08e8000 r--p 00000000 07:01 186                        /snap/code/129/usr/lib/locale/aa_DJ.utf8/LC_COLLATE
7fb9a08e8000-7fb9a08ec000 ---p 00000000 00:00 0 
7fb9a08ec000-7fb9a09e8000 rw-p 00000000 00:00 0 
7fb9a09e8000-7fb9a09ec000 ---p 00000000 00:00 0 
7fb9a09ec000-7fb9a0ae8000 rw-p 00000000 00:00 0 
7fb9a0ae8000-7fb9a0ae9000 ---p 00000000 00:00 0 
7fb9a0ae9000-7fb9a2200000 rw-p 00000000 00:00 0 
7fb9a2200000-7fb9a2c10000 rwxp 00000000 00:00 0 
7fb9a2c10000-7fb9a9737000 ---p 00000000 00:00 0 
7fb9a9737000-7fb9a99a7000 rwxp 00000000 00:00 0 
7fb9a99a7000-7fb9a9cc9000 ---p 00000000 00:00 0 
7fb9a9cc9000-7fb9a9f79000 rwxp 00000000 00:00 0 
7fb9a9f79000-7fb9b1200000 ---p 00000000 00:00 0 
7fb9b1200000-7fb9b3e16000 r--s 00000000 103:07 1708848                   /home/lecasseur/.vscode/extensions/redhat.java-1.19.2023052404-linux-x64/jre/17.0.7-linux-x86_64/lib/modules
7fb9b3e89000-7fb9b3e8d000 ---p 00000000 00:00 0 
7fb9b3e8d000-7fb9b3eab000 rw-p 00000000 00:00 0 
7fb9b3eab000-7fb9b3eff000 r--p 00000000 07:01 187                        /snap/code/129/usr/lib/locale/aa_DJ.utf8/LC_CTYPE
7fb9b3eff000-7fb9b4000000 rw-p 00000000 00:00 0 
7fb9b4000000-7fb9b46ea000 rw-p 00000000 00:00 0 
7fb9b46ea000-7fb9b8000000 ---p 00000000 00:00 0 
7fb9b8017000-7fb9b803c000 r--p 00000000 103:07 154886                    /usr/share/locale-langpack/fr/LC_MESSAGES/libc.mo
7fb9b803c000-7fb9b8040000 r--p 00000000 103:07 1708846                   /home/lecasseur/.vscode/extensions/redhat.java-1.19.2023052404-linux-x64/jre/17.0.7-linux-x86_64/lib/libverify.so
7fb9b8040000-7fb9b8047000 r-xp 00004000 103:07 1708846                   /home/lecasseur/.vscode/extensions/redhat.java-1.19.2023052404-linux-x64/jre/17.0.7-linux-x86_64/lib/libverify.so
7fb9b8047000-7fb9b8049000 r--p 0000b000 103:07 1708846                   /home/lecasseur/.vscode/extensions/redhat.java-1.19.2023052404-linux-x64/jre/17.0.7-linux-x86_64/lib/libverify.so
7fb9b8049000-7fb9b804b000 r--p 0000c000 103:07 1708846                   /home/lecasseur/.vscode/extensions/redhat.java-1.19.2023052404-linux-x64/jre/17.0.7-linux-x86_64/lib/libverify.so
7fb9b804b000-7fb9b804c000 rw-p 0000e000 103:07 1708846                   /home/lecasseur/.vscode/extensions/redhat.java-1.19.2023052404-linux-x64/jre/17.0.7-linux-x86_64/lib/libverify.so
7fb9b804c000-7fb9ba6f3000 rw-p 00000000 00:00 0 
7fb9ba6f3000-7fb9ba827000 ---p 00000000 00:00 0 
7fb9ba827000-7fb9ba828000 ---p 00000000 00:00 0 
7fb9ba828000-7fb9ba94b000 rw-p 00000000 00:00 0 
7fb9ba94b000-7fb9baa7e000 ---p 00000000 00:00 0 
7fb9baa7e000-7fb9baa8c000 rw-p 00000000 00:00 0 
7fb9baa8c000-7fb9bab29000 ---p 00000000 00:00 0 
7fb9bab29000-7fb9bab30000 rw-p 00000000 00:00 0 
7fb9bab30000-7fb9bac15000 ---p 00000000 00:00 0 
7fb9bac15000-7fb9bac2a000 rw-p 00000000 00:00 0 
7fb9bac2a000-7fb9bad00000 ---p 00000000 00:00 0 
7fb9bad00000-7fb9bad04000 ---p 00000000 00:00 0 
7fb9bad04000-7fb9bae00000 rw-p 00000000 00:00 0 
7fb9bae00000-7fb9bb052000 r--p 00000000 103:07 1708858                   /home/lecasseur/.vscode/extensions/redhat.java-1.19.2023052404-linux-x64/jre/17.0.7-linux-x86_64/lib/server/libjvm.so
7fb9bb052000-7fb9bbd72000 r-xp 00252000 103:07 1708858                   /home/lecasseur/.vscode/extensions/redhat.java-1.19.2023052404-linux-x64/jre/17.0.7-linux-x86_64/lib/server/libjvm.so
7fb9bbd72000-7fb9bbffe000 r--p 00f72000 103:07 1708858                   /home/lecasseur/.vscode/extensions/redhat.java-1.19.2023052404-linux-x64/jre/17.0.7-linux-x86_64/lib/server/libjvm.so
7fb9bbffe000-7fb9bbfff000 ---p 011fe000 103:07 1708858                   /home/lecasseur/.vscode/extensions/redhat.java-1.19.2023052404-linux-x64/jre/17.0.7-linux-x86_64/lib/server/libjvm.so
7fb9bbfff000-7fb9bc0b8000 r--p 011fe000 103:07 1708858                   /home/lecasseur/.vscode/extensions/redhat.java-1.19.2023052404-linux-x64/jre/17.0.7-linux-x86_64/lib/server/libjvm.so
7fb9bc0b8000-7fb9bc0ed000 rw-p 012b7000 103:07 1708858                   /home/lecasseur/.vscode/extensions/redhat.java-1.19.2023052404-linux-x64/jre/17.0.7-linux-x86_64/lib/server/libjvm.so
7fb9bc0ed000-7fb9bc147000 rw-p 00000000 00:00 0 
7fb9bc14c000-7fb9bc150000 r--p 00000000 103:07 1708839                   /home/lecasseur/.vscode/extensions/redhat.java-1.19.2023052404-linux-x64/jre/17.0.7-linux-x86_64/lib/libnet.so
7fb9bc150000-7fb9bc15e000 r-xp 00004000 103:07 1708839                   /home/lecasseur/.vscode/extensions/redhat.java-1.19.2023052404-linux-x64/jre/17.0.7-linux-x86_64/lib/libnet.so
7fb9bc15e000-7fb9bc162000 r--p 00012000 103:07 1708839                   /home/lecasseur/.vscode/extensions/redhat.java-1.19.2023052404-linux-x64/jre/17.0.7-linux-x86_64/lib/libnet.so
7fb9bc162000-7fb9bc163000 r--p 00015000 103:07 1708839                   /home/lecasseur/.vscode/extensions/redhat.java-1.19.2023052404-linux-x64/jre/17.0.7-linux-x86_64/lib/libnet.so
7fb9bc163000-7fb9bc164000 rw-p 00016000 103:07 1708839                   /home/lecasseur/.vscode/extensions/redhat.java-1.19.2023052404-linux-x64/jre/17.0.7-linux-x86_64/lib/libnet.so
7fb9bc164000-7fb9bc200000 rw-p 00000000 00:00 0 
7fb9bc200000-7fb9bc228000 r--p 00000000 103:07 2773907                   /usr/lib/x86_64-linux-gnu/libc.so.6
7fb9bc228000-7fb9bc3bd000 r-xp 00028000 103:07 2773907                   /usr/lib/x86_64-linux-gnu/libc.so.6
7fb9bc3bd000-7fb9bc415000 r--p 001bd000 103:07 2773907                   /usr/lib/x86_64-linux-gnu/libc.so.6
7fb9bc415000-7fb9bc419000 r--p 00214000 103:07 2773907                   /usr/lib/x86_64-linux-gnu/libc.so.6
7fb9bc419000-7fb9bc41b000 rw-p 00218000 103:07 2773907                   /usr/lib/x86_64-linux-gnu/libc.so.6
7fb9bc41b000-7fb9bc428000 rw-p 00000000 00:00 0 
7fb9bc433000-7fb9bc43a000 r--p 00000000 103:07 1708840                   /home/lecasseur/.vscode/extensions/redhat.java-1.19.2023052404-linux-x64/jre/17.0.7-linux-x86_64/lib/libnio.so
7fb9bc43a000-7fb9bc443000 r-xp 00007000 103:07 1708840                   /home/lecasseur/.vscode/extensions/redhat.java-1.19.2023052404-linux-x64/jre/17.0.7-linux-x86_64/lib/libnio.so
7fb9bc443000-7fb9bc447000 r--p 00010000 103:07 1708840                   /home/lecasseur/.vscode/extensions/redhat.java-1.19.2023052404-linux-x64/jre/17.0.7-linux-x86_64/lib/libnio.so
7fb9bc447000-7fb9bc448000 ---p 00014000 103:07 1708840                   /home/lecasseur/.vscode/extensions/redhat.java-1.19.2023052404-linux-x64/jre/17.0.7-linux-x86_64/lib/libnio.so
7fb9bc448000-7fb9bc449000 r--p 00014000 103:07 1708840                   /home/lecasseur/.vscode/extensions/redhat.java-1.19.2023052404-linux-x64/jre/17.0.7-linux-x86_64/lib/libnio.so
7fb9bc449000-7fb9bc44a000 rw-p 00015000 103:07 1708840                   /home/lecasseur/.vscode/extensions/redhat.java-1.19.2023052404-linux-x64/jre/17.0.7-linux-x86_64/lib/libnio.so
7fb9bc44a000-7fb9bc44b000 r--p 00000000 07:01 1188                       /snap/code/129/usr/lib/locale/br_FR.utf8/LC_NUMERIC
7fb9bc44b000-7fb9bc44c000 r--p 00000000 07:01 3431                       /snap/code/129/usr/lib/locale/fr_FR.utf8/LC_TIME
7fb9bc44c000-7fb9bc44d000 r--p 00000000 07:01 1186                       /snap/code/129/usr/lib/locale/br_FR.utf8/LC_MONETARY
7fb9bc44d000-7fb9bc44e000 r--p 00000000 07:01 3369                       /snap/code/129/usr/lib/locale/fr_CA.utf8/LC_MESSAGES/SYS_LC_MESSAGES
7fb9bc44e000-7fb9bc44f000 r--p 00000000 07:01 195                        /snap/code/129/usr/lib/locale/aa_DJ.utf8/LC_PAPER
7fb9bc44f000-7fb9bc450000 r--p 00000000 07:01 1187                       /snap/code/129/usr/lib/locale/br_FR.utf8/LC_NAME
7fb9bc450000-7fb9bc451000 r--p 00000000 07:01 3167                       /snap/code/129/usr/lib/locale/eu_FR.utf8/LC_ADDRESS
7fb9bc451000-7fb9bc452000 r--p 00000000 07:01 1190                       /snap/code/129/usr/lib/locale/br_FR.utf8/LC_TELEPHONE
7fb9bc452000-7fb9bc453000 r--p 00000000 07:01 189                        /snap/code/129/usr/lib/locale/aa_DJ.utf8/LC_MEASUREMENT
7fb9bc453000-7fb9bc45a000 r--s 00000000 103:07 2776223                   /usr/lib/x86_64-linux-gnu/gconv/gconv-modules.cache
7fb9bc45a000-7fb9bc45c000 r--p 00000000 103:07 1708847                   /home/lecasseur/.vscode/extensions/redhat.java-1.19.2023052404-linux-x64/jre/17.0.7-linux-x86_64/lib/libzip.so
7fb9bc45c000-7fb9bc460000 r-xp 00002000 103:07 1708847                   /home/lecasseur/.vscode/extensions/redhat.java-1.19.2023052404-linux-x64/jre/17.0.7-linux-x86_64/lib/libzip.so
7fb9bc460000-7fb9bc462000 r--p 00006000 103:07 1708847                   /home/lecasseur/.vscode/extensions/redhat.java-1.19.2023052404-linux-x64/jre/17.0.7-linux-x86_64/lib/libzip.so
7fb9bc462000-7fb9bc463000 r--p 00007000 103:07 1708847                   /home/lecasseur/.vscode/extensions/redhat.java-1.19.2023052404-linux-x64/jre/17.0.7-linux-x86_64/lib/libzip.so
7fb9bc463000-7fb9bc464000 rw-p 00008000 103:07 1708847                   /home/lecasseur/.vscode/extensions/redhat.java-1.19.2023052404-linux-x64/jre/17.0.7-linux-x86_64/lib/libzip.so
7fb9bc464000-7fb9bc47d000 rw-p 00000000 00:00 0 
7fb9bc47d000-7fb9bc484000 ---p 00000000 00:00 0 
7fb9bc484000-7fb9bc48c000 rw-s 00000000 103:07 2665356                   /tmp/hsperfdata_lecasseur/466631
7fb9bc48c000-7fb9bc499000 r--p 00000000 103:07 1708826                   /home/lecasseur/.vscode/extensions/redhat.java-1.19.2023052404-linux-x64/jre/17.0.7-linux-x86_64/lib/libjava.so
7fb9bc499000-7fb9bc4ab000 r-xp 0000d000 103:07 1708826                   /home/lecasseur/.vscode/extensions/redhat.java-1.19.2023052404-linux-x64/jre/17.0.7-linux-x86_64/lib/libjava.so
7fb9bc4ab000-7fb9bc4b1000 r--p 0001f000 103:07 1708826                   /home/lecasseur/.vscode/extensions/redhat.java-1.19.2023052404-linux-x64/jre/17.0.7-linux-x86_64/lib/libjava.so
7fb9bc4b1000-7fb9bc4b2000 ---p 00025000 103:07 1708826                   /home/lecasseur/.vscode/extensions/redhat.java-1.19.2023052404-linux-x64/jre/17.0.7-linux-x86_64/lib/libjava.so
7fb9bc4b2000-7fb9bc4b3000 r--p 00025000 103:07 1708826                   /home/lecasseur/.vscode/extensions/redhat.java-1.19.2023052404-linux-x64/jre/17.0.7-linux-x86_64/lib/libjava.so
7fb9bc4b3000-7fb9bc4b4000 rw-p 00026000 103:07 1708826                   /home/lecasseur/.vscode/extensions/redhat.java-1.19.2023052404-linux-x64/jre/17.0.7-linux-x86_64/lib/libjava.so
7fb9bc4b4000-7fb9bc4b5000 rw-p 00000000 00:00 0 
7fb9bc4b5000-7fb9bc4b9000 r--p 00000000 103:07 1708830                   /home/lecasseur/.vscode/extensions/redhat.java-1.19.2023052404-linux-x64/jre/17.0.7-linux-x86_64/lib/libjimage.so
7fb9bc4b9000-7fb9bc4cc000 r-xp 00004000 103:07 1708830                   /home/lecasseur/.vscode/extensions/redhat.java-1.19.2023052404-linux-x64/jre/17.0.7-linux-x86_64/lib/libjimage.so
7fb9bc4cc000-7fb9bc4d2000 r--p 00017000 103:07 1708830                   /home/lecasseur/.vscode/extensions/redhat.java-1.19.2023052404-linux-x64/jre/17.0.7-linux-x86_64/lib/libjimage.so
7fb9bc4d2000-7fb9bc4d4000 r--p 0001c000 103:07 1708830                   /home/lecasseur/.vscode/extensions/redhat.java-1.19.2023052404-linux-x64/jre/17.0.7-linux-x86_64/lib/libjimage.so
7fb9bc4d4000-7fb9bc4d5000 rw-p 0001e000 103:07 1708830                   /home/lecasseur/.vscode/extensions/redhat.java-1.19.2023052404-linux-x64/jre/17.0.7-linux-x86_64/lib/libjimage.so
7fb9bc4d5000-7fb9bc4e3000 r--p 00000000 103:07 2774556                   /usr/lib/x86_64-linux-gnu/libm.so.6
7fb9bc4e3000-7fb9bc55f000 r-xp 0000e000 103:07 2774556                   /usr/lib/x86_64-linux-gnu/libm.so.6
7fb9bc55f000-7fb9bc5ba000 r--p 0008a000 103:07 2774556                   /usr/lib/x86_64-linux-gnu/libm.so.6
7fb9bc5ba000-7fb9bc5bb000 r--p 000e4000 103:07 2774556                   /usr/lib/x86_64-linux-gnu/libm.so.6
7fb9bc5bb000-7fb9bc5bc000 rw-p 000e5000 103:07 2774556                   /usr/lib/x86_64-linux-gnu/libm.so.6
7fb9bc5bc000-7fb9bc5bd000 r--p 00000000 103:07 2774878                   /usr/lib/x86_64-linux-gnu/librt.so.1
7fb9bc5bd000-7fb9bc5be000 r-xp 00001000 103:07 2774878                   /usr/lib/x86_64-linux-gnu/librt.so.1
7fb9bc5be000-7fb9bc5bf000 r--p 00002000 103:07 2774878                   /usr/lib/x86_64-linux-gnu/librt.so.1
7fb9bc5bf000-7fb9bc5c0000 r--p 00002000 103:07 2774878                   /usr/lib/x86_64-linux-gnu/librt.so.1
7fb9bc5c0000-7fb9bc5c1000 rw-p 00003000 103:07 2774878                   /usr/lib/x86_64-linux-gnu/librt.so.1
7fb9bc5c1000-7fb9bc5c5000 rw-p 00000000 00:00 0 
7fb9bc5c5000-7fb9bc5c6000 r--p 00000000 103:07 2774049                   /usr/lib/x86_64-linux-gnu/libdl.so.2
7fb9bc5c6000-7fb9bc5c7000 r-xp 00001000 103:07 2774049                   /usr/lib/x86_64-linux-gnu/libdl.so.2
7fb9bc5c7000-7fb9bc5c8000 r--p 00002000 103:07 2774049                   /usr/lib/x86_64-linux-gnu/libdl.so.2
7fb9bc5c8000-7fb9bc5c9000 r--p 00002000 103:07 2774049                   /usr/lib/x86_64-linux-gnu/libdl.so.2
7fb9bc5c9000-7fb9bc5ca000 rw-p 00003000 103:07 2774049                   /usr/lib/x86_64-linux-gnu/libdl.so.2
7fb9bc5ca000-7fb9bc5cb000 r--p 00000000 103:07 2774822                   /usr/lib/x86_64-linux-gnu/libpthread.so.0
7fb9bc5cb000-7fb9bc5cc000 r-xp 00001000 103:07 2774822                   /usr/lib/x86_64-linux-gnu/libpthread.so.0
7fb9bc5cc000-7fb9bc5cd000 r--p 00002000 103:07 2774822                   /usr/lib/x86_64-linux-gnu/libpthread.so.0
7fb9bc5cd000-7fb9bc5ce000 r--p 00002000 103:07 2774822                   /usr/lib/x86_64-linux-gnu/libpthread.so.0
7fb9bc5ce000-7fb9bc5cf000 rw-p 00003000 103:07 2774822                   /usr/lib/x86_64-linux-gnu/libpthread.so.0
7fb9bc5cf000-7fb9bc5d2000 r--p 00000000 103:07 1708831                   /home/lecasseur/.vscode/extensions/redhat.java-1.19.2023052404-linux-x64/jre/17.0.7-linux-x86_64/lib/libjli.so
7fb9bc5d2000-7fb9bc5dc000 r-xp 00003000 103:07 1708831                   /home/lecasseur/.vscode/extensions/redhat.java-1.19.2023052404-linux-x64/jre/17.0.7-linux-x86_64/lib/libjli.so
7fb9bc5dc000-7fb9bc5df000 r--p 0000d000 103:07 1708831                   /home/lecasseur/.vscode/extensions/redhat.java-1.19.2023052404-linux-x64/jre/17.0.7-linux-x86_64/lib/libjli.so
7fb9bc5df000-7fb9bc5e0000 ---p 00010000 103:07 1708831                   /home/lecasseur/.vscode/extensions/redhat.java-1.19.2023052404-linux-x64/jre/17.0.7-linux-x86_64/lib/libjli.so
7fb9bc5e0000-7fb9bc5e1000 r--p 00010000 103:07 1708831                   /home/lecasseur/.vscode/extensions/redhat.java-1.19.2023052404-linux-x64/jre/17.0.7-linux-x86_64/lib/libjli.so
7fb9bc5e1000-7fb9bc5e2000 rw-p 00011000 103:07 1708831                   /home/lecasseur/.vscode/extensions/redhat.java-1.19.2023052404-linux-x64/jre/17.0.7-linux-x86_64/lib/libjli.so
7fb9bc5e2000-7fb9bc5e4000 r--p 00000000 103:07 2775245                   /usr/lib/x86_64-linux-gnu/libz.so.1.2.11
7fb9bc5e4000-7fb9bc5f5000 r-xp 00002000 103:07 2775245                   /usr/lib/x86_64-linux-gnu/libz.so.1.2.11
7fb9bc5f5000-7fb9bc5fb000 r--p 00013000 103:07 2775245                   /usr/lib/x86_64-linux-gnu/libz.so.1.2.11
7fb9bc5fb000-7fb9bc5fc000 ---p 00019000 103:07 2775245                   /usr/lib/x86_64-linux-gnu/libz.so.1.2.11
7fb9bc5fc000-7fb9bc5fd000 r--p 00019000 103:07 2775245                   /usr/lib/x86_64-linux-gnu/libz.so.1.2.11
7fb9bc5fd000-7fb9bc5fe000 rw-p 0001a000 103:07 2775245                   /usr/lib/x86_64-linux-gnu/libz.so.1.2.11
7fb9bc5fe000-7fb9bc5ff000 r--p 00000000 07:01 3422                       /snap/code/129/usr/lib/locale/fr_FR.utf8/LC_IDENTIFICATION
7fb9bc5ff000-7fb9bc601000 r--p 00000000 103:07 1708821                   /home/lecasseur/.vscode/extensions/redhat.java-1.19.2023052404-linux-x64/jre/17.0.7-linux-x86_64/lib/libinstrument.so
7fb9bc601000-7fb9bc607000 r-xp 00002000 103:07 1708821                   /home/lecasseur/.vscode/extensions/redhat.java-1.19.2023052404-linux-x64/jre/17.0.7-linux-x86_64/lib/libinstrument.so
7fb9bc607000-7fb9bc60a000 r--p 00008000 103:07 1708821                   /home/lecasseur/.vscode/extensions/redhat.java-1.19.2023052404-linux-x64/jre/17.0.7-linux-x86_64/lib/libinstrument.so
7fb9bc60a000-7fb9bc60b000 r--p 0000a000 103:07 1708821                   /home/lecasseur/.vscode/extensions/redhat.java-1.19.2023052404-linux-x64/jre/17.0.7-linux-x86_64/lib/libinstrument.so
7fb9bc60b000-7fb9bc60c000 rw-p 0000b000 103:07 1708821                   /home/lecasseur/.vscode/extensions/redhat.java-1.19.2023052404-linux-x64/jre/17.0.7-linux-x86_64/lib/libinstrument.so
7fb9bc60c000-7fb9bc60d000 ---p 00000000 00:00 0 
7fb9bc60d000-7fb9bc60e000 r--p 00000000 00:00 0 
7fb9bc60e000-7fb9bc610000 rw-p 00000000 00:00 0 
7fb9bc610000-7fb9bc612000 r--p 00000000 103:07 2773567                   /usr/lib/x86_64-linux-gnu/ld-linux-x86-64.so.2
7fb9bc612000-7fb9bc63c000 r-xp 00002000 103:07 2773567                   /usr/lib/x86_64-linux-gnu/ld-linux-x86-64.so.2
7fb9bc63c000-7fb9bc647000 r--p 0002c000 103:07 2773567                   /usr/lib/x86_64-linux-gnu/ld-linux-x86-64.so.2
7fb9bc647000-7fb9bc648000 ---p 00000000 00:00 0 
7fb9bc648000-7fb9bc64a000 r--p 00037000 103:07 2773567                   /usr/lib/x86_64-linux-gnu/ld-linux-x86-64.so.2
7fb9bc64a000-7fb9bc64c000 rw-p 00039000 103:07 2773567                   /usr/lib/x86_64-linux-gnu/ld-linux-x86-64.so.2
7ffe1cff9000-7ffe1d01b000 rw-p 00000000 00:00 0                          [stack]
7ffe1d0b3000-7ffe1d0b7000 r--p 00000000 00:00 0                          [vvar]
7ffe1d0b7000-7ffe1d0b9000 r-xp 00000000 00:00 0                          [vdso]
ffffffffff600000-ffffffffff601000 --xp 00000000 00:00 0                  [vsyscall]


VM Arguments:
jvm_args: --add-modules=ALL-SYSTEM --add-opens=java.base/java.util=ALL-UNNAMED --add-opens=java.base/java.lang=ALL-UNNAMED --add-opens=java.base/sun.nio.fs=ALL-UNNAMED -Declipse.application=org.eclipse.jdt.ls.core.id1 -Dosgi.bundles.defaultStartLevel=4 -Declipse.product=org.eclipse.jdt.ls.core.product -Djava.import.generatesMetadataFilesAtProjectRoot=false -Dfile.encoding=utf8 -XX:+UseParallelGC -XX:GCTimeRatio=4 -XX:AdaptiveSizePolicyWeight=90 -Dsun.zip.disableMemoryMapping=true -Xmx1G -Xms100m -Xlog:disable -javaagent:/home/lecasseur/.vscode/extensions/redhat.java-1.19.2023052404-linux-x64/lombok/lombok-1.18.27.jar 
java_command: /home/lecasseur/.vscode/extensions/redhat.java-1.19.2023052404-linux-x64/server/plugins/org.eclipse.equinox.launcher_1.6.400.v20210924-0641.jar -configuration /home/lecasseur/.config/Code/User/globalStorage/redhat.java/1.19.2023052404/config_ss_linux -data /home/lecasseur/.config/Code/User/workspaceStorage/dee980160be4733bcd0456d2b147d4bb/redhat.java/ss_ws
java_class_path (initial): /home/lecasseur/.vscode/extensions/redhat.java-1.19.2023052404-linux-x64/server/plugins/org.eclipse.equinox.launcher_1.6.400.v20210924-0641.jar
Launcher Type: SUN_STANDARD

[Global flags]
    uintx AdaptiveSizePolicyWeight                 = 90                                        {product} {command line}
     intx CICompilerCount                          = 4                                         {product} {ergonomic}
    uintx GCTimeRatio                              = 4                                         {product} {command line}
   size_t InitialHeapSize                          = 104857600                                 {product} {command line}
   size_t MaxHeapSize                              = 1073741824                                {product} {command line}
   size_t MaxNewSize                               = 357564416                                 {product} {ergonomic}
   size_t MinHeapDeltaBytes                        = 524288                                    {product} {ergonomic}
   size_t MinHeapSize                              = 104857600                                 {product} {command line}
   size_t NewSize                                  = 34603008                                  {product} {ergonomic}
    uintx NonNMethodCodeHeapSize                   = 5839372                                {pd product} {ergonomic}
    uintx NonProfiledCodeHeapSize                  = 122909434                              {pd product} {ergonomic}
   size_t OldSize                                  = 70254592                                  {product} {ergonomic}
    uintx ProfiledCodeHeapSize                     = 122909434                              {pd product} {ergonomic}
    uintx ReservedCodeCacheSize                    = 251658240                              {pd product} {ergonomic}
     bool SegmentedCodeCache                       = true                                      {product} {ergonomic}
   size_t SoftMaxHeapSize                          = 1073741824                             {manageable} {ergonomic}
     bool UseCompressedClassPointers               = true                           {product lp64_product} {ergonomic}
     bool UseCompressedOops                        = true                           {product lp64_product} {ergonomic}
     bool UseParallelGC                            = true                                      {product} {command line}

Logging:
Log output configuration:
 #0: stdout all=off uptime,level,tags
 #1: stderr all=off uptime,level,tags

Environment Variables:
PATH=/home/lecasseur/.nvm/versions/node/v16.13.0/bin:/home/lecasseur/.cabal/bin:/home/lecasseur/.ghcup/bin:/usr/local/sbin:/usr/local/bin:/usr/sbin:/usr/bin:/sbin:/bin:/usr/games:/usr/local/games:/snap/bin:/snap/bin:/home/lecasseur/invite/node-v17.0.0-linux-x64/bin
USERNAME=lecasseur
SHELL=/bin/bash
DISPLAY=:1
LANG=fr_FR.UTF-8

Active Locale:
LC_ALL=fr_FR.UTF-8
LC_COLLATE=fr_FR.UTF-8
LC_CTYPE=fr_FR.UTF-8
LC_MESSAGES=fr_FR.UTF-8
LC_MONETARY=fr_FR.UTF-8
LC_NUMERIC=fr_FR.UTF-8
LC_TIME=fr_FR.UTF-8

Signal Handlers:
   SIGSEGV: crash_handler in libjvm.so, mask=11100100010111111101111111111110, flags=SA_RESTART|SA_SIGINFO, unblocked
    SIGBUS: crash_handler in libjvm.so, mask=11100100010111111101111111111110, flags=SA_RESTART|SA_SIGINFO, unblocked
    SIGFPE: crash_handler in libjvm.so, mask=11100100010111111101111111111110, flags=SA_RESTART|SA_SIGINFO, unblocked
   SIGPIPE: javaSignalHandler in libjvm.so, mask=11100100010111111101111111111110, flags=SA_RESTART|SA_SIGINFO, blocked
   SIGXFSZ: javaSignalHandler in libjvm.so, mask=11100100010111111101111111111110, flags=SA_RESTART|SA_SIGINFO, blocked
    SIGILL: crash_handler in libjvm.so, mask=11100100010111111101111111111110, flags=SA_RESTART|SA_SIGINFO, unblocked
   SIGUSR2: SR_handler in libjvm.so, mask=00000000000000000000000000000000, flags=SA_RESTART|SA_SIGINFO, blocked
    SIGHUP: UserHandler in libjvm.so, mask=11100100010111111101111111111110, flags=SA_RESTART|SA_SIGINFO, blocked
    SIGINT: UserHandler in libjvm.so, mask=11100100010111111101111111111110, flags=SA_RESTART|SA_SIGINFO, blocked
   SIGTERM: UserHandler in libjvm.so, mask=11100100010111111101111111111110, flags=SA_RESTART|SA_SIGINFO, blocked
   SIGQUIT: UserHandler in libjvm.so, mask=11100100010111111101111111111110, flags=SA_RESTART|SA_SIGINFO, blocked
   SIGTRAP: crash_handler in libjvm.so, mask=11100100010111111101111111111110, flags=SA_RESTART|SA_SIGINFO, unblocked


---------------  S Y S T E M  ---------------

OS:
DISTRIB_ID=Ubuntu
DISTRIB_RELEASE=22.04
DISTRIB_CODENAME=jammy
DISTRIB_DESCRIPTION="Ubuntu 22.04.2 LTS"
uname: Linux 5.19.0-41-generic #42~22.04.1-Ubuntu SMP PREEMPT_DYNAMIC Tue Apr 18 17:40:00 UTC 2 x86_64
OS uptime: 1 days 22:30 hours
libc: glibc 2.35 NPTL 2.35 
rlimit (soft/hard): STACK 8192k/infinity , CORE 0k/infinity , NPROC 62656/62656 , NOFILE 1048576/1048576 , AS infinity/infinity , CPU infinity/infinity , DATA infinity/infinity , FSIZE infinity/infinity , MEMLOCK 2014956k/2014956k
load average: 3,86 2,63 1,68

/proc/meminfo:
MemTotal:       16119664 kB
MemFree:         5255312 kB
MemAvailable:   11692648 kB
Buffers:          361024 kB
Cached:          6678312 kB
SwapCached:           36 kB
Active:          5313548 kB
Inactive:        4477888 kB
Active(anon):     152532 kB
Inactive(anon):  3200592 kB
Active(file):    5161016 kB
Inactive(file):  1277296 kB
Unevictable:      236232 kB
Mlocked:              64 kB
SwapTotal:       2097148 kB
SwapFree:        2095020 kB
Zswap:                 0 kB
Zswapped:              0 kB
Dirty:              2144 kB
Writeback:             0 kB
AnonPages:       2987920 kB
Mapped:          1050500 kB
Shmem:            606608 kB
KReclaimable:     338752 kB
Slab:             575704 kB
SReclaimable:     338752 kB
SUnreclaim:       236952 kB
KernelStack:       17072 kB
PageTables:        36252 kB
NFS_Unstable:          0 kB
Bounce:                0 kB
WritebackTmp:          0 kB
CommitLimit:    10156980 kB
Committed_AS:    9866412 kB
VmallocTotal:   34359738367 kB
VmallocUsed:      139852 kB
VmallocChunk:          0 kB
Percpu:            10528 kB
HardwareCorrupted:     0 kB
AnonHugePages:         0 kB
ShmemHugePages:        0 kB
ShmemPmdMapped:        0 kB
FileHugePages:         0 kB
FilePmdMapped:         0 kB
HugePages_Total:       0
HugePages_Free:        0
HugePages_Rsvd:        0
HugePages_Surp:        0
Hugepagesize:       2048 kB
Hugetlb:               0 kB
DirectMap4k:      803000 kB
DirectMap2M:    14659584 kB
DirectMap1G:     1048576 kB

/sys/kernel/mm/transparent_hugepage/enabled: always [madvise] never
/sys/kernel/mm/transparent_hugepage/defrag (defrag/compaction efforts parameter): always defer defer+madvise [madvise] never

Process Memory:
Virtual Size: 5405808K (peak: 5405808K)
Resident Set Size: 256748K (peak: 256748K) (anon: 223696K, file: 33052K, shmem: 0K)
Swapped out: 0K
C-Heap outstanding allocations: 100893K, retained: 36998K
glibc malloc tunables: (default)

/proc/sys/kernel/threads-max (system-wide limit on the number of threads): 125313
/proc/sys/vm/max_map_count (maximum number of memory map areas a process may have): 65530
/proc/sys/kernel/pid_max (system-wide limit on number of process identifiers): 4194304

container (cgroup) information:
container_type: cgroupv2
cpu_cpuset_cpus: not supported
cpu_memory_nodes: not supported
active_processor_count: 8
cpu_quota: not supported
cpu_period: not supported
cpu_shares: not supported
memory_limit_in_bytes: unlimited
memory_and_swap_limit_in_bytes: unlimited
memory_soft_limit_in_bytes: unlimited
memory_usage_in_bytes: 1595044 k
memory_max_usage_in_bytes: not supported
memory_swap_current_in_bytes: unlimited
memory_swap_max_limit_in_bytes: unlimited
maximum number of tasks: 18796
current number of tasks: 272

Steal ticks since vm start: 0
Steal ticks percentage since vm start:  0,000

CPU: total 8 (initial active 8) (4 cores per cpu, 2 threads per core) family 6 model 142 stepping 12 microcode 0xf4, cx8, cmov, fxsr, ht, mmx, 3dnowpref, sse, sse2, sse3, ssse3, sse4.1, sse4.2, popcnt, lzcnt, tsc, tscinvbit, avx, avx2, aes, erms, clmul, bmi1, bmi2, adx, fma, vzeroupper, clflush, clflushopt
CPU Model and flags from /proc/cpuinfo:
model name	: Intel(R) Core(TM) i7-10510U CPU @ 1.80GHz
flags		: fpu vme de pse tsc msr pae mce cx8 apic sep mtrr pge mca cmov pat pse36 clflush dts acpi mmx fxsr sse sse2 ss ht tm pbe syscall nx pdpe1gb rdtscp lm constant_tsc art arch_perfmon pebs bts rep_good nopl xtopology nonstop_tsc cpuid aperfmperf pni pclmulqdq dtes64 monitor ds_cpl vmx est tm2 ssse3 sdbg fma cx16 xtpr pdcm pcid sse4_1 sse4_2 x2apic movbe popcnt tsc_deadline_timer aes xsave avx f16c rdrand lahf_lm abm 3dnowprefetch cpuid_fault epb invpcid_single ssbd ibrs ibpb stibp ibrs_enhanced tpr_shadow vnmi flexpriority ept vpid ept_ad fsgsbase tsc_adjust sgx bmi1 avx2 smep bmi2 erms invpcid mpx rdseed adx smap clflushopt intel_pt xsaveopt xsavec xgetbv1 xsaves dtherm ida arat pln pts hwp hwp_notify hwp_act_window hwp_epp md_clear flush_l1d arch_capabilities

Online cpus: 0-7
Offline cpus: 
BIOS frequency limitation: <Not Available>
Frequency switch latency (ns): 0
Available cpu frequencies: <Not Available>
Current governor: powersave
Core performance/turbo boost: <Not Available>

Memory: 4k page, physical 16119664k(5254808k free), swap 2097148k(2095020k free)
Page Sizes: 4k

vm_info: OpenJDK 64-Bit Server VM (17.0.7+7) for linux-amd64 JRE (17.0.7+7), built on Apr 18 2023 00:00:00 by "temurin" with gcc 10.3.0

END.
